#
# There is insufficient memory for the Java Runtime Environment to continue.
# Native memory allocation (mmap) failed to map 266338304 bytes for G1 virtual space
# Possible reasons:
#   The system is out of physical RAM or swap space
#   The process is running with CompressedOops enabled, and the Java Heap may be blocking the growth of the native heap
# Possible solutions:
#   Reduce memory load on the system
#   Increase physical memory or swap space
#   Check if swap backing store is full
#   Decrease Java heap size (-Xmx/-Xms)
#   Decrease number of Java threads
#   Decrease Java thread stack sizes (-Xss)
#   Set larger code cache with -XX:ReservedCodeCacheSize=
#   JVM is running with Zero Based Compressed Oops mode in which the Java heap is
#     placed in the first 32GB address space. The Java Heap base address is the
#     maximum limit for the native heap growth. Please use -XX:HeapBaseMinAddress
#     to set the Java Heap base and to place the Java Heap above 32GB virtual address.
# This output file may be truncated or incomplete.
#
#  Out of Memory Error (os_windows.cpp:3530), pid=9816, tid=15556
#
# JRE version:  (18.0.2.1+1) (build )
# Java VM: Java HotSpot(TM) 64-Bit Server VM (18.0.2.1+1-1, mixed mode, emulated-client, sharing, tiered, compressed oops, compressed class ptrs, g1 gc, windows-amd64)
# No core dump will be written. Minidumps are not enabled by default on client versions of Windows
#

---------------  S U M M A R Y ------------

Command Line: -XX:TieredStopAtLevel=1 -Dspring.output.ansi.enabled=always -Dcom.sun.management.jmxremote -Dspring.jmx.enabled=true -Dspring.liveBeansView.mbeanDomain -Dspring.application.admin.enabled=true -Dmanagement.endpoints.jmx.exposure.include=* -javaagent:G:\IntelliJ IDEA 2024.2.4\lib\idea_rt.jar=53352:G:\IntelliJ IDEA 2024.2.4\bin -Dfile.encoding=UTF-8 -Dsun.stdout.encoding=UTF-8 -Dsun.stderr.encoding=UTF-8 com.ouc.aamanagement.AAManagement

Host: Intel(R) Core(TM) i5-8300H CPU @ 2.30GHz, 8 cores, 15G,  Windows 10 , 64 bit Build 19041 (10.0.19041.5438)
Time: Thu Apr 10 14:18:08 2025  Windows 10 , 64 bit Build 19041 (10.0.19041.5438) elapsed time: 0.076312 seconds (0d 0h 0m 0s)

---------------  T H R E A D  ---------------

Current thread (0x000002266260d5f0):  JavaThread "Unknown thread" [_thread_in_vm, id=15556, stack(0x00000082b6600000,0x00000082b6700000)]

Stack: [0x00000082b6600000,0x00000082b6700000]
Native frames: (J=compiled Java code, j=interpreted, Vv=VM code, C=native code)
V  [jvm.dll+0x6993aa]
V  [jvm.dll+0x7f46dd]
V  [jvm.dll+0x7f5fee]
V  [jvm.dll+0x7f66a3]
V  [jvm.dll+0x25cf1f]
V  [jvm.dll+0x6962f9]
V  [jvm.dll+0x68ae2a]
V  [jvm.dll+0x32255b]
V  [jvm.dll+0x329f36]
V  [jvm.dll+0x37eade]
V  [jvm.dll+0x37ed0f]
V  [jvm.dll+0x2fa2da]
V  [jvm.dll+0x2fb33d]
V  [jvm.dll+0x7c3310]
V  [jvm.dll+0x38be61]
V  [jvm.dll+0x7a2023]
V  [jvm.dll+0x40dc3f]
V  [jvm.dll+0x40f611]
C  [jli.dll+0x526b]
C  [ucrtbase.dll+0x21bb2]
C  [KERNEL32.DLL+0x17374]
C  [ntdll.dll+0x4cc91]


---------------  P R O C E S S  ---------------

Threads class SMR info:
_java_thread_list=0x00007ffb81f8e550, length=0, elements={
}

Java Threads: ( => current thread )

Other Threads:
  0x0000022662681630 WorkerThread "GC Thread#0" [stack: 0x00000082b6700000,0x00000082b6800000] [id=13264]
  0x00000226772e7f60 ConcurrentGCThread "G1 Main Marker" [stack: 0x00000082b6800000,0x00000082b6900000] [id=14692]
  0x00000226772e8c30 WorkerThread "G1 Conc#0" [stack: 0x00000082b6900000,0x00000082b6a00000] [id=3356]

[error occurred during error reporting (printing all threads), id 0xc0000005, EXCEPTION_ACCESS_VIOLATION (0xc0000005) at pc=0x00007ffb817ba877]

VM state: not at safepoint (not fully initialized)

VM Mutex/Monitor currently owned by a thread:  ([mutex/lock_event])
[0x00000226626090b0] Heap_lock - owner thread: 0x000002266260d5f0

Heap address: 0x0000000702600000, size: 4058 MB, Compressed Oops mode: Zero based, Oop shift amount: 3

CDS archive(s) mapped at: [0x0000000000000000-0x0000000000000000-0x0000000000000000), size 0, SharedBaseAddress: 0x0000000800000000, ArchiveRelocationMode: 0.
Narrow klass base: 0x0000000000000000, Narrow klass shift: 0, Narrow klass range: 0x0

GC Precious Log:
 CardTable entry size: 512
 Card Set container configuration: InlinePtr #cards 4 size 8 Array Of Cards #cards 16 size 48 Howl #buckets 8 coarsen threshold 3686 Howl Bitmap #cards 512 size 80 coarsen threshold 460 Card regions per heap region 1 cards per card region 4096

Heap:
 garbage-first heap   total 0K, used 0K [0x0000000702600000, 0x0000000800000000)
  region size 2048K, 0 young (0K), 0 survivors (0K)

[error occurred during error reporting (printing heap information), id 0xc0000005, EXCEPTION_ACCESS_VIOLATION (0xc0000005) at pc=0x00007ffb81ba1839]

GC Heap History (0 events):
No events

Deoptimization events (0 events):
No events

Classes loaded (0 events):
No events

Classes unloaded (0 events):
No events

Classes redefined (0 events):
No events

Internal exceptions (0 events):
No events

VM Operations (0 events):
No events

Events (1 events):
Event: 0.030 Loaded shared library F:\java\bin\java.dll


Dynamic libraries:
0x00007ff651d60000 - 0x00007ff651d70000 	F:\java\bin\java.exe
0x00007ffbaf8b0000 - 0x00007ffbafaa8000 	C:\Windows\SYSTEM32\ntdll.dll
0x00007ffbad8d0000 - 0x00007ffbad992000 	C:\Windows\System32\KERNEL32.DLL
0x00007ffbad0f0000 - 0x00007ffbad3ef000 	C:\Windows\System32\KERNELBASE.dll
0x00007ffbad730000 - 0x00007ffbad830000 	C:\Windows\System32\ucrtbase.dll
0x00007ffba2550000 - 0x00007ffba2568000 	F:\java\bin\jli.dll
0x00007ffba2530000 - 0x00007ffba254a000 	F:\java\bin\VCRUNTIME140.dll
0x00007ffbadda0000 - 0x00007ffbade4f000 	C:\Windows\System32\ADVAPI32.dll
0x00007ffbae690000 - 0x00007ffbae72e000 	C:\Windows\System32\msvcrt.dll
0x00007ffbae510000 - 0x00007ffbae5af000 	C:\Windows\System32\sechost.dll
0x00007ffbae3e0000 - 0x00007ffbae503000 	C:\Windows\System32\RPCRT4.dll
0x00007ffbad5a0000 - 0x00007ffbad5c7000 	C:\Windows\System32\bcrypt.dll
0x00007ffbade50000 - 0x00007ffbadfed000 	C:\Windows\System32\USER32.dll
0x00007ffbad8a0000 - 0x00007ffbad8c2000 	C:\Windows\System32\win32u.dll
0x00007ffbae3b0000 - 0x00007ffbae3db000 	C:\Windows\System32\GDI32.dll
0x00007ffb99680000 - 0x00007ffb9991a000 	C:\Windows\WinSxS\amd64_microsoft.windows.common-controls_6595b64144ccf1df_6.0.19041.4355_none_60b8b9eb71f62e16\COMCTL32.dll
0x00007ffbad3f0000 - 0x00007ffbad50a000 	C:\Windows\System32\gdi32full.dll
0x00007ffbacf50000 - 0x00007ffbacfed000 	C:\Windows\System32\msvcp_win.dll
0x00007ffbaca60000 - 0x00007ffbaca6a000 	C:\Windows\SYSTEM32\VERSION.dll
0x00007ffbadff0000 - 0x00007ffbae01f000 	C:\Windows\System32\IMM32.DLL
0x0000000064f00000 - 0x0000000064f0d000 	C:\Program Files (x86)\360\360Safe\safemon\SafeWrapper.dll
0x00007ffb994f0000 - 0x00007ffb995f5000 	C:\Program Files (x86)\360\360Safe\safemon\libzdtp64.dll
0x00007ffbaebb0000 - 0x00007ffbaf31d000 	C:\Windows\System32\SHELL32.dll
0x00007ffbae040000 - 0x00007ffbae095000 	C:\Windows\System32\SHLWAPI.dll
0x00007ffbaa2e0000 - 0x00007ffbaa2ec000 	F:\java\bin\vcruntime140_1.dll
0x00007ffba2460000 - 0x00007ffba24ed000 	F:\java\bin\msvcp140.dll
0x00007ffb814b0000 - 0x00007ffb820c1000 	F:\java\bin\server\jvm.dll
0x00007ffbae2f0000 - 0x00007ffbae2f8000 	C:\Windows\System32\PSAPI.DLL
0x00007ffb7f7a0000 - 0x00007ffb7f7a9000 	C:\Windows\SYSTEM32\WSOCK32.dll
0x00007ffb95270000 - 0x00007ffb95297000 	C:\Windows\SYSTEM32\WINMM.dll
0x00007ffbaf680000 - 0x00007ffbaf6eb000 	C:\Windows\System32\WS2_32.dll
0x00007ffbaad50000 - 0x00007ffbaad62000 	C:\Windows\SYSTEM32\kernel.appcore.dll
0x00007ffba62b0000 - 0x00007ffba62ba000 	F:\java\bin\jimage.dll
0x00007ffb9cea0000 - 0x00007ffb9d084000 	C:\Windows\SYSTEM32\DBGHELP.DLL
0x00007ffb8c3b0000 - 0x00007ffb8c3e4000 	C:\Windows\SYSTEM32\dbgcore.DLL
0x00007ffbad510000 - 0x00007ffbad592000 	C:\Windows\System32\bcryptPrimitives.dll
0x00007ffba2600000 - 0x00007ffba260e000 	F:\java\bin\instrument.dll
0x00007ffba2430000 - 0x00007ffba2455000 	F:\java\bin\java.dll

dbghelp: loaded successfully - version: 4.0.5 - missing functions: none
symbol engine: initialized successfully - sym options: 0x614 - pdb path: .;F:\java\bin;C:\Windows\SYSTEM32;C:\Windows\WinSxS\amd64_microsoft.windows.common-controls_6595b64144ccf1df_6.0.19041.4355_none_60b8b9eb71f62e16;C:\Program Files (x86)\360\360Safe\safemon;F:\java\bin\server

VM Arguments:
jvm_args: -XX:TieredStopAtLevel=1 -Dspring.output.ansi.enabled=always -Dcom.sun.management.jmxremote -Dspring.jmx.enabled=true -Dspring.liveBeansView.mbeanDomain -Dspring.application.admin.enabled=true -Dmanagement.endpoints.jmx.exposure.include=* -javaagent:G:\IntelliJ IDEA 2024.2.4\lib\idea_rt.jar=53352:G:\IntelliJ IDEA 2024.2.4\bin -Dfile.encoding=UTF-8 -Dsun.stdout.encoding=UTF-8 -Dsun.stderr.encoding=UTF-8 
java_command: com.ouc.aamanagement.AAManagement
java_class_path (initial): F:\test1\Academic_Affairs_Management\target\classes;C:\Users\Administrator\.m2\repository\org\springframework\boot\spring-boot-starter\2.4.5\spring-boot-starter-2.4.5.jar;C:\Users\Administrator\.m2\repository\org\springframework\boot\spring-boot\2.4.5\spring-boot-2.4.5.jar;C:\Users\Administrator\.m2\repository\org\springframework\spring-context\5.3.6\spring-context-5.3.6.jar;C:\Users\Administrator\.m2\repository\org\springframework\boot\spring-boot-autoconfigure\2.4.5\spring-boot-autoconfigure-2.4.5.jar;C:\Users\Administrator\.m2\repository\org\springframework\boot\spring-boot-starter-logging\2.4.5\spring-boot-starter-logging-2.4.5.jar;C:\Users\Administrator\.m2\repository\ch\qos\logback\logback-classic\1.2.3\logback-classic-1.2.3.jar;C:\Users\Administrator\.m2\repository\ch\qos\logback\logback-core\1.2.3\logback-core-1.2.3.jar;C:\Users\Administrator\.m2\repository\org\apache\logging\log4j\log4j-to-slf4j\2.13.3\log4j-to-slf4j-2.13.3.jar;C:\Users\Administrator\.m2\repository\org\slf4j\jul-to-slf4j\1.7.30\jul-to-slf4j-1.7.30.jar;C:\Users\Administrator\.m2\repository\jakarta\annotation\jakarta.annotation-api\1.3.5\jakarta.annotation-api-1.3.5.jar;C:\Users\Administrator\.m2\repository\org\springframework\spring-core\5.3.6\spring-core-5.3.6.jar;C:\Users\Administrator\.m2\repository\org\springframework\spring-jcl\5.3.6\spring-jcl-5.3.6.jar;C:\Users\Administrator\.m2\repository\org\yaml\snakeyaml\1.27\snakeyaml-1.27.jar;C:\Users\Administrator\.m2\repository\org\mindrot\jbcrypt\0.4\jbcrypt-0.4.jar;C:\Users\Administrator\.m2\repository\com\documents4j\documents4j-local\1.1.3\documents4j-local-1.1.3.jar;C:\Users\Administrator\.m2\repository\com\documents4j\documents4j-api\1.1.3\documents4j-api-1.1.3.jar;C:\Users\Administrator\.m2\repository\com\documents4j\documents4j-transformer\1.1.3\documents4j-transformer-1.1.3.jar;C:\Users\Administrator\.m2\repository\com\documents4j\documents4j-util-conversion\1.1.3\documents4j-util-conversion-1.1.3.jar;C:\Users\Administrator\.m2\repository\javax\activation\activation\1.1.1\activation-1.1.1.jar;C:\Users\Administrator\.m2\repository\com\google\guava\guava\28.1-jre\guava-28.1-jre.jar;C:\Users\Administrator\.m2\repository\com\google\guava\failureaccess\1.0.1\failureaccess-1.0.1.jar;C:\Users\Administrator\.m2\repository\com\google\guava\listenablefuture\9999.0-empty-to-avoid-conflict-with-guava\listenablefuture-9999.0-empty-to-avoid-conflict-with-guava.jar;C:\Users\Administrator\.m2\repository\com\google\code\findbugs\jsr305\3.0.2\jsr305-3.0.2.jar;C:\Users\Administrator\.m2\repository\com\google\j2objc\j2objc-annotations\1.3\j2objc-annotations-1.3.jar;C:\Users\Administrator\.m2\repository\org\codehaus\mojo\animal-sniffer-annotations\1.18\animal-sniffer-annotations-1.18.jar;C:\Users\Administrator\.m2\repository\org\zeroturnaround\zt-exec\1.11\zt-exec-1.11.jar;C:\Users\Administrator\.m2\repository\org\slf4j\slf4j-api\1.7.30\slf4j-api-1.7.30.jar;C:\Users\Administrator\.m2\repository\org\docx4j\docx4j-core\11.4.7\docx4j-core-11.4.7.jar;C:\Users\Administrator\.m2\repository\org\docx4j\docx4j-openxml-objects\11.4.7\docx4j-openxml-objects-11.4.7.jar;C:\Users\Administrator\.m2\repository\org\docx4j\docx4j-openxml-objects-pml\11.4.7\docx4j-openxml-objects-pml-11.4.7.jar;C:\Users\Administrator\.m2\repository\org\docx4j\docx4j-openxml-objects-sml\11.4.7\docx4j-openxml-objects-sml-11.4.7.jar;C:\Users\Administrator\.m2\repository\org\plutext\jaxb-svg11\11.4.0\jaxb-svg11-11.4.0.jar;C:\Users\Administrator\.m2\repository\net\engio\mbassador\1.3.2\mbassador-1.3.2.jar;C:\Users\Administrator\.m2\repository\org\slf4j\jcl-over-slf4j\1.7.30\jcl-over-slf4j-1.7.30.jar;C:\Users\Administrator\.m2\repository\org\apache\commons\commons-lang3\3.11\commons-lang3-3.11.jar;C:\Users\Administrator\.m2\repository\org\apache\commons\commons-compress\1.21\commons-compress-1.21.jar;C:\Users\Administrator\.m2\repository\commons-codec\commons-codec\1.15\commons-codec-1.15.jar;C:\Users\Administrator\.m2\repository\org\apache\xmlgraphics\xmlgraphics-commons\2.7\xmlgraphics-commons-2.7.jar;C:\Users\Administrator\.m2\repository\org\docx4j\org\apache\xalan-interpretive\11.0.0\xalan-interpretive-11.0.0.jar;C:\Users\Administrator\.m2\repository\org\docx4j\org\apache\xalan-serializer\11.0.0\xalan-serializer-11.0.0.jar;C:\Users\Administrator\.m2\repository\net\arnx\wmf2svg\0.9.8\wmf2svg-0.9.8.jar;C:\Users\Administrator\.m2\repository\org\antlr\antlr-runtime\3.5.2\antlr-runtime-3.5.2.jar;C:\Users\Administrator\.m2\repository\org\antlr\stringtemplate\3.2.1\stringtemplate-3.2.1.jar;C:\Users\Administrator\.m2\repository\antlr\antlr\2.7.7\antlr-2.7.7.jar;C:\Users\Administrator\.m2\repository\org\checkerframework\checker-qual\2.8.1\checker-qual-2.8.1.jar;C:\Users\Administrator\.m2\repository\com\google\errorprone\error_prone_annotations\2.3.3\error_prone_annotations-2.3.3.jar;C:\Users\Administrator\.m2\repository\org\apache\pdfbox\fontbox\2.0.24\fontbox-2.0.24.jar;C:\Users\Administrator\.m2\repository\com\thoughtworks\qdox\qdox\1.12\qdox-1.12.jar;C:\Users\Administrator\.m2\repository\jakarta\xml\bind\jakarta.xml.bind-api\2.3.3\jakarta.xml.bind-api-2.3.3.jar;C:\Users\Administrator\.m2\repository\jakarta\activation\jakarta.activation-api\1.2.2\jakarta.activation-api-1.2.2.jar;C:\Users\Administrator\.m2\repository\org\docx4j\docx4j-export-fo\11.4.7\docx4j-export-fo-11.4.7.jar;C:\Users\Administrator\.m2\repository\org\plutext\jaxb-xslfo\11.4.0\jaxb-xslfo-11.4.0.jar;C:\Users\Administrator\.m2\repository\org\apache\xmlgraphics\fop\2.7\fop-2.7.jar;C:\Users\Administrator\.m2\repository\org\apache\xmlgraphics\fop-util\2.7\fop-util-2.7.jar;C:\Users\Administrator\.m2\repository\org\apache\xmlgraphics\fop-events\2.7\fop-events-2.7.jar;C:\Users\Administrator\.m2\repository\org\apache\xmlgraphics\fop-core\2.7\fop-core-2.7.jar;C:\Users\Administrator\.m2\repository\org\apache\xmlgraphics\batik-anim\1.14\batik-anim-1.14.jar;C:\Users\Administrator\.m2\repository\org\apache\xmlgraphics\batik-css\1.14\batik-css-1.14.jar;C:\Users\Administrator\.m2\repository\org\apache\xmlgraphics\batik-dom\1.14\batik-dom-1.14.jar;C:\Users\Administrator\.m2\repository\org\apache\xmlgraphics\batik-ext\1.14\batik-ext-1.14.jar;C:\Users\Administrator\.m2\repository\org\apache\xmlgraphics\batik-parser\1.14\batik-parser-1.14.jar;C:\Users\Administrator\.m2\repository\org\apache\xmlgraphics\batik-shared-resources\1.14\batik-shared-resources-1.14.jar;C:\Users\Administrator\.m2\repository\org\apache\xmlgraphics\batik-svg-dom\1.14\batik-svg-dom-1.14.jar;C:\Users\Administrator\.m2\repository\org\apache\xmlgraphics\batik-util\1.14\batik-util-1.14.jar;C:\Users\Administrator\.m2\repository\org\apache\xmlgraphics\batik-constants\1.14\batik-constants-1.14.jar;C:\Users\Administrator\.m2\repository\org\apache\xmlgraphics\batik-i18n\1.14\batik-i18n-1.14.jar;C:\Users\Administrator\.m2\repository\org\apache\xmlgraphics\batik-awt-util\1.14\batik-awt-util-1.14.jar;C:\Users\Administrator\.m2\repository\org\apache\xmlgraphics\batik-bridge\1.14\batik-bridge-1.14.jar;C:\Users\Administrator\.m2\repository\org\apache\xmlgraphics\batik-script\1.14\batik-script-1.14.jar;C:\Users\Administrator\.m2\repository\org\apache\xmlgraphics\batik-xml\1.14\batik-xml-1.14.jar;C:\Users\Administrator\.m2\repository\org\apache\xmlgraphics\batik-extension\1.14\batik-extension-1.14.jar;C:\Users\Administrator\.m2\repository\org\apache\xmlgraphics\batik-gvt\1.14\batik-gvt-1.14.jar;C:\Users\Administrator\.m2\repository\org\apache\xmlgraphics\batik-transcoder\1.14\batik-transcoder-1.14.jar;C:\Users\Administrator\.m2\repository\org\apache\xmlgraphics\batik-svggen\1.14\batik-svggen-1.14.jar;C:\Users\Administrator\.m2\repository\org\springframework\boot\spring-boot-starter-web\2.4.5\spring-boot-starter-web-2.4.5.jar;C:\Users\Administrator\.m2\repository\org\springframework\boot\spring-boot-starter-json\2.4.5\spring-boot-starter-json-2.4.5.jar;C:\Users\Administrator\.m2\repository\com\fasterxml\jackson\core\jackson-databind\2.11.4\jackson-databind-2.11.4.jar;C:\Users\Administrator\.m2\repository\com\fasterxml\jackson\core\jackson-annotations\2.11.4\jackson-annotations-2.11.4.jar;C:\Users\Administrator\.m2\repository\com\fasterxml\jackson\core\jackson-core\2.11.4\jackson-core-2.11.4.jar;C:\Users\Administrator\.m2\repository\com\fasterxml\jackson\datatype\jackson-datatype-jdk8\2.11.4\jackson-datatype-jdk8-2.11.4.jar;C:\Users\Administrator\.m2\repository\com\fasterxml\jackson\datatype\jackson-datatype-jsr310\2.11.4\jackson-datatype-jsr310-2.11.4.jar;C:\Users\Administrator\.m2\repository\com\fasterxml\jackson\module\jackson-module-parameter-names\2.11.4\jackson-module-parameter-names-2.11.4.jar;C:\Users\Administrator\.m2\repository\org\springframework\boot\spring-boot-starter-tomcat\2.4.5\spring-boot-starter-tomcat-2.4.5.jar;C:\Users\Administrator\.m2\repository\org\apache\tomcat\embed\tomcat-embed-core\9.0.45\tomcat-embed-core-9.0.45.jar;C:\Users\Administrator\.m2\repository\org\glassfish\jakarta.el\3.0.3\jakarta.el-3.0.3.jar;C:\Users\Administrator\.m2\repository\org\apache\tomcat\embed\tomcat-embed-websocket\9.0.45\tomcat-embed-websocket-9.0.45.jar;C:\Users\Administrator\.m2\repository\org\springframework\spring-web\5.3.6\spring-web-5.3.6.jar;C:\Users\Administrator\.m2\repository\org\springframework\spring-beans\5.3.6\spring-beans-5.3.6.jar;C:\Users\Administrator\.m2\repository\org\springframework\spring-webmvc\5.3.6\spring-webmvc-5.3.6.jar;C:\Users\Administrator\.m2\repository\org\springframework\spring-aop\5.3.6\spring-aop-5.3.6.jar;C:\Users\Administrator\.m2\repository\org\springframework\spring-expression\5.3.6\spring-expression-5.3.6.jar;C:\Users\Administrator\.m2\repository\org\apache\poi\poi-ooxml\5.2.3\poi-ooxml-5.2.3.jar;C:\Users\Administrator\.m2\repository\org\apache\poi\poi\5.2.3\poi-5.2.3.jar;C:\Users\Administrator\.m2\repository\org\apache\commons\commons-math3\3.6.1\commons-math3-3.6.1.jar;C:\Users\Administrator\.m2\repository\com\zaxxer\SparseBitSet\1.2\SparseBitSet-1.2.jar;C:\Users\Administrator\.m2\repository\org\apache\poi\poi-ooxml-lite\5.2.3\poi-ooxml-lite-5.2.3.jar;C:\Users\Administrator\.m2\repository\org\apache\xmlbeans\xmlbeans\5.1.1\xmlbeans-5.1.1.jar;C:\Users\Administrator\.m2\repository\com\github\virtuald\curvesapi\1.07\curvesapi-1.07.jar;C:\Users\Administrator\.m2\repository\org\apache\logging\log4j\log4j-api\2.13.3\log4j-api-2.13.3.jar;C:\Users\Administrator\.m2\repository\org\apache\commons\commons-collections4\4.4\commons-collections4-4.4.jar;C:\Users\Administrator\.m2\repository\fr\opensagres\xdocreport\fr.opensagres.poi.xwpf.converter.pdf\2.0.4\fr.opensagres.poi.xwpf.converter.pdf-2.0.4.jar;C:\Users\Administrator\.m2\repository\fr\opensagres\xdocreport\fr.opensagres.poi.xwpf.converter.core\2.0.4\fr.opensagres.poi.xwpf.converter.core-2.0.4.jar;C:\Users\Administrator\.m2\repository\org\apache\poi\poi-ooxml-full\5.2.0\poi-ooxml-full-5.2.0.jar;C:\Users\Administrator\.m2\repository\org\apache\logging\log4j\log4j-core\2.13.3\log4j-core-2.13.3.jar;C:\Users\Administrator\.m2\repository\fr\opensagres\xdocreport\fr.opensagres.xdocreport.itext.extension\2.0.4\fr.opensagres.xdocreport.itext.extension-2.0.4.jar;C:\Users\Administrator\.m2\repository\com\lowagie\itext\2.1.7\itext-2.1.7.jar;C:\Users\Administrator\.m2\repository\bouncycastle\bcmail-jdk14\138\bcmail-jdk14-138.jar;C:\Users\Administrator\.m2\repository\bouncycastle\bcprov-jdk14\138\bcprov-jdk14-138.jar;C:\Users\Administrator\.m2\repository\org\bouncycastle\bctsp-jdk14\1.38\bctsp-jdk14-1.38.jar;C:\Users\Administrator\.m2\repository\org\bouncycastle\bcprov-jdk14\1.38\bcprov-jdk14-1.38.jar;C:\Users\Administrator\.m2\repository\org\bouncycastle\bcmail-jdk14\1.38\bcmail-jdk14-1.38.jar;C:\Users\Administrator\.m2\repository\com\documents4j\documents4j-transformer-msoffice-word\1.1.3\documents4j-transformer-msoffice-word-1.1.3.jar;C:\Users\Administrator\.m2\repository\com\documents4j\documents4j-transformer-msoffice-base\1.1.3\documents4j-transformer-msoffice-base-1.1.3.jar;C:\Users\Administrator\.m2\repository\com\documents4j\documents4j-transformer-api\1.1.3\documents4j-transformer-api-1.1.3.jar;C:\Users\Administrator\.m2\repository\com\documents4j\documents4j-util-all\1.1.3\documents4j-util-all-1.1.3.jar;C:\Users\Administrator\.m2\repository\com\documents4j\documents4j-util-transformer-process\1.1.3\documents4j-util-transformer-process-1.1.3.jar;C:\Users\Administrator\.m2\repository\org\springframework\boot\spring-boot-starter-data-jpa\2.4.5\spring-boot-starter-data-jpa-2.4.5.jar;C:\Users\Administrator\.m2\repository\org\springframework\boot\spring-boot-starter-aop\2.4.5\spring-boot-starter-aop-2.4.5.jar;C:\Users\Administrator\.m2\repository\org\aspectj\aspectjweaver\1.9.6\aspectjweaver-1.9.6.jar;C:\Users\Administrator\.m2\repository\org\springframework\boot\spring-boot-starter-jdbc\2.4.5\spring-boot-starter-jdbc-2.4.5.jar;C:\Users\Administrator\.m2\repository\com\zaxxer\HikariCP\3.4.5\HikariCP-3.4.5.jar;C:\Users\Administrator\.m2\repository\org\springframework\spring-jdbc\5.3.6\spring-jdbc-5.3.6.jar;C:\Users\Administrator\.m2\repository\jakarta\transaction\jakarta.transaction-api\1.3.3\jakarta.transaction-api-1.3.3.jar;C:\Users\Administrator\.m2\repository\jakarta\persistence\jakarta.persistence-api\2.2.3\jakarta.persistence-api-2.2.3.jar;C:\Users\Administrator\.m2\repository\org\hibernate\hibernate-core\5.4.30.Final\hibernate-core-5.4.30.Final.jar;C:\Users\Administrator\.m2\repository\org\jboss\logging\jboss-logging\3.4.1.Final\jboss-logging-3.4.1.Final.jar;C:\Users\Administrator\.m2\repository\org\javassist\javassist\3.27.0-GA\javassist-3.27.0-GA.jar;C:\Users\Administrator\.m2\repository\net\bytebuddy\byte-buddy\1.10.22\byte-buddy-1.10.22.jar;C:\Users\Administrator\.m2\repository\org\jboss\jandex\2.2.3.Final\jandex-2.2.3.Final.jar;C:\Users\Administrator\.m2\repository\com\fasterxml\classmate\1.5.1\classmate-1.5.1.jar;C:\Users\Administrator\.m2\repository\org\dom4j\dom4j\2.1.3\dom4j-2.1.3.jar;C:\Users\Administrator\.m2\repository\org\hibernate\common\hibernate-commons-annotations\5.1.2.Final\hibernate-commons-annotations-5.1.2.Final.jar;C:\Users\Administrator\.m2\repository\org\glassfish\jaxb\jaxb-runtime\2.3.4\jaxb-runtime-2.3.4.jar;C:\Users\Administrator\.m2\repository\org\glassfish\jaxb\txw2\2.3.4\txw2-2.3.4.jar;C:\Users\Administrator\.m2\repository\com\sun\istack\istack-commons-runtime\3.0.12\istack-commons-runtime-3.0.12.jar;C:\Users\Administrator\.m2\repository\com\sun\activation\jakarta.activation\1.2.2\jakarta.activation-1.2.2.jar;C:\Users\Administrator\.m2\repository\org\springframework\data\spring-data-jpa\2.4.8\spring-data-jpa-2.4.8.jar;C:\Users\Administrator\.m2\repository\org\springframework\data\spring-data-commons\2.4.8\spring-data-commons-2.4.8.jar;C:\Users\Administrator\.m2\repository\org\springframework\spring-orm\5.3.6\spring-orm-5.3.6.jar;C:\Users\Administrator\.m2\repository\org\springframework\spring-tx\5.3.6\spring-tx-5.3.6.jar;C:\Users\Administrator\.m2\repository\org\springframework\spring-aspects\5.3.6\spring-aspects-5.3.6.jar;C:\Users\Administrator\.m2\repository\com\baomidou\mybatis-plus-boot-starter\3.4.2\mybatis-plus-boot-starter-3.4.2.jar;C:\Users\Administrator\.m2\repository\com\baomidou\mybatis-plus\3.4.2\mybatis-plus-3.4.2.jar;C:\Users\Administrator\.m2\repository\com\baomidou\mybatis-plus-extension\3.4.2\mybatis-plus-extension-3.4.2.jar;C:\Users\Administrator\.m2\repository\com\baomidou\mybatis-plus-core\3.4.2\mybatis-plus-core-3.4.2.jar;C:\Users\Administrator\.m2\repository\com\baomidou\mybatis-plus-annotation\3.4.2\mybatis-plus-annotation-3.4.2.jar;C:\Users\Administrator\.m2\repository\com\github\jsqlparser\jsqlparser\4.0\jsqlparser-4.0.jar;C:\Users\Administrator\.m2\repository\org\mybatis\mybatis\3.5.6\mybatis-3.5.6.jar;C:\Users\Administrator\.m2\repository\org\mybatis\mybatis-spring\2.0.5\mybatis-spring-2.0.5.jar;C:\Users\Administrator\.m2\repository\org\projectlombok\lombok\1.18.20\lombok-1.18.20.jar;C:\Users\Administrator\.m2\repository\com\alibaba\fastjson\1.2.76\fastjson-1.2.76.jar;C:\Users\Administrator\.m2\repository\commons-lang\commons-lang\2.6\commons-lang-2.6.jar;C:\Users\Administrator\.m2\repository\fr\opensagres\xdocreport\fr.opensagres.xdocreport.document\2.0.2\fr.opensagres.xdocreport.document-2.0.2.jar;C:\Users\Administrator\.m2\repository\fr\opensagres\xdocreport\fr.opensagres.xdocreport.core\2.0.2\fr.opensagres.xdocreport.core-2.0.2.jar;C:\Users\Administrator\.m2\repository\fr\opensagres\xdocreport\fr.opensagres.xdocreport.converter\2.0.2\fr.opensagres.xdocreport.converter-2.0.2.jar;C:\Users\Administrator\.m2\repository\fr\opensagres\xdocreport\fr.opensagres.xdocreport.template\2.0.2\fr.opensagres.xdocreport.template-2.0.2.jar;C:\Users\Administrator\.m2\repository\fr\opensagres\xdocreport\fr.opensagres.xdocreport.template.freemarker\2.0.2\fr.opensagres.xdocreport.template.freemarker-2.0.2.jar;C:\Users\Administrator\.m2\repository\org\freemarker\freemarker\2.3.31\freemarker-2.3.31.jar;C:\Users\Administrator\.m2\repository\fr\opensagres\xdocreport\fr.opensagres.xdocreport.document.docx\2.0.4\fr.opensagres.xdocreport.document.docx-2.0.4.jar;C:\Users\Administrator\.m2\repository\commons-io\commons-io\2.11.0\commons-io-2.11.0.jar;C:\Users\Administrator\.m2\repository\com\itextpdf\barcodes\7.2.4\barcodes-7.2.4.jar;C:\Users\Administrator\.m2\repository\com\itextpdf\font-asian\7.2.4\font-asian-7.2.4.jar;C:\Users\Administrator\.m2\repository\com\itextpdf\forms\7.2.4\forms-7.2.4.jar;C:\Users\Administrator\.m2\repository\com\itextpdf\hyph\7.2.4\hyph-7.2.4.jar;C:\Users\Administrator\.m2\repository\com\itextpdf\io\7.2.4\io-7.2.4.jar;C:\Users\Administrator\.m2\repository\com\itextpdf\commons\7.2.4\commons-7.2.4.jar;C:\Users\Administrator\.m2\repository\com\itextpdf\kernel\7.2.4\kernel-7.2.4.jar;C:\Users\Administrator\.m2\repository\org\bouncycastle\bcpkix-jdk15on\1.70\bcpkix-jdk15on-1.70.jar;C:\Users\Administrator\.m2\repository\org\bouncycastle\bcutil-jdk15on\1.70\bcutil-jdk15on-1.70.jar;C:\Users\Administrator\.m2\repository\org\bouncycastle\bcprov-jdk15on\1.70\bcprov-jdk15on-1.70.jar;C:\Users\Administrator\.m2\repository\com\itextpdf\layout\7.2.4\layout-7.2.4.jar;C:\Users\Administrator\.m2\repository\com\itextpdf\pdfa\7.2.4\pdfa-7.2.4.jar;C:\Users\Administrator\.m2\repository\com\itextpdf\sign\7.2.4\sign-7.2.4.jar;C:\Users\Administrator\.m2\repository\com\itextpdf\styled-xml-parser\7.2.4\styled-xml-parser-7.2.4.jar;C:\Users\Administrator\.m2\repository\com\itextpdf\svg\7.2.4\svg-7.2.4.jar;C:\Users\Administrator\.m2\repository\mysql\mysql-connector-java\8.0.23\mysql-connector-java-8.0.23.jar;C:\Users\Administrator\.m2\repository\com\alibaba\druid-spring-boot-starter\1.1.23\druid-spring-boot-starter-1.1.23.jar;C:\Users\Administrator\.m2\repository\com\alibaba\druid\1.1.23\druid-1.1.23.jar
Launcher Type: SUN_STANDARD

[Global flags]
     intx CICompilerCount                          = 4                                         {product} {ergonomic}
     uint ConcGCThreads                            = 2                                         {product} {ergonomic}
     uint G1ConcRefinementThreads                  = 8                                         {product} {ergonomic}
   size_t G1HeapRegionSize                         = 2097152                                   {product} {ergonomic}
    uintx GCDrainStackTargetSize                   = 64                                        {product} {ergonomic}
   size_t InitialHeapSize                          = 266338304                                 {product} {ergonomic}
     bool ManagementServer                         = true                                      {product} {command line}
   size_t MarkStackSize                            = 4194304                                   {product} {ergonomic}
   size_t MaxHeapSize                              = 4255121408                                {product} {ergonomic}
   size_t MinHeapDeltaBytes                        = 2097152                                   {product} {ergonomic}
   size_t MinHeapSize                              = 8388608                                   {product} {ergonomic}
    uintx NonProfiledCodeHeapSize                  = 0                                      {pd product} {ergonomic}
     bool ProfileInterpreter                       = false                                  {pd product} {command line}
    uintx ProfiledCodeHeapSize                     = 0                                      {pd product} {ergonomic}
   size_t SoftMaxHeapSize                          = 4255121408                             {manageable} {ergonomic}
     intx TieredStopAtLevel                        = 1                                         {product} {command line}
     bool UseCompressedClassPointers               = true                           {product lp64_product} {ergonomic}
     bool UseCompressedOops                        = true                           {product lp64_product} {ergonomic}
     bool UseG1GC                                  = true                                      {product} {ergonomic}
     bool UseLargePagesIndividualAllocation        = false                                  {pd product} {ergonomic}

Logging:
Log output configuration:
 #0: stdout all=warning uptime,level,tags foldmultilines=false
 #1: stderr all=off uptime,level,tags foldmultilines=false

Environment Variables:
JAVA_HOME=F:\java
PATH=C:\Program Files\Common Files\Oracle\Java\javapath;G:\anaconda;G:\anaconda\Library\mingw-w64\bin;G:\anaconda\Library\usr\bin;G:\anaconda\Library\bin;G:\anaconda\Scripts;C:\Windows\system32;C:\Windows;C:\Windows\System32\Wbem;C:\Windows\System32\WindowsPowerShell\v1.0\;C:\Windows\System32\OpenSSH\;C:\Program Files (x86)\NVIDIA Corporation\PhysX\Common;C:\Program Files\Common Files\Autodesk Shared\;G:\ssh;G:\node\;G:\node\node_modules;G:\node\node_modules\node_modules;G:\node\node_modules\node_global;C:\Program Files\MySQL\MySQL Server 8.0\bin;C:\Program Files\dotnet\;G:\Program Files\MongoDB\Server\8.0\bin;G:\eds;g:\CURSOR\resources\app\bin;F:\javabin;G:\lbo\program;F:\maven\apache-maven-3.6.1\bin;D:\jdk\bin;C:\Users\Administrator\AppData\Local\Microsoft\WindowsApps;G:\node\node_global;;G:\pycharm\PyCharm 2024.2.4\bin;;G:\IntelliJ IDEA 2024.2.4\bin;;G:\CURSOR\resources\app\bin
USERNAME=Administrator
OS=Windows_NT
PROCESSOR_IDENTIFIER=Intel64 Family 6 Model 158 Stepping 10, GenuineIntel



---------------  S Y S T E M  ---------------

OS:
 Windows 10 , 64 bit Build 19041 (10.0.19041.5438)
OS uptime: 0 days 5:51 hours

CPU: total 8 (initial active 8) (4 cores per cpu, 2 threads per core) family 6 model 158 stepping 10 microcode 0xb4, cx8, cmov, fxsr, ht, mmx, 3dnowpref, sse, sse2, sse3, ssse3, sse4.1, sse4.2, popcnt, lzcnt, tsc, tscinvbit, avx, avx2, aes, erms, clmul, bmi1, bmi2, adx, fma, vzeroupper, clflush, clflushopt

Memory: 4k page, system-wide physical 16226M (2465M free)
TotalPageFile size 16226M (AvailPageFile size 222M)
current process WorkingSet (physical memory assigned to process): 12M, peak: 12M
current process commit charge ("private bytes"): 56M, peak: 310M

vm_info: Java HotSpot(TM) 64-Bit Server VM (18.0.2.1+1-1) for windows-amd64 JRE (18.0.2.1+1-1), built on Aug 16 2022 01:46:33 by "mach5one" with MS VC++ 16.8 / 16.9 (VS2019)

END.
