#
# There is insufficient memory for the Java Runtime Environment to continue.
# Native memory allocation (mmap) failed to map 65536 bytes for Failed to commit metaspace.
# Possible reasons:
#   The system is out of physical RAM or swap space
#   The process is running with CompressedOops enabled, and the Java Heap may be blocking the growth of the native heap
# Possible solutions:
#   Reduce memory load on the system
#   Increase physical memory or swap space
#   Check if swap backing store is full
#   Decrease Java heap size (-Xmx/-Xms)
#   Decrease number of Java threads
#   Decrease Java thread stack sizes (-Xss)
#   Set larger code cache with -XX:ReservedCodeCacheSize=
#   JVM is running with Zero Based Compressed Oops mode in which the Java heap is
#     placed in the first 32GB address space. The Java Heap base address is the
#     maximum limit for the native heap growth. Please use -XX:HeapBaseMinAddress
#     to set the Java Heap base and to place the Java Heap above 32GB virtual address.
# This output file may be truncated or incomplete.
#
#  Out of Memory Error (virtualSpaceNode.cpp:110), pid=16180, tid=11440
#
# JRE version: Java(TM) SE Runtime Environment (18.0.2.1+1) (build 18.0.2.1+1-1)
# Java VM: Java HotSpot(TM) 64-Bit Server VM (18.0.2.1+1-1, mixed mode, sharing, tiered, compressed oops, compressed class ptrs, g1 gc, windows-amd64)
# No core dump will be written. Minidumps are not enabled by default on client versions of Windows
#

---------------  S U M M A R Y ------------

Command Line: -Dmaven.multiModuleProjectDirectory=F:\test1\Academic_Affairs_Management -Djansi.passthrough=true -Dmaven.home=F:\maven\apache-maven-3.6.1 -Dclassworlds.conf=F:\maven\apache-maven-3.6.1\bin\m2.conf -Dmaven.ext.class.path=G:\IntelliJ IDEA 2024.2.4\plugins\maven\lib\maven-event-listener.jar -javaagent:G:\IntelliJ IDEA 2024.2.4\lib\idea_rt.jar=52704:G:\IntelliJ IDEA 2024.2.4\bin -Dfile.encoding=UTF-8 -Dsun.stdout.encoding=UTF-8 -Dsun.stderr.encoding=UTF-8 org.codehaus.classworlds.Launcher -Didea.version=2024.2.4 -s F:\maven\apache-maven-3.6.1\conf\settings.xml -Dmaven.repo.local=F:\maven\apache-maven-3.6.1\maven_repository clean

Host: Intel(R) Core(TM) i5-8300H CPU @ 2.30GHz, 8 cores, 15G,  Windows 10 , 64 bit Build 19041 (10.0.19041.5678)
Time: Sun Apr 20 14:33:57 2025  Windows 10 , 64 bit Build 19041 (10.0.19041.5678) elapsed time: 0.917127 seconds (0d 0h 0m 0s)

---------------  T H R E A D  ---------------

Current thread (0x000002187d41e8e0):  JavaThread "main" [_thread_in_vm, id=11440, stack(0x0000008996c00000,0x0000008996d00000)]

Stack: [0x0000008996c00000,0x0000008996d00000]
Native frames: (J=compiled Java code, j=interpreted, Vv=VM code, C=native code)
V  [jvm.dll+0x6993aa]
V  [jvm.dll+0x7f46dd]
V  [jvm.dll+0x7f5fee]
V  [jvm.dll+0x7f66a3]
V  [jvm.dll+0x25cf1f]
V  [jvm.dll+0x7f03eb]
V  [jvm.dll+0x63f526]
V  [jvm.dll+0x63f58a]
V  [jvm.dll+0x641e0e]
V  [jvm.dll+0x641cce]
V  [jvm.dll+0x63feee]
V  [jvm.dll+0x252ab0]
V  [jvm.dll+0x20333d]
V  [jvm.dll+0x1f8d61]
V  [jvm.dll+0x55dc05]
V  [jvm.dll+0x209c17]
V  [jvm.dll+0x76dd8d]
V  [jvm.dll+0x76f0c6]
V  [jvm.dll+0x76f3f8]
V  [jvm.dll+0x255346]
V  [jvm.dll+0x25558f]
V  [jvm.dll+0x57c603]
V  [jvm.dll+0x57ea44]
V  [jvm.dll+0x3a496e]
V  [jvm.dll+0x3a4432]
C  0x0000021807888aa8

Java frames: (J=compiled Java code, j=interpreted, Vv=VM code)
j  java.lang.invoke.VarHandle$VarHandleDesc$Kind.<clinit>()V+7 java.base@18.0.2.1
v  ~StubRoutines::call_stub
j  java.lang.invoke.VarHandle$1.<clinit>()V+0 java.base@18.0.2.1
v  ~StubRoutines::call_stub
j  java.lang.invoke.VarHandle$AccessType.accessModeType(Ljava/lang/Class;Ljava/lang/Class;[Ljava/lang/Class;)Ljava/lang/invoke/MethodType;+0 java.base@18.0.2.1
j  java.lang.invoke.VarHandleByteArrayAsInts$ArrayHandle.accessModeTypeUncached(Ljava/lang/invoke/VarHandle$AccessType;)Ljava/lang/invoke/MethodType;+16 java.base@18.0.2.1
j  java.lang.invoke.VarHandle.accessModeTypeUncached(I)Ljava/lang/invoke/MethodType;+6 java.base@18.0.2.1
j  java.lang.invoke.VarHandle.accessModeType(I)Ljava/lang/invoke/MethodType;+23 java.base@18.0.2.1
j  java.lang.invoke.VarHandle.checkExactAccessMode(Ljava/lang/invoke/VarHandle$AccessDescriptor;)V+12 java.base@18.0.2.1
j  java.lang.invoke.VarHandleGuards.guard_LI_I(Ljava/lang/invoke/VarHandle;Ljava/lang/Object;ILjava/lang/invoke/VarHandle$AccessDescriptor;)I+2 java.base@18.0.2.1
j  sun.security.provider.ByteArrayAccess.b2iBig64([BI[I)V+7 java.base@18.0.2.1
j  sun.security.provider.SHA.implCompress0([BI)V+21 java.base@18.0.2.1
j  sun.security.provider.SHA.implCompress([BI)V+9 java.base@18.0.2.1
j  sun.security.provider.DigestBase.engineUpdate([BII)V+115 java.base@18.0.2.1
j  java.security.MessageDigest$Delegate.engineUpdate([BII)V+7 java.base@18.0.2.1
j  java.security.MessageDigest.update([B)V+5 java.base@18.0.2.1
j  sun.security.provider.SeedGenerator$1.run()Ljava/lang/Void;+41 java.base@18.0.2.1
j  sun.security.provider.SeedGenerator$1.run()Ljava/lang/Object;+1 java.base@18.0.2.1
j  java.security.AccessController.executePrivileged(Ljava/security/PrivilegedAction;Ljava/security/AccessControlContext;Ljava/lang/Class;)Ljava/lang/Object;+29 java.base@18.0.2.1
j  java.security.AccessController.doPrivileged(Ljava/security/PrivilegedAction;)Ljava/lang/Object;+5 java.base@18.0.2.1
j  sun.security.provider.SeedGenerator.getSystemEntropy()[B+40 java.base@18.0.2.1
j  sun.security.provider.AbstractDrbg$SeederHolder.<clinit>()V+28 java.base@18.0.2.1
v  ~StubRoutines::call_stub
j  sun.security.provider.AbstractDrbg.getEntropyInput(IIIZ)[B+87 java.base@18.0.2.1
j  sun.security.provider.AbstractDrbg.getEntropyInput(Z)[B+14 java.base@18.0.2.1
j  sun.security.provider.AbstractDrbg.instantiateIfNecessary([B)V+16 java.base@18.0.2.1
j  sun.security.provider.AbstractDrbg.engineNextBytes([BLjava/security/SecureRandomParameters;)V+162 java.base@18.0.2.1
j  sun.security.provider.AbstractDrbg.engineNextBytes([B)V+11 java.base@18.0.2.1
j  sun.security.provider.DRBG.engineNextBytes([B)V+5 java.base@18.0.2.1
j  java.security.SecureRandom.nextBytes([B)V+12 java.base@18.0.2.1
j  java.security.SecureRandom.next(I)I+17 java.base@18.0.2.1
j  java.util.Random.nextLong()J+3 java.base@18.0.2.1
j  java.io.File$TempDirectory.generateFile(Ljava/lang/String;Ljava/lang/String;Ljava/io/File;)Ljava/io/File;+3 java.base@18.0.2.1
j  java.io.File.createTempFile(Ljava/lang/String;Ljava/lang/String;Ljava/io/File;)Ljava/io/File;+70 java.base@18.0.2.1
j  org.fusesource.hawtjni.runtime.Library.extract(Ljava/util/ArrayList;Ljava/net/URL;Ljava/lang/String;Ljava/lang/String;Ljava/io/File;)Ljava/io/File;+71
j  org.fusesource.hawtjni.runtime.Library.extractAndLoad(Ljava/util/ArrayList;Ljava/lang/String;Ljava/lang/String;Ljava/lang/String;Ljava/lang/String;)Z+239
j  org.fusesource.hawtjni.runtime.Library.doLoad()V+412
j  org.fusesource.hawtjni.runtime.Library.load()V+9
j  org.fusesource.jansi.internal.CLibrary.<clinit>()V+17
v  ~StubRoutines::call_stub
j  org.fusesource.jansi.AnsiConsole.wrapSystemOut(Ljava/io/PrintStream;)Ljava/io/PrintStream;+1
j  org.fusesource.jansi.AnsiConsole.<clinit>()V+130
v  ~StubRoutines::call_stub
j  org.apache.maven.shared.utils.logging.MessageUtils.systemInstall()V+6
j  org.apache.maven.cli.MavenCli.main([Ljava/lang/String;Lorg/codehaus/plexus/classworlds/ClassWorld;)I+8
j  java.lang.invoke.DirectMethodHandle$Holder.invokeStatic(Ljava/lang/Object;Ljava/lang/Object;Ljava/lang/Object;)I+11 java.base@18.0.2.1
j  java.lang.invoke.LambdaForm$MH+0x0000000800c0b000.invoke(Ljava/lang/Object;Ljava/lang/Object;Ljava/lang/Object;Ljava/lang/Object;)Ljava/lang/Object;+54 java.base@18.0.2.1
j  java.lang.invoke.LambdaForm$MH+0x0000000800c02800.invokeExact_MT(Ljava/lang/Object;Ljava/lang/Object;Ljava/lang/Object;Ljava/lang/Object;Ljava/lang/Object;)Ljava/lang/Object;+22 java.base@18.0.2.1
j  jdk.internal.reflect.DirectMethodHandleAccessor.invokeImpl(Ljava/lang/Object;[Ljava/lang/Object;)Ljava/lang/Object;+72 java.base@18.0.2.1
j  jdk.internal.reflect.DirectMethodHandleAccessor.invoke(Ljava/lang/Object;[Ljava/lang/Object;)Ljava/lang/Object;+23 java.base@18.0.2.1
j  java.lang.reflect.Method.invoke(Ljava/lang/Object;[Ljava/lang/Object;)Ljava/lang/Object;+102 java.base@18.0.2.1
j  org.codehaus.plexus.classworlds.launcher.Launcher.launchEnhanced([Ljava/lang/String;)V+45
j  org.codehaus.plexus.classworlds.launcher.Launcher.launch([Ljava/lang/String;)V+2
j  org.codehaus.plexus.classworlds.launcher.Launcher.mainWithExitCode([Ljava/lang/String;)I+101
j  org.codehaus.plexus.classworlds.launcher.Launcher.main([Ljava/lang/String;)V+1
j  org.codehaus.classworlds.Launcher.main([Ljava/lang/String;)V+1
v  ~StubRoutines::call_stub

---------------  P R O C E S S  ---------------

Threads class SMR info:
_java_thread_list=0x000002182521a630, length=14, elements={
0x000002187d41e8e0, 0x0000021820bfde60, 0x0000021820bfede0, 0x0000021820c164e0,
0x0000021820c17da0, 0x0000021820c18650, 0x0000021820c1b320, 0x0000021820c1e6b0,
0x0000021820c1f740, 0x0000021820c23280, 0x0000021820be6040, 0x000002182517fe80,
0x0000021825180340, 0x000002182547d1e0
}

Java Threads: ( => current thread )
=>0x000002187d41e8e0 JavaThread "main" [_thread_in_vm, id=11440, stack(0x0000008996c00000,0x0000008996d00000)]
  0x0000021820bfde60 JavaThread "Reference Handler" daemon [_thread_blocked, id=15356, stack(0x0000008997300000,0x0000008997400000)]
  0x0000021820bfede0 JavaThread "Finalizer" daemon [_thread_blocked, id=16504, stack(0x0000008997400000,0x0000008997500000)]
  0x0000021820c164e0 JavaThread "Signal Dispatcher" daemon [_thread_blocked, id=6620, stack(0x0000008997500000,0x0000008997600000)]
  0x0000021820c17da0 JavaThread "Attach Listener" daemon [_thread_blocked, id=6972, stack(0x0000008997600000,0x0000008997700000)]
  0x0000021820c18650 JavaThread "Service Thread" daemon [_thread_blocked, id=12372, stack(0x0000008997700000,0x0000008997800000)]
  0x0000021820c1b320 JavaThread "Monitor Deflation Thread" daemon [_thread_blocked, id=6756, stack(0x0000008997800000,0x0000008997900000)]
  0x0000021820c1e6b0 JavaThread "C2 CompilerThread0" daemon [_thread_blocked, id=16636, stack(0x0000008997900000,0x0000008997a00000)]
  0x0000021820c1f740 JavaThread "C1 CompilerThread0" daemon [_thread_blocked, id=12800, stack(0x0000008997a00000,0x0000008997b00000)]
  0x0000021820c23280 JavaThread "Sweeper thread" daemon [_thread_blocked, id=16808, stack(0x0000008997b00000,0x0000008997c00000)]
  0x0000021820be6040 JavaThread "Common-Cleaner" daemon [_thread_blocked, id=16264, stack(0x0000008997c00000,0x0000008997d00000)]
  0x000002182517fe80 JavaThread "Monitor Ctrl-Break" daemon [_thread_in_native, id=14504, stack(0x0000008997d00000,0x0000008997e00000)]
  0x0000021825180340 JavaThread "Notification Thread" daemon [_thread_blocked, id=2920, stack(0x0000008997e00000,0x0000008997f00000)]
  0x000002182547d1e0 JavaThread "C2 CompilerThread1" daemon [_thread_blocked, id=16536, stack(0x0000008998000000,0x0000008998100000)]

Other Threads:
  0x0000021820bf9780 VMThread "VM Thread" [stack: 0x0000008997200000,0x0000008997300000] [id=10576]
  0x0000021825180800 WatcherThread "VM Periodic Task Thread" [stack: 0x0000008997f00000,0x0000008998000000] [id=7084]
  0x000002187d4925e0 WorkerThread "GC Thread#0" [stack: 0x0000008996d00000,0x0000008996e00000] [id=13524]
  0x000002187d4a0250 ConcurrentGCThread "G1 Main Marker" [stack: 0x0000008996e00000,0x0000008996f00000] [id=17328]
  0x000002187d4a0b50 WorkerThread "G1 Conc#0" [stack: 0x0000008996f00000,0x0000008997000000] [id=16880]
  0x0000021820ab12a0 ConcurrentGCThread "G1 Refine#0" [stack: 0x0000008997000000,0x0000008997100000] [id=8144]
  0x0000021820ab1ac0 ConcurrentGCThread "G1 Service" [stack: 0x0000008997100000,0x0000008997200000] [id=15968]

Threads with active compile tasks:

VM state: not at safepoint (normal execution)

VM Mutex/Monitor currently owned by a thread:  ([mutex/lock_event])
[0x000002187d4193a0] Metaspace_lock - owner thread: 0x000002187d41e8e0

Heap address: 0x0000000702600000, size: 4058 MB, Compressed Oops mode: Zero based, Oop shift amount: 3

CDS archive(s) mapped at: [0x0000000800000000-0x0000000800ba0000-0x0000000800ba0000), size 12189696, SharedBaseAddress: 0x0000000800000000, ArchiveRelocationMode: 0.
Compressed class space mapped at: 0x0000000800c00000-0x0000000840c00000, reserved size: 1073741824
Narrow klass base: 0x0000000800000000, Narrow klass shift: 0, Narrow klass range: 0x100000000

GC Precious Log:
 CardTable entry size: 512
 Card Set container configuration: InlinePtr #cards 4 size 8 Array Of Cards #cards 16 size 48 Howl #buckets 8 coarsen threshold 3686 Howl Bitmap #cards 512 size 80 coarsen threshold 460 Card regions per heap region 1 cards per card region 4096
 CPUs: 8 total, 8 available
 Memory: 16226M
 Large Page Support: Disabled
 NUMA Support: Disabled
 Compressed Oops: Enabled (Zero based)
 Heap Region Size: 2M
 Heap Min Capacity: 8M
 Heap Initial Capacity: 254M
 Heap Max Capacity: 4058M
 Pre-touch: Disabled
 Parallel Workers: 8
 Concurrent Workers: 2
 Concurrent Refinement Workers: 8
 Periodic GC: Disabled

Heap:
 garbage-first heap   total 260096K, used 4096K [0x0000000702600000, 0x0000000800000000)
  region size 2048K, 3 young (6144K), 0 survivors (0K)
 Metaspace       used 1814K, committed 1920K, reserved 1114112K
  class space    used 162K, committed 192K, reserved 1048576K

Heap Regions: E=young(eden), S=young(survivor), O=old, HS=humongous(starts), HC=humongous(continues), CS=collection set, F=free, OA=open archive, CA=closed archive, TAMS=top-at-mark-start (previous, next)
|   0|0x0000000702600000, 0x0000000702600000, 0x0000000702800000|  0%| F|  |TAMS 0x0000000702600000, 0x0000000702600000| Untracked 
|   1|0x0000000702800000, 0x0000000702800000, 0x0000000702a00000|  0%| F|  |TAMS 0x0000000702800000, 0x0000000702800000| Untracked 
|   2|0x0000000702a00000, 0x0000000702a00000, 0x0000000702c00000|  0%| F|  |TAMS 0x0000000702a00000, 0x0000000702a00000| Untracked 
|   3|0x0000000702c00000, 0x0000000702c00000, 0x0000000702e00000|  0%| F|  |TAMS 0x0000000702c00000, 0x0000000702c00000| Untracked 
|   4|0x0000000702e00000, 0x0000000702e00000, 0x0000000703000000|  0%| F|  |TAMS 0x0000000702e00000, 0x0000000702e00000| Untracked 
|   5|0x0000000703000000, 0x0000000703000000, 0x0000000703200000|  0%| F|  |TAMS 0x0000000703000000, 0x0000000703000000| Untracked 
|   6|0x0000000703200000, 0x0000000703200000, 0x0000000703400000|  0%| F|  |TAMS 0x0000000703200000, 0x0000000703200000| Untracked 
|   7|0x0000000703400000, 0x0000000703400000, 0x0000000703600000|  0%| F|  |TAMS 0x0000000703400000, 0x0000000703400000| Untracked 
|   8|0x0000000703600000, 0x0000000703600000, 0x0000000703800000|  0%| F|  |TAMS 0x0000000703600000, 0x0000000703600000| Untracked 
|   9|0x0000000703800000, 0x0000000703800000, 0x0000000703a00000|  0%| F|  |TAMS 0x0000000703800000, 0x0000000703800000| Untracked 
|  10|0x0000000703a00000, 0x0000000703a00000, 0x0000000703c00000|  0%| F|  |TAMS 0x0000000703a00000, 0x0000000703a00000| Untracked 
|  11|0x0000000703c00000, 0x0000000703c00000, 0x0000000703e00000|  0%| F|  |TAMS 0x0000000703c00000, 0x0000000703c00000| Untracked 
|  12|0x0000000703e00000, 0x0000000703e00000, 0x0000000704000000|  0%| F|  |TAMS 0x0000000703e00000, 0x0000000703e00000| Untracked 
|  13|0x0000000704000000, 0x0000000704000000, 0x0000000704200000|  0%| F|  |TAMS 0x0000000704000000, 0x0000000704000000| Untracked 
|  14|0x0000000704200000, 0x0000000704200000, 0x0000000704400000|  0%| F|  |TAMS 0x0000000704200000, 0x0000000704200000| Untracked 
|  15|0x0000000704400000, 0x0000000704400000, 0x0000000704600000|  0%| F|  |TAMS 0x0000000704400000, 0x0000000704400000| Untracked 
|  16|0x0000000704600000, 0x0000000704600000, 0x0000000704800000|  0%| F|  |TAMS 0x0000000704600000, 0x0000000704600000| Untracked 
|  17|0x0000000704800000, 0x0000000704800000, 0x0000000704a00000|  0%| F|  |TAMS 0x0000000704800000, 0x0000000704800000| Untracked 
|  18|0x0000000704a00000, 0x0000000704a00000, 0x0000000704c00000|  0%| F|  |TAMS 0x0000000704a00000, 0x0000000704a00000| Untracked 
|  19|0x0000000704c00000, 0x0000000704c00000, 0x0000000704e00000|  0%| F|  |TAMS 0x0000000704c00000, 0x0000000704c00000| Untracked 
|  20|0x0000000704e00000, 0x0000000704e00000, 0x0000000705000000|  0%| F|  |TAMS 0x0000000704e00000, 0x0000000704e00000| Untracked 
|  21|0x0000000705000000, 0x0000000705000000, 0x0000000705200000|  0%| F|  |TAMS 0x0000000705000000, 0x0000000705000000| Untracked 
|  22|0x0000000705200000, 0x0000000705200000, 0x0000000705400000|  0%| F|  |TAMS 0x0000000705200000, 0x0000000705200000| Untracked 
|  23|0x0000000705400000, 0x0000000705400000, 0x0000000705600000|  0%| F|  |TAMS 0x0000000705400000, 0x0000000705400000| Untracked 
|  24|0x0000000705600000, 0x0000000705600000, 0x0000000705800000|  0%| F|  |TAMS 0x0000000705600000, 0x0000000705600000| Untracked 
|  25|0x0000000705800000, 0x0000000705800000, 0x0000000705a00000|  0%| F|  |TAMS 0x0000000705800000, 0x0000000705800000| Untracked 
|  26|0x0000000705a00000, 0x0000000705a00000, 0x0000000705c00000|  0%| F|  |TAMS 0x0000000705a00000, 0x0000000705a00000| Untracked 
|  27|0x0000000705c00000, 0x0000000705c00000, 0x0000000705e00000|  0%| F|  |TAMS 0x0000000705c00000, 0x0000000705c00000| Untracked 
|  28|0x0000000705e00000, 0x0000000705e00000, 0x0000000706000000|  0%| F|  |TAMS 0x0000000705e00000, 0x0000000705e00000| Untracked 
|  29|0x0000000706000000, 0x0000000706000000, 0x0000000706200000|  0%| F|  |TAMS 0x0000000706000000, 0x0000000706000000| Untracked 
|  30|0x0000000706200000, 0x0000000706200000, 0x0000000706400000|  0%| F|  |TAMS 0x0000000706200000, 0x0000000706200000| Untracked 
|  31|0x0000000706400000, 0x0000000706400000, 0x0000000706600000|  0%| F|  |TAMS 0x0000000706400000, 0x0000000706400000| Untracked 
|  32|0x0000000706600000, 0x0000000706600000, 0x0000000706800000|  0%| F|  |TAMS 0x0000000706600000, 0x0000000706600000| Untracked 
|  33|0x0000000706800000, 0x0000000706800000, 0x0000000706a00000|  0%| F|  |TAMS 0x0000000706800000, 0x0000000706800000| Untracked 
|  34|0x0000000706a00000, 0x0000000706a00000, 0x0000000706c00000|  0%| F|  |TAMS 0x0000000706a00000, 0x0000000706a00000| Untracked 
|  35|0x0000000706c00000, 0x0000000706c00000, 0x0000000706e00000|  0%| F|  |TAMS 0x0000000706c00000, 0x0000000706c00000| Untracked 
|  36|0x0000000706e00000, 0x0000000706e00000, 0x0000000707000000|  0%| F|  |TAMS 0x0000000706e00000, 0x0000000706e00000| Untracked 
|  37|0x0000000707000000, 0x0000000707000000, 0x0000000707200000|  0%| F|  |TAMS 0x0000000707000000, 0x0000000707000000| Untracked 
|  38|0x0000000707200000, 0x0000000707200000, 0x0000000707400000|  0%| F|  |TAMS 0x0000000707200000, 0x0000000707200000| Untracked 
|  39|0x0000000707400000, 0x0000000707400000, 0x0000000707600000|  0%| F|  |TAMS 0x0000000707400000, 0x0000000707400000| Untracked 
|  40|0x0000000707600000, 0x0000000707600000, 0x0000000707800000|  0%| F|  |TAMS 0x0000000707600000, 0x0000000707600000| Untracked 
|  41|0x0000000707800000, 0x0000000707800000, 0x0000000707a00000|  0%| F|  |TAMS 0x0000000707800000, 0x0000000707800000| Untracked 
|  42|0x0000000707a00000, 0x0000000707a00000, 0x0000000707c00000|  0%| F|  |TAMS 0x0000000707a00000, 0x0000000707a00000| Untracked 
|  43|0x0000000707c00000, 0x0000000707c00000, 0x0000000707e00000|  0%| F|  |TAMS 0x0000000707c00000, 0x0000000707c00000| Untracked 
|  44|0x0000000707e00000, 0x0000000707e00000, 0x0000000708000000|  0%| F|  |TAMS 0x0000000707e00000, 0x0000000707e00000| Untracked 
|  45|0x0000000708000000, 0x0000000708000000, 0x0000000708200000|  0%| F|  |TAMS 0x0000000708000000, 0x0000000708000000| Untracked 
|  46|0x0000000708200000, 0x0000000708200000, 0x0000000708400000|  0%| F|  |TAMS 0x0000000708200000, 0x0000000708200000| Untracked 
|  47|0x0000000708400000, 0x0000000708400000, 0x0000000708600000|  0%| F|  |TAMS 0x0000000708400000, 0x0000000708400000| Untracked 
|  48|0x0000000708600000, 0x0000000708600000, 0x0000000708800000|  0%| F|  |TAMS 0x0000000708600000, 0x0000000708600000| Untracked 
|  49|0x0000000708800000, 0x0000000708800000, 0x0000000708a00000|  0%| F|  |TAMS 0x0000000708800000, 0x0000000708800000| Untracked 
|  50|0x0000000708a00000, 0x0000000708a00000, 0x0000000708c00000|  0%| F|  |TAMS 0x0000000708a00000, 0x0000000708a00000| Untracked 
|  51|0x0000000708c00000, 0x0000000708c00000, 0x0000000708e00000|  0%| F|  |TAMS 0x0000000708c00000, 0x0000000708c00000| Untracked 
|  52|0x0000000708e00000, 0x0000000708e00000, 0x0000000709000000|  0%| F|  |TAMS 0x0000000708e00000, 0x0000000708e00000| Untracked 
|  53|0x0000000709000000, 0x0000000709000000, 0x0000000709200000|  0%| F|  |TAMS 0x0000000709000000, 0x0000000709000000| Untracked 
|  54|0x0000000709200000, 0x0000000709200000, 0x0000000709400000|  0%| F|  |TAMS 0x0000000709200000, 0x0000000709200000| Untracked 
|  55|0x0000000709400000, 0x0000000709400000, 0x0000000709600000|  0%| F|  |TAMS 0x0000000709400000, 0x0000000709400000| Untracked 
|  56|0x0000000709600000, 0x0000000709600000, 0x0000000709800000|  0%| F|  |TAMS 0x0000000709600000, 0x0000000709600000| Untracked 
|  57|0x0000000709800000, 0x0000000709800000, 0x0000000709a00000|  0%| F|  |TAMS 0x0000000709800000, 0x0000000709800000| Untracked 
|  58|0x0000000709a00000, 0x0000000709a00000, 0x0000000709c00000|  0%| F|  |TAMS 0x0000000709a00000, 0x0000000709a00000| Untracked 
|  59|0x0000000709c00000, 0x0000000709c00000, 0x0000000709e00000|  0%| F|  |TAMS 0x0000000709c00000, 0x0000000709c00000| Untracked 
|  60|0x0000000709e00000, 0x0000000709e00000, 0x000000070a000000|  0%| F|  |TAMS 0x0000000709e00000, 0x0000000709e00000| Untracked 
|  61|0x000000070a000000, 0x000000070a000000, 0x000000070a200000|  0%| F|  |TAMS 0x000000070a000000, 0x000000070a000000| Untracked 
|  62|0x000000070a200000, 0x000000070a200000, 0x000000070a400000|  0%| F|  |TAMS 0x000000070a200000, 0x000000070a200000| Untracked 
|  63|0x000000070a400000, 0x000000070a400000, 0x000000070a600000|  0%| F|  |TAMS 0x000000070a400000, 0x000000070a400000| Untracked 
|  64|0x000000070a600000, 0x000000070a600000, 0x000000070a800000|  0%| F|  |TAMS 0x000000070a600000, 0x000000070a600000| Untracked 
|  65|0x000000070a800000, 0x000000070a800000, 0x000000070aa00000|  0%| F|  |TAMS 0x000000070a800000, 0x000000070a800000| Untracked 
|  66|0x000000070aa00000, 0x000000070aa00000, 0x000000070ac00000|  0%| F|  |TAMS 0x000000070aa00000, 0x000000070aa00000| Untracked 
|  67|0x000000070ac00000, 0x000000070ac00000, 0x000000070ae00000|  0%| F|  |TAMS 0x000000070ac00000, 0x000000070ac00000| Untracked 
|  68|0x000000070ae00000, 0x000000070ae00000, 0x000000070b000000|  0%| F|  |TAMS 0x000000070ae00000, 0x000000070ae00000| Untracked 
|  69|0x000000070b000000, 0x000000070b000000, 0x000000070b200000|  0%| F|  |TAMS 0x000000070b000000, 0x000000070b000000| Untracked 
|  70|0x000000070b200000, 0x000000070b200000, 0x000000070b400000|  0%| F|  |TAMS 0x000000070b200000, 0x000000070b200000| Untracked 
|  71|0x000000070b400000, 0x000000070b400000, 0x000000070b600000|  0%| F|  |TAMS 0x000000070b400000, 0x000000070b400000| Untracked 
|  72|0x000000070b600000, 0x000000070b600000, 0x000000070b800000|  0%| F|  |TAMS 0x000000070b600000, 0x000000070b600000| Untracked 
|  73|0x000000070b800000, 0x000000070b800000, 0x000000070ba00000|  0%| F|  |TAMS 0x000000070b800000, 0x000000070b800000| Untracked 
|  74|0x000000070ba00000, 0x000000070ba00000, 0x000000070bc00000|  0%| F|  |TAMS 0x000000070ba00000, 0x000000070ba00000| Untracked 
|  75|0x000000070bc00000, 0x000000070bc00000, 0x000000070be00000|  0%| F|  |TAMS 0x000000070bc00000, 0x000000070bc00000| Untracked 
|  76|0x000000070be00000, 0x000000070be00000, 0x000000070c000000|  0%| F|  |TAMS 0x000000070be00000, 0x000000070be00000| Untracked 
|  77|0x000000070c000000, 0x000000070c000000, 0x000000070c200000|  0%| F|  |TAMS 0x000000070c000000, 0x000000070c000000| Untracked 
|  78|0x000000070c200000, 0x000000070c200000, 0x000000070c400000|  0%| F|  |TAMS 0x000000070c200000, 0x000000070c200000| Untracked 
|  79|0x000000070c400000, 0x000000070c400000, 0x000000070c600000|  0%| F|  |TAMS 0x000000070c400000, 0x000000070c400000| Untracked 
|  80|0x000000070c600000, 0x000000070c600000, 0x000000070c800000|  0%| F|  |TAMS 0x000000070c600000, 0x000000070c600000| Untracked 
|  81|0x000000070c800000, 0x000000070c800000, 0x000000070ca00000|  0%| F|  |TAMS 0x000000070c800000, 0x000000070c800000| Untracked 
|  82|0x000000070ca00000, 0x000000070ca00000, 0x000000070cc00000|  0%| F|  |TAMS 0x000000070ca00000, 0x000000070ca00000| Untracked 
|  83|0x000000070cc00000, 0x000000070cc00000, 0x000000070ce00000|  0%| F|  |TAMS 0x000000070cc00000, 0x000000070cc00000| Untracked 
|  84|0x000000070ce00000, 0x000000070ce00000, 0x000000070d000000|  0%| F|  |TAMS 0x000000070ce00000, 0x000000070ce00000| Untracked 
|  85|0x000000070d000000, 0x000000070d000000, 0x000000070d200000|  0%| F|  |TAMS 0x000000070d000000, 0x000000070d000000| Untracked 
|  86|0x000000070d200000, 0x000000070d200000, 0x000000070d400000|  0%| F|  |TAMS 0x000000070d200000, 0x000000070d200000| Untracked 
|  87|0x000000070d400000, 0x000000070d400000, 0x000000070d600000|  0%| F|  |TAMS 0x000000070d400000, 0x000000070d400000| Untracked 
|  88|0x000000070d600000, 0x000000070d600000, 0x000000070d800000|  0%| F|  |TAMS 0x000000070d600000, 0x000000070d600000| Untracked 
|  89|0x000000070d800000, 0x000000070d800000, 0x000000070da00000|  0%| F|  |TAMS 0x000000070d800000, 0x000000070d800000| Untracked 
|  90|0x000000070da00000, 0x000000070da00000, 0x000000070dc00000|  0%| F|  |TAMS 0x000000070da00000, 0x000000070da00000| Untracked 
|  91|0x000000070dc00000, 0x000000070dc00000, 0x000000070de00000|  0%| F|  |TAMS 0x000000070dc00000, 0x000000070dc00000| Untracked 
|  92|0x000000070de00000, 0x000000070de00000, 0x000000070e000000|  0%| F|  |TAMS 0x000000070de00000, 0x000000070de00000| Untracked 
|  93|0x000000070e000000, 0x000000070e000000, 0x000000070e200000|  0%| F|  |TAMS 0x000000070e000000, 0x000000070e000000| Untracked 
|  94|0x000000070e200000, 0x000000070e200000, 0x000000070e400000|  0%| F|  |TAMS 0x000000070e200000, 0x000000070e200000| Untracked 
|  95|0x000000070e400000, 0x000000070e400000, 0x000000070e600000|  0%| F|  |TAMS 0x000000070e400000, 0x000000070e400000| Untracked 
|  96|0x000000070e600000, 0x000000070e600000, 0x000000070e800000|  0%| F|  |TAMS 0x000000070e600000, 0x000000070e600000| Untracked 
|  97|0x000000070e800000, 0x000000070e800000, 0x000000070ea00000|  0%| F|  |TAMS 0x000000070e800000, 0x000000070e800000| Untracked 
|  98|0x000000070ea00000, 0x000000070ea00000, 0x000000070ec00000|  0%| F|  |TAMS 0x000000070ea00000, 0x000000070ea00000| Untracked 
|  99|0x000000070ec00000, 0x000000070ec00000, 0x000000070ee00000|  0%| F|  |TAMS 0x000000070ec00000, 0x000000070ec00000| Untracked 
| 100|0x000000070ee00000, 0x000000070ee00000, 0x000000070f000000|  0%| F|  |TAMS 0x000000070ee00000, 0x000000070ee00000| Untracked 
| 101|0x000000070f000000, 0x000000070f000000, 0x000000070f200000|  0%| F|  |TAMS 0x000000070f000000, 0x000000070f000000| Untracked 
| 102|0x000000070f200000, 0x000000070f200000, 0x000000070f400000|  0%| F|  |TAMS 0x000000070f200000, 0x000000070f200000| Untracked 
| 103|0x000000070f400000, 0x000000070f400000, 0x000000070f600000|  0%| F|  |TAMS 0x000000070f400000, 0x000000070f400000| Untracked 
| 104|0x000000070f600000, 0x000000070f600000, 0x000000070f800000|  0%| F|  |TAMS 0x000000070f600000, 0x000000070f600000| Untracked 
| 105|0x000000070f800000, 0x000000070f800000, 0x000000070fa00000|  0%| F|  |TAMS 0x000000070f800000, 0x000000070f800000| Untracked 
| 106|0x000000070fa00000, 0x000000070fa00000, 0x000000070fc00000|  0%| F|  |TAMS 0x000000070fa00000, 0x000000070fa00000| Untracked 
| 107|0x000000070fc00000, 0x000000070fc00000, 0x000000070fe00000|  0%| F|  |TAMS 0x000000070fc00000, 0x000000070fc00000| Untracked 
| 108|0x000000070fe00000, 0x000000070fe00000, 0x0000000710000000|  0%| F|  |TAMS 0x000000070fe00000, 0x000000070fe00000| Untracked 
| 109|0x0000000710000000, 0x0000000710000000, 0x0000000710200000|  0%| F|  |TAMS 0x0000000710000000, 0x0000000710000000| Untracked 
| 110|0x0000000710200000, 0x0000000710200000, 0x0000000710400000|  0%| F|  |TAMS 0x0000000710200000, 0x0000000710200000| Untracked 
| 111|0x0000000710400000, 0x0000000710400000, 0x0000000710600000|  0%| F|  |TAMS 0x0000000710400000, 0x0000000710400000| Untracked 
| 112|0x0000000710600000, 0x0000000710600000, 0x0000000710800000|  0%| F|  |TAMS 0x0000000710600000, 0x0000000710600000| Untracked 
| 113|0x0000000710800000, 0x0000000710800000, 0x0000000710a00000|  0%| F|  |TAMS 0x0000000710800000, 0x0000000710800000| Untracked 
| 114|0x0000000710a00000, 0x0000000710a00000, 0x0000000710c00000|  0%| F|  |TAMS 0x0000000710a00000, 0x0000000710a00000| Untracked 
| 115|0x0000000710c00000, 0x0000000710c00000, 0x0000000710e00000|  0%| F|  |TAMS 0x0000000710c00000, 0x0000000710c00000| Untracked 
| 116|0x0000000710e00000, 0x0000000710e00000, 0x0000000711000000|  0%| F|  |TAMS 0x0000000710e00000, 0x0000000710e00000| Untracked 
| 117|0x0000000711000000, 0x0000000711000000, 0x0000000711200000|  0%| F|  |TAMS 0x0000000711000000, 0x0000000711000000| Untracked 
| 118|0x0000000711200000, 0x0000000711200000, 0x0000000711400000|  0%| F|  |TAMS 0x0000000711200000, 0x0000000711200000| Untracked 
| 119|0x0000000711400000, 0x0000000711400000, 0x0000000711600000|  0%| F|  |TAMS 0x0000000711400000, 0x0000000711400000| Untracked 
| 120|0x0000000711600000, 0x0000000711600000, 0x0000000711800000|  0%| F|  |TAMS 0x0000000711600000, 0x0000000711600000| Untracked 
| 121|0x0000000711800000, 0x0000000711800000, 0x0000000711a00000|  0%| F|  |TAMS 0x0000000711800000, 0x0000000711800000| Untracked 
| 122|0x0000000711a00000, 0x0000000711a00000, 0x0000000711c00000|  0%| F|  |TAMS 0x0000000711a00000, 0x0000000711a00000| Untracked 
| 123|0x0000000711c00000, 0x0000000711c00000, 0x0000000711e00000|  0%| F|  |TAMS 0x0000000711c00000, 0x0000000711c00000| Untracked 
| 124|0x0000000711e00000, 0x0000000711ff12a8, 0x0000000712000000| 97%| E|  |TAMS 0x0000000711e00000, 0x0000000711e00000| Complete 
| 125|0x0000000712000000, 0x0000000712200000, 0x0000000712200000|100%| E|CS|TAMS 0x0000000712000000, 0x0000000712000000| Complete 
| 126|0x0000000712200000, 0x0000000712400000, 0x0000000712400000|100%| E|CS|TAMS 0x0000000712200000, 0x0000000712200000| Complete 

Card table byte_map: [0x000002187eb30000,0x000002187f320000] _byte_map_base: 0x000002187b31d000

Marking Bits (Prev, Next): (CMBitMap*) 0x000002187d493b00, (CMBitMap*) 0x000002187d493b40
 Prev Bits: [0x0000021816870000, 0x000002181a7d8000)
 Next Bits: [0x000002181a7e0000, 0x000002181e748000)

Polling page: 0x000002187bc00000

Metaspace:

Usage:
  Non-class:      1.61 MB used.
      Class:    162.20 KB used.
       Both:      1.77 MB used.

Virtual space:
  Non-class space:       64.00 MB reserved,       1.69 MB (  3%) committed,  1 nodes.
      Class space:        1.00 GB reserved,     192.00 KB ( <1%) committed,  1 nodes.
             Both:        1.06 GB reserved,       1.88 MB ( <1%) committed. 

Chunk freelists:
   Non-Class:  3.68 MB
       Class:  3.69 MB
        Both:  7.37 MB

MaxMetaspaceSize: unlimited
CompressedClassSpaceSize: 1.00 GB
Initial GC threshold: 21.00 MB
Current GC threshold: 21.00 MB
CDS: on
MetaspaceReclaimPolicy: balanced
 - commit_granule_bytes: 65536.
 - commit_granule_words: 8192.
 - virtual_space_node_default_size: 8388608.
 - enlarge_chunks_in_place: 1.
 - new_chunks_are_fully_committed: 0.
 - uncommit_free_chunks: 1.
 - use_allocation_guard: 0.


Internal statistics:

num_allocs_failed_limit: 0.
num_arena_births: 42.
num_arena_deaths: 0.
num_vsnodes_births: 2.
num_vsnodes_deaths: 0.
num_space_committed: 30.
num_space_uncommitted: 0.
num_chunks_returned_to_freelist: 0.
num_chunks_taken_from_freelist: 66.
num_chunk_merges: 0.
num_chunk_splits: 39.
num_chunks_enlarged: 27.
num_inconsistent_stats: 0.

CodeHeap 'non-profiled nmethods': size=120000Kb used=157Kb max_used=157Kb free=119842Kb
 bounds [0x000002180f340000, 0x000002180f5b0000, 0x0000021816870000]
CodeHeap 'profiled nmethods': size=120000Kb used=629Kb max_used=629Kb free=119370Kb
 bounds [0x0000021807e10000, 0x0000021808080000, 0x000002180f340000]
CodeHeap 'non-nmethods': size=5760Kb used=1146Kb max_used=1163Kb free=4613Kb
 bounds [0x0000021807870000, 0x0000021807ae0000, 0x0000021807e10000]
 total_blobs=878 nmethods=456 adapters=335
 compilation: enabled
              stopped_count=0, restarted_count=0
 full_count=0

Compilation events (20 events):
Event: 0.840 Thread 0x000002182547d1e0 nmethod 444 0x000002180f366690 code [0x000002180f366800, 0x000002180f3668f8]
Event: 0.840 Thread 0x0000021820c1f740  445       3       java.util.Arrays::copyOf (40 bytes)
Event: 0.840 Thread 0x0000021820c1f740 nmethod 445 0x0000021807ea8f90 code [0x0000021807ea9180, 0x0000021807ea9868]
Event: 0.840 Thread 0x0000021820c1f740  447       1       java.lang.invoke.LambdaForm$BasicType::basicTypeClass (5 bytes)
Event: 0.840 Thread 0x0000021820c1f740 nmethod 447 0x000002180f366e10 code [0x000002180f366fa0, 0x000002180f367078]
Event: 0.843 Thread 0x0000021820c1f740  448   !   3       java.lang.invoke.MemberName::clone (14 bytes)
Event: 0.843 Thread 0x0000021820c1f740 nmethod 448 0x0000021807ea9a90 code [0x0000021807ea9c60, 0x0000021807ea9fd8]
Event: 0.843 Thread 0x0000021820c1f740  450       3       jdk.internal.org.objectweb.asm.Frame::push (109 bytes)
Event: 0.843 Thread 0x0000021820c1f740 nmethod 450 0x0000021807eaa110 code [0x0000021807eaa2e0, 0x0000021807eaa888]
Event: 0.844 Thread 0x0000021820c1f740  452       3       jdk.internal.org.objectweb.asm.SymbolTable::addConstantUtf8Reference (101 bytes)
Event: 0.844 Thread 0x0000021820c1f740 nmethod 452 0x0000021807eaaa90 code [0x0000021807eaaca0, 0x0000021807eab298]
Event: 0.844 Thread 0x0000021820c1f740  451       3       jdk.internal.org.objectweb.asm.SymbolTable::addConstantClass (8 bytes)
Event: 0.845 Thread 0x0000021820c1f740 nmethod 451 0x0000021807eab590 code [0x0000021807eab720, 0x0000021807eab868]
Event: 0.852 Thread 0x0000021820c1f740  453       3       java.util.concurrent.ConcurrentHashMap$BaseIterator::hasNext (13 bytes)
Event: 0.852 Thread 0x0000021820c1e6b0  454       4       java.lang.Math::min (11 bytes)
Event: 0.852 Thread 0x0000021820c1f740 nmethod 453 0x0000021807eab910 code [0x0000021807eabaa0, 0x0000021807eabc18]
Event: 0.852 Thread 0x0000021820c1e6b0 nmethod 454 0x000002180f367410 code [0x000002180f367580, 0x000002180f3675d8]
Event: 0.853 Thread 0x0000021820c1f740  455       3       java.lang.invoke.MethodTypeForm::canonicalize (59 bytes)
Event: 0.853 Thread 0x0000021820c1f740 nmethod 455 0x0000021807eabc90 code [0x0000021807eabe60, 0x0000021807eac188]
Event: 0.853 Thread 0x0000021820c1f740  456       3       java.lang.invoke.MethodType$ConcurrentWeakInternSet::add (66 bytes)

GC Heap History (0 events):
No events

Deoptimization events (20 events):
Event: 0.772 Thread 0x000002187d41e8e0 Uncommon trap: trap_request=0xffffffc6 fr.pc=0x000002180f34d05c relative=0x0000000000000b3c
Event: 0.773 Thread 0x000002187d41e8e0 Uncommon trap: reason=bimorphic_or_optimized_type_check action=maybe_recompile pc=0x000002180f34d05c method=java.util.HashMap.putVal(ILjava/lang/Object;Ljava/lang/Object;ZZ)Ljava/lang/Object; @ 56 c2
Event: 0.773 Thread 0x000002187d41e8e0 DEOPT PACKING pc=0x000002180f34d05c sp=0x0000008996cfd4b0
Event: 0.773 Thread 0x000002187d41e8e0 DEOPT UNPACKING pc=0x00000218078c23a3 sp=0x0000008996cfd448 mode 2
Event: 0.773 Thread 0x000002187d41e8e0 Uncommon trap: trap_request=0xffffffc6 fr.pc=0x000002180f34d05c relative=0x0000000000000b3c
Event: 0.773 Thread 0x000002187d41e8e0 Uncommon trap: reason=bimorphic_or_optimized_type_check action=maybe_recompile pc=0x000002180f34d05c method=java.util.HashMap.putVal(ILjava/lang/Object;Ljava/lang/Object;ZZ)Ljava/lang/Object; @ 56 c2
Event: 0.773 Thread 0x000002187d41e8e0 DEOPT PACKING pc=0x000002180f34d05c sp=0x0000008996cfd4b0
Event: 0.773 Thread 0x000002187d41e8e0 DEOPT UNPACKING pc=0x00000218078c23a3 sp=0x0000008996cfd448 mode 2
Event: 0.773 Thread 0x000002187d41e8e0 Uncommon trap: trap_request=0xffffffc6 fr.pc=0x000002180f34d05c relative=0x0000000000000b3c
Event: 0.773 Thread 0x000002187d41e8e0 Uncommon trap: reason=bimorphic_or_optimized_type_check action=maybe_recompile pc=0x000002180f34d05c method=java.util.HashMap.putVal(ILjava/lang/Object;Ljava/lang/Object;ZZ)Ljava/lang/Object; @ 56 c2
Event: 0.773 Thread 0x000002187d41e8e0 DEOPT PACKING pc=0x000002180f34d05c sp=0x0000008996cfd4b0
Event: 0.773 Thread 0x000002187d41e8e0 DEOPT UNPACKING pc=0x00000218078c23a3 sp=0x0000008996cfd448 mode 2
Event: 0.773 Thread 0x000002187d41e8e0 Uncommon trap: trap_request=0xffffffc6 fr.pc=0x000002180f34d0b0 relative=0x0000000000000b90
Event: 0.773 Thread 0x000002187d41e8e0 Uncommon trap: reason=bimorphic_or_optimized_type_check action=maybe_recompile pc=0x000002180f34d0b0 method=java.util.HashMap.putVal(ILjava/lang/Object;Ljava/lang/Object;ZZ)Ljava/lang/Object; @ 152 c2
Event: 0.773 Thread 0x000002187d41e8e0 DEOPT PACKING pc=0x000002180f34d0b0 sp=0x0000008996cfd4b0
Event: 0.773 Thread 0x000002187d41e8e0 DEOPT UNPACKING pc=0x00000218078c23a3 sp=0x0000008996cfd450 mode 2
Event: 0.773 Thread 0x000002187d41e8e0 Uncommon trap: trap_request=0xffffffc6 fr.pc=0x000002180f34d0b0 relative=0x0000000000000b90
Event: 0.773 Thread 0x000002187d41e8e0 Uncommon trap: reason=bimorphic_or_optimized_type_check action=maybe_recompile pc=0x000002180f34d0b0 method=java.util.HashMap.putVal(ILjava/lang/Object;Ljava/lang/Object;ZZ)Ljava/lang/Object; @ 152 c2
Event: 0.773 Thread 0x000002187d41e8e0 DEOPT PACKING pc=0x000002180f34d0b0 sp=0x0000008996cfd4b0
Event: 0.773 Thread 0x000002187d41e8e0 DEOPT UNPACKING pc=0x00000218078c23a3 sp=0x0000008996cfd450 mode 2

Classes loaded (20 events):
Event: 0.851 Loading class sun/security/provider/SeedGenerator$1 done
Event: 0.852 Loading class sun/security/provider/ByteArrayAccess
Event: 0.852 Loading class sun/security/provider/ByteArrayAccess done
Event: 0.852 Loading class sun/security/provider/ByteArrayAccess$BE
Event: 0.852 Loading class sun/security/provider/ByteArrayAccess$BE done
Event: 0.852 Loading class java/lang/invoke/VarHandleByteArrayAsInts$ArrayHandle
Event: 0.852 Loading class java/lang/invoke/VarHandleByteArrayAsInts$ByteArrayViewVarHandle
Event: 0.852 Loading class java/lang/invoke/VarHandleByteArrayAsInts$ByteArrayViewVarHandle done
Event: 0.852 Loading class java/lang/invoke/VarHandleByteArrayAsInts$ArrayHandle done
Event: 0.852 Loading class java/lang/invoke/VarHandleByteArrayAsLongs$ArrayHandle
Event: 0.853 Loading class java/lang/invoke/VarHandleByteArrayAsLongs$ByteArrayViewVarHandle
Event: 0.853 Loading class java/lang/invoke/VarHandleByteArrayAsLongs$ByteArrayViewVarHandle done
Event: 0.853 Loading class java/lang/invoke/VarHandleByteArrayAsLongs$ArrayHandle done
Event: 0.853 Loading class java/lang/invoke/VarHandle$TypesAndInvokers
Event: 0.853 Loading class java/lang/invoke/VarHandle$TypesAndInvokers done
Event: 0.853 Loading class java/lang/invoke/VarHandle$1
Event: 0.853 Loading class java/lang/invoke/VarHandle$1 done
Event: 0.853 Loading class java/lang/invoke/VarHandle$VarHandleDesc$Kind
Event: 0.853 Loading class java/lang/invoke/VarHandle$VarHandleDesc$Kind done
Event: 0.853 Loading class java/lang/constant/ConstantDescs

Classes unloaded (0 events):
No events

Classes redefined (0 events):
No events

Internal exceptions (4 events):
Event: 0.213 Thread 0x000002187d41e8e0 Exception <a 'java/lang/NoSuchMethodError'{0x0000000712052980}: 'void java.lang.invoke.DirectMethodHandle$Holder.invokeStatic(java.lang.Object, java.lang.Object, java.lang.Object)'> (0x0000000712052980) 
thrown [s\open\src\hotspot\share\interpreter\linkResolver.cpp, line 759]
Event: 0.218 Thread 0x000002187d41e8e0 Exception <a 'java/lang/NoSuchMethodError'{0x000000071206b698}: 'java.lang.Object java.lang.invoke.Invokers$Holder.invokeExact_MT(java.lang.Object, java.lang.Object, java.lang.Object, java.lang.Object, java.lang.Object)'> (0x000000071206b698) 
thrown [s\open\src\hotspot\share\interpreter\linkResolver.cpp, line 759]
Event: 0.242 Thread 0x000002182517fe80 Exception <a 'java/lang/NoSuchMethodError'{0x00000007120ea7c8}: 'void java.lang.invoke.DirectMethodHandle$Holder.invokeStatic(java.lang.Object, java.lang.Object)'> (0x00000007120ea7c8) 
thrown [s\open\src\hotspot\share\interpreter\linkResolver.cpp, line 759]
Event: 0.843 Thread 0x000002187d41e8e0 Exception <a 'java/lang/NoSuchMethodError'{0x0000000711fc6180}: 'java.lang.Object java.lang.invoke.DirectMethodHandle$Holder.invokeStaticInit(java.lang.Object, int, int, int, int)'> (0x0000000711fc6180) 
thrown [s\open\src\hotspot\share\interpreter\linkResolver.cpp, line 759]

VM Operations (6 events):
Event: 0.173 Executing VM operation: HandshakeAllThreads
Event: 0.173 Executing VM operation: HandshakeAllThreads done
Event: 0.238 Executing VM operation: HandshakeAllThreads
Event: 0.238 Executing VM operation: HandshakeAllThreads done
Event: 0.772 Executing VM operation: HandshakeAllThreads
Event: 0.772 Executing VM operation: HandshakeAllThreads done

Events (20 events):
Event: 0.097 Thread 0x0000021820bfede0 Thread added: 0x0000021820bfede0
Event: 0.112 Thread 0x0000021820c164e0 Thread added: 0x0000021820c164e0
Event: 0.112 Thread 0x0000021820c17da0 Thread added: 0x0000021820c17da0
Event: 0.112 Thread 0x0000021820c18650 Thread added: 0x0000021820c18650
Event: 0.112 Thread 0x0000021820c1b320 Thread added: 0x0000021820c1b320
Event: 0.112 Thread 0x0000021820c1e6b0 Thread added: 0x0000021820c1e6b0
Event: 0.112 Thread 0x0000021820c1f740 Thread added: 0x0000021820c1f740
Event: 0.112 Thread 0x0000021820c23280 Thread added: 0x0000021820c23280
Event: 0.162 Thread 0x0000021820be6040 Thread added: 0x0000021820be6040
Event: 0.186 Loaded shared library F:\java\bin\zip.dll
Event: 0.202 Loaded shared library F:\java\bin\instrument.dll
Event: 0.206 Loaded shared library F:\java\bin\net.dll
Event: 0.207 Loaded shared library F:\java\bin\nio.dll
Event: 0.209 Loaded shared library F:\java\bin\zip.dll
Event: 0.236 Loaded shared library G:\IntelliJ IDEA 2024.2.4\bin\breakgen64.dll
Event: 0.236 Thread 0x000002182517fe80 Thread added: 0x000002182517fe80
Event: 0.236 Thread 0x0000021825180340 Thread added: 0x0000021825180340
Event: 0.775 Loaded shared library F:\java\bin\verify.dll
Event: 0.817 Loaded shared library F:\java\bin\jimage.dll
Event: 0.822 Thread 0x000002182547d1e0 Thread added: 0x000002182547d1e0


Dynamic libraries:
0x00007ff76a5f0000 - 0x00007ff76a600000 	F:\java\bin\java.exe
0x00007fff37d50000 - 0x00007fff37f48000 	C:\Windows\SYSTEM32\ntdll.dll
0x00007fff37930000 - 0x00007fff379f2000 	C:\Windows\System32\KERNEL32.DLL
0x00007fff35500000 - 0x00007fff357f6000 	C:\Windows\System32\KERNELBASE.dll
0x00007fff35c10000 - 0x00007fff35d10000 	C:\Windows\System32\ucrtbase.dll
0x00007fff32510000 - 0x00007fff32528000 	F:\java\bin\jli.dll
0x00007fff32550000 - 0x00007fff3256a000 	F:\java\bin\VCRUNTIME140.dll
0x00007fff37bf0000 - 0x00007fff37c9f000 	C:\Windows\System32\ADVAPI32.dll
0x00007fff363b0000 - 0x00007fff3644e000 	C:\Windows\System32\msvcrt.dll
0x00007fff362b0000 - 0x00007fff3634f000 	C:\Windows\System32\sechost.dll
0x00007fff35f30000 - 0x00007fff36053000 	C:\Windows\System32\RPCRT4.dll
0x00007fff35d40000 - 0x00007fff35d67000 	C:\Windows\System32\bcrypt.dll
0x00007fff36060000 - 0x00007fff361fd000 	C:\Windows\System32\USER32.dll
0x00007fff35d10000 - 0x00007fff35d32000 	C:\Windows\System32\win32u.dll
0x00007fff36650000 - 0x00007fff3667b000 	C:\Windows\System32\GDI32.dll
0x00007fff21ae0000 - 0x00007fff21d7a000 	C:\Windows\WinSxS\amd64_microsoft.windows.common-controls_6595b64144ccf1df_6.0.19041.4355_none_60b8b9eb71f62e16\COMCTL32.dll
0x00007fff353e0000 - 0x00007fff354fa000 	C:\Windows\System32\gdi32full.dll
0x00007fff35b70000 - 0x00007fff35c0d000 	C:\Windows\System32\msvcp_win.dll
0x00007fff34ef0000 - 0x00007fff34efa000 	C:\Windows\SYSTEM32\VERSION.dll
0x00007fff37a00000 - 0x00007fff37a2f000 	C:\Windows\System32\IMM32.DLL
0x0000000075640000 - 0x000000007564d000 	C:\Program Files (x86)\360\360Safe\safemon\SafeWrapper.dll
0x00007fff21780000 - 0x00007fff21885000 	C:\Program Files (x86)\360\360Safe\safemon\libzdtp64.dll
0x00007fff36e70000 - 0x00007fff375df000 	C:\Windows\System32\SHELL32.dll
0x00007fff37b70000 - 0x00007fff37bc5000 	C:\Windows\System32\SHLWAPI.dll
0x00007fff32500000 - 0x00007fff3250c000 	F:\java\bin\vcruntime140_1.dll
0x00007fff1f5d0000 - 0x00007fff1f65d000 	F:\java\bin\msvcp140.dll
0x00007fff08ae0000 - 0x00007fff096f1000 	F:\java\bin\server\jvm.dll
0x00007fff35d70000 - 0x00007fff35d78000 	C:\Windows\System32\PSAPI.DLL
0x00007fff324f0000 - 0x00007fff324f9000 	C:\Windows\SYSTEM32\WSOCK32.dll
0x00007fff1f050000 - 0x00007fff1f077000 	C:\Windows\SYSTEM32\WINMM.dll
0x00007fff37ca0000 - 0x00007fff37d0b000 	C:\Windows\System32\WS2_32.dll
0x00007fff331e0000 - 0x00007fff331f2000 	C:\Windows\SYSTEM32\kernel.appcore.dll
0x00007fff324e0000 - 0x00007fff324ea000 	F:\java\bin\jimage.dll
0x00007fff29c50000 - 0x00007fff29e34000 	C:\Windows\SYSTEM32\DBGHELP.DLL
0x00007fff20b50000 - 0x00007fff20b84000 	C:\Windows\SYSTEM32\dbgcore.DLL
0x00007fff358b0000 - 0x00007fff35932000 	C:\Windows\System32\bcryptPrimitives.dll
0x00007fff32490000 - 0x00007fff3249e000 	F:\java\bin\instrument.dll
0x00007fff2d930000 - 0x00007fff2d955000 	F:\java\bin\java.dll
0x00007fff15b20000 - 0x00007fff15bf6000 	F:\java\bin\jsvml.dll
0x00007fff333e0000 - 0x00007fff33b83000 	C:\Windows\SYSTEM32\windows.storage.dll
0x00007fff36b00000 - 0x00007fff36e55000 	C:\Windows\System32\combase.dll
0x00007fff34d50000 - 0x00007fff34d7b000 	C:\Windows\SYSTEM32\Wldp.dll
0x00007fff36450000 - 0x00007fff3651d000 	C:\Windows\System32\OLEAUT32.dll
0x00007fff36200000 - 0x00007fff362ad000 	C:\Windows\System32\SHCORE.dll
0x00007fff35310000 - 0x00007fff35335000 	C:\Windows\SYSTEM32\profapi.dll
0x00007fff2b4d0000 - 0x00007fff2b4e8000 	F:\java\bin\zip.dll
0x00007fff2f770000 - 0x00007fff2f783000 	F:\java\bin\net.dll
0x00007fff2c2c0000 - 0x00007fff2c3ca000 	C:\Windows\SYSTEM32\WINHTTP.dll
0x00007fff34a60000 - 0x00007fff34acc000 	C:\Windows\system32\mswsock.dll
0x00007fff2cd40000 - 0x00007fff2cd56000 	F:\java\bin\nio.dll
0x00007fff2ac50000 - 0x00007fff2ac6a000 	G:\IntelliJ IDEA 2024.2.4\bin\breakgen64.dll
0x00007fff2f180000 - 0x00007fff2f190000 	F:\java\bin\verify.dll
0x00007fff34cb0000 - 0x00007fff34cc8000 	C:\Windows\SYSTEM32\CRYPTSP.dll
0x00007fff343a0000 - 0x00007fff343d8000 	C:\Windows\system32\rsaenh.dll
0x00007fff352d0000 - 0x00007fff352fe000 	C:\Windows\SYSTEM32\USERENV.dll
0x00007fff34ca0000 - 0x00007fff34cac000 	C:\Windows\SYSTEM32\CRYPTBASE.dll

dbghelp: loaded successfully - version: 4.0.5 - missing functions: none
symbol engine: initialized successfully - sym options: 0x614 - pdb path: .;F:\java\bin;C:\Windows\SYSTEM32;C:\Windows\WinSxS\amd64_microsoft.windows.common-controls_6595b64144ccf1df_6.0.19041.4355_none_60b8b9eb71f62e16;C:\Program Files (x86)\360\360Safe\safemon;F:\java\bin\server;G:\IntelliJ IDEA 2024.2.4\bin

VM Arguments:
jvm_args: -Dmaven.multiModuleProjectDirectory=F:\test1\Academic_Affairs_Management -Djansi.passthrough=true -Dmaven.home=F:\maven\apache-maven-3.6.1 -Dclassworlds.conf=F:\maven\apache-maven-3.6.1\bin\m2.conf -Dmaven.ext.class.path=G:\IntelliJ IDEA 2024.2.4\plugins\maven\lib\maven-event-listener.jar -javaagent:G:\IntelliJ IDEA 2024.2.4\lib\idea_rt.jar=52704:G:\IntelliJ IDEA 2024.2.4\bin -Dfile.encoding=UTF-8 -Dsun.stdout.encoding=UTF-8 -Dsun.stderr.encoding=UTF-8 
java_command: org.codehaus.classworlds.Launcher -Didea.version=2024.2.4 -s F:\maven\apache-maven-3.6.1\conf\settings.xml -Dmaven.repo.local=F:\maven\apache-maven-3.6.1\maven_repository clean
java_class_path (initial): F:\maven\apache-maven-3.6.1\boot\plexus-classworlds-2.6.0.jar
Launcher Type: SUN_STANDARD

[Global flags]
     intx CICompilerCount                          = 4                                         {product} {ergonomic}
     uint ConcGCThreads                            = 2                                         {product} {ergonomic}
     uint G1ConcRefinementThreads                  = 8                                         {product} {ergonomic}
   size_t G1HeapRegionSize                         = 2097152                                   {product} {ergonomic}
    uintx GCDrainStackTargetSize                   = 64                                        {product} {ergonomic}
   size_t InitialHeapSize                          = 266338304                                 {product} {ergonomic}
   size_t MarkStackSize                            = 4194304                                   {product} {ergonomic}
   size_t MaxHeapSize                              = 4255121408                                {product} {ergonomic}
   size_t MaxNewSize                               = 2552233984                                {product} {ergonomic}
   size_t MinHeapDeltaBytes                        = 2097152                                   {product} {ergonomic}
   size_t MinHeapSize                              = 8388608                                   {product} {ergonomic}
    uintx NonNMethodCodeHeapSize                   = 5839372                                {pd product} {ergonomic}
    uintx NonProfiledCodeHeapSize                  = 122909434                              {pd product} {ergonomic}
    uintx ProfiledCodeHeapSize                     = 122909434                              {pd product} {ergonomic}
    uintx ReservedCodeCacheSize                    = 251658240                              {pd product} {ergonomic}
     bool SegmentedCodeCache                       = true                                      {product} {ergonomic}
   size_t SoftMaxHeapSize                          = 4255121408                             {manageable} {ergonomic}
     bool UseCompressedClassPointers               = true                           {product lp64_product} {ergonomic}
     bool UseCompressedOops                        = true                           {product lp64_product} {ergonomic}
     bool UseG1GC                                  = true                                      {product} {ergonomic}
     bool UseLargePagesIndividualAllocation        = false                                  {pd product} {ergonomic}

Logging:
Log output configuration:
 #0: stdout all=warning uptime,level,tags foldmultilines=false
 #1: stderr all=off uptime,level,tags foldmultilines=false

Environment Variables:
JAVA_HOME=F:\java
PATH=C:\Program Files\Common Files\Oracle\Java\javapath;G:\anaconda;G:\anaconda\Library\mingw-w64\bin;G:\anaconda\Library\usr\bin;G:\anaconda\Library\bin;G:\anaconda\Scripts;C:\Windows\system32;C:\Windows;C:\Windows\System32\Wbem;C:\Windows\System32\WindowsPowerShell\v1.0\;C:\Windows\System32\OpenSSH\;C:\Program Files (x86)\NVIDIA Corporation\PhysX\Common;C:\Program Files\Common Files\Autodesk Shared\;G:\ssh;G:\node\;G:\node\node_modules;G:\node\node_modules\node_modules;G:\node\node_modules\node_global;C:\Program Files\MySQL\MySQL Server 8.0\bin;C:\Program Files\dotnet\;G:\Program Files\MongoDB\Server\8.0\bin;G:\eds;g:\CURSOR\resources\app\bin;F:\javabin;G:\lbo\program;F:\maven\apache-maven-3.6.1\bin;D:\jdk\bin;C:\Users\Administrator\AppData\Local\Microsoft\WindowsApps;G:\node\node_global;;G:\pycharm\PyCharm 2024.2.4\bin;;G:\IntelliJ IDEA 2024.2.4\bin;;G:\CURSOR\resources\app\bin
USERNAME=Administrator
OS=Windows_NT
PROCESSOR_IDENTIFIER=Intel64 Family 6 Model 158 Stepping 10, GenuineIntel



---------------  S Y S T E M  ---------------

OS:
 Windows 10 , 64 bit Build 19041 (10.0.19041.5678)
OS uptime: 0 days 3:43 hours

CPU: total 8 (initial active 8) (4 cores per cpu, 2 threads per core) family 6 model 158 stepping 10 microcode 0xb4, cx8, cmov, fxsr, ht, mmx, 3dnowpref, sse, sse2, sse3, ssse3, sse4.1, sse4.2, popcnt, lzcnt, tsc, tscinvbit, avx, avx2, aes, erms, clmul, bmi1, bmi2, adx, fma, vzeroupper, clflush, clflushopt

Memory: 4k page, system-wide physical 16226M (2637M free)
TotalPageFile size 16226M (AvailPageFile size 5M)
current process WorkingSet (physical memory assigned to process): 44M, peak: 44M
current process commit charge ("private bytes"): 346M, peak: 346M

vm_info: Java HotSpot(TM) 64-Bit Server VM (18.0.2.1+1-1) for windows-amd64 JRE (18.0.2.1+1-1), built on Aug 16 2022 01:46:33 by "mach5one" with MS VC++ 16.8 / 16.9 (VS2019)

END.
