#
# There is insufficient memory for the Java Runtime Environment to continue.
# Native memory allocation (malloc) failed to allocate 32744 bytes for Chunk::new
# Possible reasons:
#   The system is out of physical RAM or swap space
#   The process is running with CompressedOops enabled, and the Java Heap may be blocking the growth of the native heap
# Possible solutions:
#   Reduce memory load on the system
#   Increase physical memory or swap space
#   Check if swap backing store is full
#   Decrease Java heap size (-Xmx/-Xms)
#   Decrease number of Java threads
#   Decrease Java thread stack sizes (-Xss)
#   Set larger code cache with -XX:ReservedCodeCacheSize=
#   JVM is running with Zero Based Compressed Oops mode in which the Java heap is
#     placed in the first 32GB address space. The Java Heap base address is the
#     maximum limit for the native heap growth. Please use -XX:HeapBaseMinAddress
#     to set the Java Heap base and to place the Java Heap above 32GB virtual address.
# This output file may be truncated or incomplete.
#
#  Out of Memory Error (arena.cpp:184), pid=15212, tid=3880
#
# JRE version: Java(TM) SE Runtime Environment (18.0.2.1+1) (build 18.0.2.1+1-1)
# Java VM: Java HotSpot(TM) 64-Bit Server VM (18.0.2.1+1-1, mixed mode, emulated-client, sharing, tiered, compressed oops, compressed class ptrs, g1 gc, windows-amd64)
# No core dump will be written. Minidumps are not enabled by default on client versions of Windows
#

---------------  S U M M A R Y ------------

Command Line: -XX:TieredStopAtLevel=1 -Dspring.output.ansi.enabled=always -Dcom.sun.management.jmxremote -Dspring.jmx.enabled=true -Dspring.liveBeansView.mbeanDomain -Dspring.application.admin.enabled=true -Dmanagement.endpoints.jmx.exposure.include=* -javaagent:G:\IntelliJ IDEA 2024.2.4\lib\idea_rt.jar=53897:G:\IntelliJ IDEA 2024.2.4\bin -Dfile.encoding=UTF-8 -Dsun.stdout.encoding=UTF-8 -Dsun.stderr.encoding=UTF-8 com.ouc.aamanagement.AAManagement

Host: Intel(R) Core(TM) i5-8300H CPU @ 2.30GHz, 8 cores, 15G,  Windows 10 , 64 bit Build 19041 (10.0.19041.5678)
Time: Wed Apr 16 12:43:44 2025  Windows 10 , 64 bit Build 19041 (10.0.19041.5678) elapsed time: 4.243792 seconds (0d 0h 0m 4s)

---------------  T H R E A D  ---------------

Current thread (0x0000024677967900):  JavaThread "C1 CompilerThread1" daemon [_thread_in_native, id=3880, stack(0x000000812f800000,0x000000812f900000)]


Current CompileTask:
C1:   4243 1237       1       jdk.internal.org.objectweb.asm.Frame::merge (317 bytes)

Stack: [0x000000812f800000,0x000000812f900000]
Native frames: (J=compiled Java code, j=interpreted, Vv=VM code, C=native code)
V  [jvm.dll+0x6993aa]
V  [jvm.dll+0x7f46dd]
V  [jvm.dll+0x7f5fee]
V  [jvm.dll+0x7f66a3]
V  [jvm.dll+0x25cf1f]
V  [jvm.dll+0xb8c2f]
V  [jvm.dll+0xb8fa5]
V  [jvm.dll+0x1312e5]
V  [jvm.dll+0x18eced]
V  [jvm.dll+0x18f8e3]
V  [jvm.dll+0x148ff3]
V  [jvm.dll+0x1488cf]
V  [jvm.dll+0x148b26]
V  [jvm.dll+0x147f9a]
V  [jvm.dll+0x149c81]
V  [jvm.dll+0x23ee0a]
V  [jvm.dll+0x23d0f5]
V  [jvm.dll+0x7a6dd1]
V  [jvm.dll+0x7a120a]
V  [jvm.dll+0x698255]
C  [ucrtbase.dll+0x21bb2]
C  [KERNEL32.DLL+0x17374]
C  [ntdll.dll+0x4cc91]


---------------  P R O C E S S  ---------------

Threads class SMR info:
_java_thread_list=0x0000024678271110, length=16, elements={
0x000002465be5edd0, 0x0000024670cb0f60, 0x0000024670cb1ad0, 0x0000024670ccca20,
0x0000024670ccd590, 0x0000024670ccee50, 0x0000024670ccf700, 0x0000024670ccffb0,
0x0000024670cd0cb0, 0x000002467795f050, 0x0000024677967900, 0x0000024677967fe0,
0x00000246779684e0, 0x0000024678122cc0, 0x00000246781239a0, 0x00000246782db010
}

Java Threads: ( => current thread )
  0x000002465be5edd0 JavaThread "main" [_thread_in_vm, id=6452, stack(0x000000812e800000,0x000000812e900000)]
  0x0000024670cb0f60 JavaThread "Reference Handler" daemon [_thread_blocked, id=1136, stack(0x000000812ef00000,0x000000812f000000)]
  0x0000024670cb1ad0 JavaThread "Finalizer" daemon [_thread_blocked, id=10000, stack(0x000000812f000000,0x000000812f100000)]
  0x0000024670ccca20 JavaThread "Signal Dispatcher" daemon [_thread_blocked, id=14396, stack(0x000000812f100000,0x000000812f200000)]
  0x0000024670ccd590 JavaThread "Attach Listener" daemon [_thread_blocked, id=16816, stack(0x000000812f200000,0x000000812f300000)]
  0x0000024670ccee50 JavaThread "Service Thread" daemon [_thread_blocked, id=15292, stack(0x000000812f300000,0x000000812f400000)]
  0x0000024670ccf700 JavaThread "Monitor Deflation Thread" daemon [_thread_blocked, id=384, stack(0x000000812f400000,0x000000812f500000)]
  0x0000024670ccffb0 JavaThread "C1 CompilerThread0" daemon [_thread_blocked, id=5232, stack(0x000000812f500000,0x000000812f600000)]
  0x0000024670cd0cb0 JavaThread "Sweeper thread" daemon [_thread_blocked, id=15728, stack(0x000000812f600000,0x000000812f700000)]
  0x000002467795f050 JavaThread "Common-Cleaner" daemon [_thread_blocked, id=10096, stack(0x000000812f700000,0x000000812f800000)]
=>0x0000024677967900 JavaThread "C1 CompilerThread1" daemon [_thread_in_native, id=3880, stack(0x000000812f800000,0x000000812f900000)]
  0x0000024677967fe0 JavaThread "C1 CompilerThread2" daemon [_thread_blocked, id=8464, stack(0x000000812f900000,0x000000812fa00000)]
  0x00000246779684e0 JavaThread "C1 CompilerThread3" daemon [_thread_blocked, id=16876, stack(0x000000812fa00000,0x000000812fb00000)]
  0x0000024678122cc0 JavaThread "Monitor Ctrl-Break" daemon [_thread_in_native, id=14936, stack(0x000000812fb00000,0x000000812fc00000)]
  0x00000246781239a0 JavaThread "Notification Thread" daemon [_thread_blocked, id=17556, stack(0x000000812fc00000,0x000000812fd00000)]
  0x00000246782db010 JavaThread "RMI TCP Accept-0" daemon [_thread_in_native, id=17820, stack(0x000000812fd00000,0x000000812fe00000)]

Other Threads:
  0x0000024670ca81d0 VMThread "VM Thread" [stack: 0x000000812ee00000,0x000000812ef00000] [id=4404]
  0x00000246782459a0 WatcherThread "VM Periodic Task Thread" [stack: 0x000000812fe00000,0x000000812ff00000] [id=2652]
  0x000002465becf650 WorkerThread "GC Thread#0" [stack: 0x000000812e900000,0x000000812ea00000] [id=9072]
  0x00000246782e1b80 WorkerThread "GC Thread#1" [stack: 0x000000812ff00000,0x0000008130000000] [id=10932]
  0x00000246782e1e20 WorkerThread "GC Thread#2" [stack: 0x0000008130000000,0x0000008130100000] [id=4552]
  0x00000246782e20c0 WorkerThread "GC Thread#3" [stack: 0x0000008130100000,0x0000008130200000] [id=6336]
  0x000002467836c040 WorkerThread "GC Thread#4" [stack: 0x0000008130200000,0x0000008130300000] [id=16588]
  0x000002467836c5d0 WorkerThread "GC Thread#5" [stack: 0x0000008130300000,0x0000008130400000] [id=9416]
  0x000002467836c870 WorkerThread "GC Thread#6" [stack: 0x0000008130400000,0x0000008130500000] [id=16664]
  0x000002467836dad0 WorkerThread "GC Thread#7" [stack: 0x0000008130500000,0x0000008130600000] [id=11000]
  0x000002465bede2d0 ConcurrentGCThread "G1 Main Marker" [stack: 0x000000812ea00000,0x000000812eb00000] [id=2744]
  0x000002465bedebd0 WorkerThread "G1 Conc#0" [stack: 0x000000812eb00000,0x000000812ec00000] [id=11992]
  0x0000024670b63ee0 ConcurrentGCThread "G1 Refine#0" [stack: 0x000000812ec00000,0x000000812ed00000] [id=6672]
  0x000002467837f260 ConcurrentGCThread "G1 Refine#1" [stack: 0x0000008130600000,0x0000008130700000] [id=17356]
  0x0000024670b64700 ConcurrentGCThread "G1 Service" [stack: 0x000000812ed00000,0x000000812ee00000] [id=16372]

Threads with active compile tasks:
C1 CompilerThread1     4315 1237       1       jdk.internal.org.objectweb.asm.Frame::merge (317 bytes)

VM state: not at safepoint (normal execution)

VM Mutex/Monitor currently owned by a thread:  ([mutex/lock_event])
[0x000002465be4e020] Metaspace_lock - owner thread: 0x000002465be5edd0

Heap address: 0x0000000702600000, size: 4058 MB, Compressed Oops mode: Zero based, Oop shift amount: 3

CDS archive(s) mapped at: [0x0000000800000000-0x0000000800ba0000-0x0000000800ba0000), size 12189696, SharedBaseAddress: 0x0000000800000000, ArchiveRelocationMode: 0.
Compressed class space mapped at: 0x0000000800c00000-0x0000000840c00000, reserved size: 1073741824
Narrow klass base: 0x0000000800000000, Narrow klass shift: 0, Narrow klass range: 0x100000000

GC Precious Log:
 CardTable entry size: 512
 Card Set container configuration: InlinePtr #cards 4 size 8 Array Of Cards #cards 16 size 48 Howl #buckets 8 coarsen threshold 3686 Howl Bitmap #cards 512 size 80 coarsen threshold 460 Card regions per heap region 1 cards per card region 4096
 CPUs: 8 total, 8 available
 Memory: 16226M
 Large Page Support: Disabled
 NUMA Support: Disabled
 Compressed Oops: Enabled (Zero based)
 Heap Region Size: 2M
 Heap Min Capacity: 8M
 Heap Initial Capacity: 254M
 Heap Max Capacity: 4058M
 Pre-touch: Disabled
 Parallel Workers: 8
 Concurrent Workers: 2
 Concurrent Refinement Workers: 8
 Periodic GC: Disabled

Heap:
 garbage-first heap   total 260096K, used 18507K [0x0000000702600000, 0x0000000800000000)
  region size 2048K, 5 young (10240K), 2 survivors (4096K)
 Metaspace       used 6372K, committed 6528K, reserved 1114112K
  class space    used 748K, committed 832K, reserved 1048576K

Heap Regions: E=young(eden), S=young(survivor), O=old, HS=humongous(starts), HC=humongous(continues), CS=collection set, F=free, OA=open archive, CA=closed archive, TAMS=top-at-mark-start (previous, next)
|   0|0x0000000702600000, 0x0000000702800000, 0x0000000702800000|100%|HS|  |TAMS 0x0000000702600000, 0x0000000702600000| Complete 
|   1|0x0000000702800000, 0x0000000702a00000, 0x0000000702a00000|100%| O|  |TAMS 0x0000000702800000, 0x0000000702800000| Untracked 
|   2|0x0000000702a00000, 0x0000000702c00000, 0x0000000702c00000|100%| O|  |TAMS 0x0000000702a00000, 0x0000000702a00000| Untracked 
|   3|0x0000000702c00000, 0x0000000702e00000, 0x0000000702e00000|100%| O|  |TAMS 0x0000000702c00000, 0x0000000702c00000| Untracked 
|   4|0x0000000702e00000, 0x0000000703000000, 0x0000000703000000|100%| O|  |TAMS 0x0000000702e00000, 0x0000000702e00000| Untracked 
|   5|0x0000000703000000, 0x0000000703012c00, 0x0000000703200000|  3%| O|  |TAMS 0x0000000703000000, 0x0000000703000000| Untracked 
|   6|0x0000000703200000, 0x0000000703200000, 0x0000000703400000|  0%| F|  |TAMS 0x0000000703200000, 0x0000000703200000| Untracked 
|   7|0x0000000703400000, 0x0000000703400000, 0x0000000703600000|  0%| F|  |TAMS 0x0000000703400000, 0x0000000703400000| Untracked 
|   8|0x0000000703600000, 0x0000000703600000, 0x0000000703800000|  0%| F|  |TAMS 0x0000000703600000, 0x0000000703600000| Untracked 
|   9|0x0000000703800000, 0x0000000703800000, 0x0000000703a00000|  0%| F|  |TAMS 0x0000000703800000, 0x0000000703800000| Untracked 
|  10|0x0000000703a00000, 0x0000000703a00000, 0x0000000703c00000|  0%| F|  |TAMS 0x0000000703a00000, 0x0000000703a00000| Untracked 
|  11|0x0000000703c00000, 0x0000000703c00000, 0x0000000703e00000|  0%| F|  |TAMS 0x0000000703c00000, 0x0000000703c00000| Untracked 
|  12|0x0000000703e00000, 0x0000000703e00000, 0x0000000704000000|  0%| F|  |TAMS 0x0000000703e00000, 0x0000000703e00000| Untracked 
|  13|0x0000000704000000, 0x0000000704000000, 0x0000000704200000|  0%| F|  |TAMS 0x0000000704000000, 0x0000000704000000| Untracked 
|  14|0x0000000704200000, 0x0000000704200000, 0x0000000704400000|  0%| F|  |TAMS 0x0000000704200000, 0x0000000704200000| Untracked 
|  15|0x0000000704400000, 0x0000000704400000, 0x0000000704600000|  0%| F|  |TAMS 0x0000000704400000, 0x0000000704400000| Untracked 
|  16|0x0000000704600000, 0x0000000704600000, 0x0000000704800000|  0%| F|  |TAMS 0x0000000704600000, 0x0000000704600000| Untracked 
|  17|0x0000000704800000, 0x0000000704800000, 0x0000000704a00000|  0%| F|  |TAMS 0x0000000704800000, 0x0000000704800000| Untracked 
|  18|0x0000000704a00000, 0x0000000704a00000, 0x0000000704c00000|  0%| F|  |TAMS 0x0000000704a00000, 0x0000000704a00000| Untracked 
|  19|0x0000000704c00000, 0x0000000704c00000, 0x0000000704e00000|  0%| F|  |TAMS 0x0000000704c00000, 0x0000000704c00000| Untracked 
|  20|0x0000000704e00000, 0x0000000704e00000, 0x0000000705000000|  0%| F|  |TAMS 0x0000000704e00000, 0x0000000704e00000| Untracked 
|  21|0x0000000705000000, 0x0000000705000000, 0x0000000705200000|  0%| F|  |TAMS 0x0000000705000000, 0x0000000705000000| Untracked 
|  22|0x0000000705200000, 0x0000000705200000, 0x0000000705400000|  0%| F|  |TAMS 0x0000000705200000, 0x0000000705200000| Untracked 
|  23|0x0000000705400000, 0x0000000705400000, 0x0000000705600000|  0%| F|  |TAMS 0x0000000705400000, 0x0000000705400000| Untracked 
|  24|0x0000000705600000, 0x0000000705600000, 0x0000000705800000|  0%| F|  |TAMS 0x0000000705600000, 0x0000000705600000| Untracked 
|  25|0x0000000705800000, 0x0000000705800000, 0x0000000705a00000|  0%| F|  |TAMS 0x0000000705800000, 0x0000000705800000| Untracked 
|  26|0x0000000705a00000, 0x0000000705a00000, 0x0000000705c00000|  0%| F|  |TAMS 0x0000000705a00000, 0x0000000705a00000| Untracked 
|  27|0x0000000705c00000, 0x0000000705c00000, 0x0000000705e00000|  0%| F|  |TAMS 0x0000000705c00000, 0x0000000705c00000| Untracked 
|  28|0x0000000705e00000, 0x0000000705e00000, 0x0000000706000000|  0%| F|  |TAMS 0x0000000705e00000, 0x0000000705e00000| Untracked 
|  29|0x0000000706000000, 0x0000000706000000, 0x0000000706200000|  0%| F|  |TAMS 0x0000000706000000, 0x0000000706000000| Untracked 
|  30|0x0000000706200000, 0x0000000706200000, 0x0000000706400000|  0%| F|  |TAMS 0x0000000706200000, 0x0000000706200000| Untracked 
|  31|0x0000000706400000, 0x0000000706400000, 0x0000000706600000|  0%| F|  |TAMS 0x0000000706400000, 0x0000000706400000| Untracked 
|  32|0x0000000706600000, 0x0000000706600000, 0x0000000706800000|  0%| F|  |TAMS 0x0000000706600000, 0x0000000706600000| Untracked 
|  33|0x0000000706800000, 0x0000000706800000, 0x0000000706a00000|  0%| F|  |TAMS 0x0000000706800000, 0x0000000706800000| Untracked 
|  34|0x0000000706a00000, 0x0000000706a00000, 0x0000000706c00000|  0%| F|  |TAMS 0x0000000706a00000, 0x0000000706a00000| Untracked 
|  35|0x0000000706c00000, 0x0000000706c00000, 0x0000000706e00000|  0%| F|  |TAMS 0x0000000706c00000, 0x0000000706c00000| Untracked 
|  36|0x0000000706e00000, 0x0000000706e00000, 0x0000000707000000|  0%| F|  |TAMS 0x0000000706e00000, 0x0000000706e00000| Untracked 
|  37|0x0000000707000000, 0x0000000707000000, 0x0000000707200000|  0%| F|  |TAMS 0x0000000707000000, 0x0000000707000000| Untracked 
|  38|0x0000000707200000, 0x0000000707200000, 0x0000000707400000|  0%| F|  |TAMS 0x0000000707200000, 0x0000000707200000| Untracked 
|  39|0x0000000707400000, 0x0000000707400000, 0x0000000707600000|  0%| F|  |TAMS 0x0000000707400000, 0x0000000707400000| Untracked 
|  40|0x0000000707600000, 0x0000000707600000, 0x0000000707800000|  0%| F|  |TAMS 0x0000000707600000, 0x0000000707600000| Untracked 
|  41|0x0000000707800000, 0x0000000707800000, 0x0000000707a00000|  0%| F|  |TAMS 0x0000000707800000, 0x0000000707800000| Untracked 
|  42|0x0000000707a00000, 0x0000000707a00000, 0x0000000707c00000|  0%| F|  |TAMS 0x0000000707a00000, 0x0000000707a00000| Untracked 
|  43|0x0000000707c00000, 0x0000000707c00000, 0x0000000707e00000|  0%| F|  |TAMS 0x0000000707c00000, 0x0000000707c00000| Untracked 
|  44|0x0000000707e00000, 0x0000000707e00000, 0x0000000708000000|  0%| F|  |TAMS 0x0000000707e00000, 0x0000000707e00000| Untracked 
|  45|0x0000000708000000, 0x0000000708000000, 0x0000000708200000|  0%| F|  |TAMS 0x0000000708000000, 0x0000000708000000| Untracked 
|  46|0x0000000708200000, 0x0000000708200000, 0x0000000708400000|  0%| F|  |TAMS 0x0000000708200000, 0x0000000708200000| Untracked 
|  47|0x0000000708400000, 0x0000000708400000, 0x0000000708600000|  0%| F|  |TAMS 0x0000000708400000, 0x0000000708400000| Untracked 
|  48|0x0000000708600000, 0x0000000708600000, 0x0000000708800000|  0%| F|  |TAMS 0x0000000708600000, 0x0000000708600000| Untracked 
|  49|0x0000000708800000, 0x0000000708800000, 0x0000000708a00000|  0%| F|  |TAMS 0x0000000708800000, 0x0000000708800000| Untracked 
|  50|0x0000000708a00000, 0x0000000708a00000, 0x0000000708c00000|  0%| F|  |TAMS 0x0000000708a00000, 0x0000000708a00000| Untracked 
|  51|0x0000000708c00000, 0x0000000708c00000, 0x0000000708e00000|  0%| F|  |TAMS 0x0000000708c00000, 0x0000000708c00000| Untracked 
|  52|0x0000000708e00000, 0x0000000708e00000, 0x0000000709000000|  0%| F|  |TAMS 0x0000000708e00000, 0x0000000708e00000| Untracked 
|  53|0x0000000709000000, 0x0000000709000000, 0x0000000709200000|  0%| F|  |TAMS 0x0000000709000000, 0x0000000709000000| Untracked 
|  54|0x0000000709200000, 0x0000000709200000, 0x0000000709400000|  0%| F|  |TAMS 0x0000000709200000, 0x0000000709200000| Untracked 
|  55|0x0000000709400000, 0x0000000709400000, 0x0000000709600000|  0%| F|  |TAMS 0x0000000709400000, 0x0000000709400000| Untracked 
|  56|0x0000000709600000, 0x0000000709600000, 0x0000000709800000|  0%| F|  |TAMS 0x0000000709600000, 0x0000000709600000| Untracked 
|  57|0x0000000709800000, 0x0000000709800000, 0x0000000709a00000|  0%| F|  |TAMS 0x0000000709800000, 0x0000000709800000| Untracked 
|  58|0x0000000709a00000, 0x0000000709a00000, 0x0000000709c00000|  0%| F|  |TAMS 0x0000000709a00000, 0x0000000709a00000| Untracked 
|  59|0x0000000709c00000, 0x0000000709c00000, 0x0000000709e00000|  0%| F|  |TAMS 0x0000000709c00000, 0x0000000709c00000| Untracked 
|  60|0x0000000709e00000, 0x0000000709e00000, 0x000000070a000000|  0%| F|  |TAMS 0x0000000709e00000, 0x0000000709e00000| Untracked 
|  61|0x000000070a000000, 0x000000070a000000, 0x000000070a200000|  0%| F|  |TAMS 0x000000070a000000, 0x000000070a000000| Untracked 
|  62|0x000000070a200000, 0x000000070a200000, 0x000000070a400000|  0%| F|  |TAMS 0x000000070a200000, 0x000000070a200000| Untracked 
|  63|0x000000070a400000, 0x000000070a400000, 0x000000070a600000|  0%| F|  |TAMS 0x000000070a400000, 0x000000070a400000| Untracked 
|  64|0x000000070a600000, 0x000000070a600000, 0x000000070a800000|  0%| F|  |TAMS 0x000000070a600000, 0x000000070a600000| Untracked 
|  65|0x000000070a800000, 0x000000070a800000, 0x000000070aa00000|  0%| F|  |TAMS 0x000000070a800000, 0x000000070a800000| Untracked 
|  66|0x000000070aa00000, 0x000000070aa00000, 0x000000070ac00000|  0%| F|  |TAMS 0x000000070aa00000, 0x000000070aa00000| Untracked 
|  67|0x000000070ac00000, 0x000000070ac00000, 0x000000070ae00000|  0%| F|  |TAMS 0x000000070ac00000, 0x000000070ac00000| Untracked 
|  68|0x000000070ae00000, 0x000000070ae00000, 0x000000070b000000|  0%| F|  |TAMS 0x000000070ae00000, 0x000000070ae00000| Untracked 
|  69|0x000000070b000000, 0x000000070b000000, 0x000000070b200000|  0%| F|  |TAMS 0x000000070b000000, 0x000000070b000000| Untracked 
|  70|0x000000070b200000, 0x000000070b200000, 0x000000070b400000|  0%| F|  |TAMS 0x000000070b200000, 0x000000070b200000| Untracked 
|  71|0x000000070b400000, 0x000000070b400000, 0x000000070b600000|  0%| F|  |TAMS 0x000000070b400000, 0x000000070b400000| Untracked 
|  72|0x000000070b600000, 0x000000070b600000, 0x000000070b800000|  0%| F|  |TAMS 0x000000070b600000, 0x000000070b600000| Untracked 
|  73|0x000000070b800000, 0x000000070b800000, 0x000000070ba00000|  0%| F|  |TAMS 0x000000070b800000, 0x000000070b800000| Untracked 
|  74|0x000000070ba00000, 0x000000070ba00000, 0x000000070bc00000|  0%| F|  |TAMS 0x000000070ba00000, 0x000000070ba00000| Untracked 
|  75|0x000000070bc00000, 0x000000070bc00000, 0x000000070be00000|  0%| F|  |TAMS 0x000000070bc00000, 0x000000070bc00000| Untracked 
|  76|0x000000070be00000, 0x000000070be00000, 0x000000070c000000|  0%| F|  |TAMS 0x000000070be00000, 0x000000070be00000| Untracked 
|  77|0x000000070c000000, 0x000000070c000000, 0x000000070c200000|  0%| F|  |TAMS 0x000000070c000000, 0x000000070c000000| Untracked 
|  78|0x000000070c200000, 0x000000070c200000, 0x000000070c400000|  0%| F|  |TAMS 0x000000070c200000, 0x000000070c200000| Untracked 
|  79|0x000000070c400000, 0x000000070c400000, 0x000000070c600000|  0%| F|  |TAMS 0x000000070c400000, 0x000000070c400000| Untracked 
|  80|0x000000070c600000, 0x000000070c600000, 0x000000070c800000|  0%| F|  |TAMS 0x000000070c600000, 0x000000070c600000| Untracked 
|  81|0x000000070c800000, 0x000000070c800000, 0x000000070ca00000|  0%| F|  |TAMS 0x000000070c800000, 0x000000070c800000| Untracked 
|  82|0x000000070ca00000, 0x000000070ca00000, 0x000000070cc00000|  0%| F|  |TAMS 0x000000070ca00000, 0x000000070ca00000| Untracked 
|  83|0x000000070cc00000, 0x000000070cc00000, 0x000000070ce00000|  0%| F|  |TAMS 0x000000070cc00000, 0x000000070cc00000| Untracked 
|  84|0x000000070ce00000, 0x000000070ce00000, 0x000000070d000000|  0%| F|  |TAMS 0x000000070ce00000, 0x000000070ce00000| Untracked 
|  85|0x000000070d000000, 0x000000070d000000, 0x000000070d200000|  0%| F|  |TAMS 0x000000070d000000, 0x000000070d000000| Untracked 
|  86|0x000000070d200000, 0x000000070d200000, 0x000000070d400000|  0%| F|  |TAMS 0x000000070d200000, 0x000000070d200000| Untracked 
|  87|0x000000070d400000, 0x000000070d400000, 0x000000070d600000|  0%| F|  |TAMS 0x000000070d400000, 0x000000070d400000| Untracked 
|  88|0x000000070d600000, 0x000000070d600000, 0x000000070d800000|  0%| F|  |TAMS 0x000000070d600000, 0x000000070d600000| Untracked 
|  89|0x000000070d800000, 0x000000070d800000, 0x000000070da00000|  0%| F|  |TAMS 0x000000070d800000, 0x000000070d800000| Untracked 
|  90|0x000000070da00000, 0x000000070da00000, 0x000000070dc00000|  0%| F|  |TAMS 0x000000070da00000, 0x000000070da00000| Untracked 
|  91|0x000000070dc00000, 0x000000070dc00000, 0x000000070de00000|  0%| F|  |TAMS 0x000000070dc00000, 0x000000070dc00000| Untracked 
|  92|0x000000070de00000, 0x000000070de00000, 0x000000070e000000|  0%| F|  |TAMS 0x000000070de00000, 0x000000070de00000| Untracked 
|  93|0x000000070e000000, 0x000000070e000000, 0x000000070e200000|  0%| F|  |TAMS 0x000000070e000000, 0x000000070e000000| Untracked 
|  94|0x000000070e200000, 0x000000070e200000, 0x000000070e400000|  0%| F|  |TAMS 0x000000070e200000, 0x000000070e200000| Untracked 
|  95|0x000000070e400000, 0x000000070e400000, 0x000000070e600000|  0%| F|  |TAMS 0x000000070e400000, 0x000000070e400000| Untracked 
|  96|0x000000070e600000, 0x000000070e600000, 0x000000070e800000|  0%| F|  |TAMS 0x000000070e600000, 0x000000070e600000| Untracked 
|  97|0x000000070e800000, 0x000000070e800000, 0x000000070ea00000|  0%| F|  |TAMS 0x000000070e800000, 0x000000070e800000| Untracked 
|  98|0x000000070ea00000, 0x000000070ea00000, 0x000000070ec00000|  0%| F|  |TAMS 0x000000070ea00000, 0x000000070ea00000| Untracked 
|  99|0x000000070ec00000, 0x000000070ec00000, 0x000000070ee00000|  0%| F|  |TAMS 0x000000070ec00000, 0x000000070ec00000| Untracked 
| 100|0x000000070ee00000, 0x000000070ee00000, 0x000000070f000000|  0%| F|  |TAMS 0x000000070ee00000, 0x000000070ee00000| Untracked 
| 101|0x000000070f000000, 0x000000070f000000, 0x000000070f200000|  0%| F|  |TAMS 0x000000070f000000, 0x000000070f000000| Untracked 
| 102|0x000000070f200000, 0x000000070f200000, 0x000000070f400000|  0%| F|  |TAMS 0x000000070f200000, 0x000000070f200000| Untracked 
| 103|0x000000070f400000, 0x000000070f400000, 0x000000070f600000|  0%| F|  |TAMS 0x000000070f400000, 0x000000070f400000| Untracked 
| 104|0x000000070f600000, 0x000000070f600000, 0x000000070f800000|  0%| F|  |TAMS 0x000000070f600000, 0x000000070f600000| Untracked 
| 105|0x000000070f800000, 0x000000070f800000, 0x000000070fa00000|  0%| F|  |TAMS 0x000000070f800000, 0x000000070f800000| Untracked 
| 106|0x000000070fa00000, 0x000000070fa00000, 0x000000070fc00000|  0%| F|  |TAMS 0x000000070fa00000, 0x000000070fa00000| Untracked 
| 107|0x000000070fc00000, 0x000000070fc00000, 0x000000070fe00000|  0%| F|  |TAMS 0x000000070fc00000, 0x000000070fc00000| Untracked 
| 108|0x000000070fe00000, 0x000000070fe00000, 0x0000000710000000|  0%| F|  |TAMS 0x000000070fe00000, 0x000000070fe00000| Untracked 
| 109|0x0000000710000000, 0x0000000710000000, 0x0000000710200000|  0%| F|  |TAMS 0x0000000710000000, 0x0000000710000000| Untracked 
| 110|0x0000000710200000, 0x0000000710200000, 0x0000000710400000|  0%| F|  |TAMS 0x0000000710200000, 0x0000000710200000| Untracked 
| 111|0x0000000710400000, 0x0000000710400000, 0x0000000710600000|  0%| F|  |TAMS 0x0000000710400000, 0x0000000710400000| Untracked 
| 112|0x0000000710600000, 0x0000000710600000, 0x0000000710800000|  0%| F|  |TAMS 0x0000000710600000, 0x0000000710600000| Untracked 
| 113|0x0000000710800000, 0x0000000710800000, 0x0000000710a00000|  0%| F|  |TAMS 0x0000000710800000, 0x0000000710800000| Untracked 
| 114|0x0000000710a00000, 0x0000000710c00000, 0x0000000710c00000|100%| S|CS|TAMS 0x0000000710a00000, 0x0000000710a00000| Complete 
| 115|0x0000000710c00000, 0x0000000710e00000, 0x0000000710e00000|100%| S|CS|TAMS 0x0000000710c00000, 0x0000000710c00000| Complete 
| 116|0x0000000710e00000, 0x0000000710e00000, 0x0000000711000000|  0%| F|  |TAMS 0x0000000710e00000, 0x0000000710e00000| Untracked 
| 117|0x0000000711000000, 0x0000000711000000, 0x0000000711200000|  0%| F|  |TAMS 0x0000000711000000, 0x0000000711000000| Untracked 
| 118|0x0000000711200000, 0x0000000711200000, 0x0000000711400000|  0%| F|  |TAMS 0x0000000711200000, 0x0000000711200000| Untracked 
| 119|0x0000000711400000, 0x0000000711400000, 0x0000000711600000|  0%| F|  |TAMS 0x0000000711400000, 0x0000000711400000| Untracked 
| 120|0x0000000711600000, 0x0000000711600000, 0x0000000711800000|  0%| F|  |TAMS 0x0000000711600000, 0x0000000711600000| Untracked 
| 121|0x0000000711800000, 0x0000000711800000, 0x0000000711a00000|  0%| F|  |TAMS 0x0000000711800000, 0x0000000711800000| Untracked 
| 122|0x0000000711a00000, 0x0000000711a00000, 0x0000000711c00000|  0%| F|  |TAMS 0x0000000711a00000, 0x0000000711a00000| Untracked 
| 123|0x0000000711c00000, 0x0000000711c00000, 0x0000000711e00000|  0%| F|  |TAMS 0x0000000711c00000, 0x0000000711c00000| Untracked 
| 124|0x0000000711e00000, 0x0000000711f04b20, 0x0000000712000000| 50%| E|  |TAMS 0x0000000711e00000, 0x0000000711e00000| Complete 
| 125|0x0000000712000000, 0x0000000712200000, 0x0000000712200000|100%| E|CS|TAMS 0x0000000712000000, 0x0000000712000000| Complete 
| 126|0x0000000712200000, 0x0000000712400000, 0x0000000712400000|100%| E|CS|TAMS 0x0000000712200000, 0x0000000712200000| Complete 

Card table byte_map: [0x0000024667bc0000,0x00000246683b0000] _byte_map_base: 0x00000246643ad000

Marking Bits (Prev, Next): (CMBitMap*) 0x000002465bed1b80, (CMBitMap*) 0x000002465bed1bc0
 Prev Bits: [0x0000024668ba0000, 0x000002466cb08000)
 Next Bits: [0x000002466cb10000, 0x0000024670a78000)

Polling page: 0x000002465a590000

Metaspace:

Usage:
  Non-class:      5.49 MB used.
      Class:    748.42 KB used.
       Both:      6.22 MB used.

Virtual space:
  Non-class space:       64.00 MB reserved,       5.56 MB (  9%) committed,  1 nodes.
      Class space:        1.00 GB reserved,     832.00 KB ( <1%) committed,  1 nodes.
             Both:        1.06 GB reserved,       6.38 MB ( <1%) committed. 

Chunk freelists:
   Non-Class:  1.80 MB
       Class:  3.10 MB
        Both:  4.90 MB

MaxMetaspaceSize: unlimited
CompressedClassSpaceSize: 1.00 GB
Initial GC threshold: 21.00 MB
Current GC threshold: 21.00 MB
CDS: on
MetaspaceReclaimPolicy: balanced
 - commit_granule_bytes: 65536.
 - commit_granule_words: 8192.
 - virtual_space_node_default_size: 8388608.
 - enlarge_chunks_in_place: 1.
 - new_chunks_are_fully_committed: 0.
 - uncommit_free_chunks: 1.
 - use_allocation_guard: 0.


Internal statistics:

num_allocs_failed_limit: 0.
num_arena_births: 126.
num_arena_deaths: 0.
num_vsnodes_births: 2.
num_vsnodes_deaths: 0.
num_space_committed: 102.
num_space_uncommitted: 0.
num_chunks_returned_to_freelist: 0.
num_chunks_taken_from_freelist: 199.
num_chunk_merges: 0.
num_chunk_splits: 135.
num_chunks_enlarged: 88.
num_inconsistent_stats: 0.

CodeCache: size=49152Kb used=4606Kb max_used=4606Kb free=44545Kb
 bounds [0x0000024663b50000, 0x0000024663fd0000, 0x0000024666b50000]
 total_blobs=1702 nmethods=1236 adapters=391
 compilation: enabled
              stopped_count=0, restarted_count=0
 full_count=0

Compilation events (20 events):
Event: 4.145 Thread 0x0000024677967fe0 nmethod 1227 0x0000024663fc5010 code [0x0000024663fc51c0, 0x0000024663fc5308]
Event: 4.146 Thread 0x0000024677967fe0 1228       1       java.util.zip.ZipUtils::CENATX_PERMS (9 bytes)
Event: 4.146 Thread 0x0000024677967fe0 nmethod 1228 0x0000024663fc5390 code [0x0000024663fc5520, 0x0000024663fc5638]
Event: 4.154 Thread 0x0000024677967fe0 1229       1       java.lang.Byte::<init> (10 bytes)
Event: 4.154 Thread 0x0000024670ccffb0 1230       1       java.lang.Short::<init> (10 bytes)
Event: 4.154 Thread 0x0000024677967fe0 nmethod 1229 0x0000024663fc5710 code [0x0000024663fc58a0, 0x0000024663fc5978]
Event: 4.154 Thread 0x0000024670ccffb0 nmethod 1230 0x0000024663fc5a10 code [0x0000024663fc5ba0, 0x0000024663fc5c78]
Event: 4.159 Thread 0x0000024670ccffb0 1231       1       java.util.concurrent.CopyOnWriteArrayList::getArray (5 bytes)
Event: 4.159 Thread 0x0000024670ccffb0 nmethod 1231 0x0000024663fc5d10 code [0x0000024663fc5ea0, 0x0000024663fc5f78]
Event: 4.161 Thread 0x0000024670ccffb0 1232       1       java.lang.reflect.Constructor::getModifiers (5 bytes)
Event: 4.161 Thread 0x0000024670ccffb0 nmethod 1232 0x0000024663fc6010 code [0x0000024663fc61a0, 0x0000024663fc6278]
Event: 4.167 Thread 0x0000024670ccffb0 1233       1       java.util.jar.JarFile::maybeInstantiateVerifier (42 bytes)
Event: 4.167 Thread 0x0000024670ccffb0 nmethod 1233 0x0000024663fc6310 code [0x0000024663fc64c0, 0x0000024663fc6658]
Event: 4.168 Thread 0x0000024670ccffb0 1234       1       java.net.URLStreamHandler::parseURL (1124 bytes)
Event: 4.183 Thread 0x0000024677967fe0 1235       1       java.io.WinNTFileSystem::resolve (275 bytes)
Event: 4.184 Thread 0x0000024677967900 1236       1       sun.reflect.generics.parser.SignatureParser::skipIdentifier (67 bytes)
Event: 4.184 Thread 0x0000024677967900 nmethod 1236 0x0000024663fc6710 code [0x0000024663fc68e0, 0x0000024663fc6aa8]
Event: 4.185 Thread 0x0000024677967900 1237       1       jdk.internal.org.objectweb.asm.Frame::merge (317 bytes)
Event: 4.188 Thread 0x0000024677967fe0 nmethod 1235 0x0000024663fce090 code [0x0000024663fce300, 0x0000024663fcf0b8]
Event: 4.188 Thread 0x0000024670ccffb0 nmethod 1234 0x0000024663fc6c10 code [0x0000024663fc74c0, 0x0000024663fcb398]

GC Heap History (2 events):
Event: 3.949 GC heap before
{Heap before GC invocations=0 (full 0):
 garbage-first heap   total 260096K, used 22528K [0x0000000702600000, 0x0000000800000000)
  region size 2048K, 11 young (22528K), 0 survivors (0K)
 Metaspace       used 5321K, committed 5504K, reserved 1114112K
  class space    used 627K, committed 704K, reserved 1048576K
}
Event: 3.963 GC heap after
{Heap after GC invocations=1 (full 0):
 garbage-first heap   total 260096K, used 14411K [0x0000000702600000, 0x0000000800000000)
  region size 2048K, 2 young (4096K), 2 survivors (4096K)
 Metaspace       used 5321K, committed 5504K, reserved 1114112K
  class space    used 627K, committed 704K, reserved 1048576K
}

Deoptimization events (0 events):
No events

Classes loaded (20 events):
Event: 4.095 Loading class sun/net/www/protocol/jar/JarFileFactory
Event: 4.095 Loading class sun/net/www/protocol/jar/URLJarFile$URLJarFileCloseController
Event: 4.095 Loading class sun/net/www/protocol/jar/URLJarFile$URLJarFileCloseController done
Event: 4.095 Loading class sun/net/www/protocol/jar/JarFileFactory done
Event: 4.096 Loading class sun/net/www/protocol/jar/URLJarFile
Event: 4.096 Loading class sun/net/www/protocol/jar/URLJarFile done
Event: 4.097 Loading class sun/net/www/protocol/jar/URLJarFile$URLJarFileEntry
Event: 4.098 Loading class sun/net/www/protocol/jar/URLJarFile$URLJarFileEntry done
Event: 4.098 Loading class sun/net/www/protocol/jar/JarURLConnection$JarURLInputStream
Event: 4.098 Loading class sun/net/www/protocol/jar/JarURLConnection$JarURLInputStream done
Event: 4.115 Loading class java/lang/invoke/DirectMethodHandle$Special
Event: 4.133 Loading class java/lang/invoke/DirectMethodHandle$Special done
Event: 4.153 Loading class java/lang/Byte$ByteCache
Event: 4.154 Loading class java/lang/Byte$ByteCache done
Event: 4.154 Loading class java/lang/Short$ShortCache
Event: 4.154 Loading class java/lang/Short$ShortCache done
Event: 4.155 Loading class java/lang/reflect/UndeclaredThrowableException
Event: 4.156 Loading class java/lang/reflect/UndeclaredThrowableException done
Event: 4.184 Loading class java/lang/FunctionalInterface
Event: 4.184 Loading class java/lang/FunctionalInterface done

Classes unloaded (0 events):
No events

Classes redefined (0 events):
No events

Internal exceptions (20 events):
Event: 1.926 Thread 0x000002465be5edd0 Exception <a 'java/lang/NoSuchMethodError'{0x00000007115eafa8}: 'void java.lang.invoke.DirectMethodHandle$Holder.invokeStatic(java.lang.Object, java.lang.Object, java.lang.Object)'> (0x00000007115eafa8) 
thrown [s\open\src\hotspot\share\interpreter\linkResolver.cpp, line 759]
Event: 1.933 Thread 0x000002465be5edd0 Exception <a 'java/lang/NoSuchMethodError'{0x0000000711203e88}: 'java.lang.Object java.lang.invoke.Invokers$Holder.invokeExact_MT(java.lang.Object, java.lang.Object, java.lang.Object, java.lang.Object, java.lang.Object)'> (0x0000000711203e88) 
thrown [s\open\src\hotspot\share\interpreter\linkResolver.cpp, line 759]
Event: 1.939 Thread 0x0000024670ccd590 Exception <a 'java/lang/NoSuchMethodError'{0x0000000711756910}: 'java.lang.Object java.lang.invoke.Invokers$Holder.invokeExact_MT(java.lang.Object, java.lang.Object, java.lang.Object, java.lang.Object, java.lang.Object, java.lang.Object)'> (0x0000000711756910) 
thrown [s\open\src\hotspot\share\interpreter\linkResolver.cpp, line 759]
Event: 2.466 Thread 0x0000024678122cc0 Exception <a 'java/lang/NoSuchMethodError'{0x00000007112e8990}: 'void java.lang.invoke.DirectMethodHandle$Holder.invokeStatic(java.lang.Object, java.lang.Object)'> (0x00000007112e8990) 
thrown [s\open\src\hotspot\share\interpreter\linkResolver.cpp, line 759]
Event: 2.599 Thread 0x000002465be5edd0 Exception <a 'java/lang/NoSuchMethodError'{0x0000000711232ec0}: 'java.lang.Object java.lang.invoke.DirectMethodHandle$Holder.invokeStaticInit(java.lang.Object)'> (0x0000000711232ec0) 
thrown [s\open\src\hotspot\share\interpreter\linkResolver.cpp, line 759]
Event: 2.759 Thread 0x000002465be5edd0 Exception <a 'java/lang/NoSuchMethodError'{0x0000000711248498}: 'int java.lang.invoke.DirectMethodHandle$Holder.invokeInterface(java.lang.Object, java.lang.Object)'> (0x0000000711248498) 
thrown [s\open\src\hotspot\share\interpreter\linkResolver.cpp, line 759]
Event: 2.760 Thread 0x000002465be5edd0 Exception <a 'java/lang/IncompatibleClassChangeError'{0x000000071124b978}: Found class java.lang.Object, but interface was expected> (0x000000071124b978) 
thrown [s\open\src\hotspot\share\interpreter\linkResolver.cpp, line 826]
Event: 3.162 Thread 0x000002465be5edd0 Exception <a 'java/lang/NoSuchMethodError'{0x00000007113fc138}: 'int java.lang.invoke.DirectMethodHandle$Holder.invokeSpecial(java.lang.Object, java.lang.Object, java.lang.Object)'> (0x00000007113fc138) 
thrown [s\open\src\hotspot\share\interpreter\linkResolver.cpp, line 759]
Event: 3.321 Thread 0x000002465be5edd0 Exception <a 'java/lang/NoSuchMethodError'{0x0000000711130de8}: 'int java.lang.invoke.DirectMethodHandle$Holder.invokeSpecialIFC(java.lang.Object, java.lang.Object, java.lang.Object)'> (0x0000000711130de8) 
thrown [s\open\src\hotspot\share\interpreter\linkResolver.cpp, line 759]
Event: 3.400 Thread 0x000002465be5edd0 Exception <a 'java/lang/NoSuchMethodError'{0x00000007111a7ad0}: 'java.lang.Object java.lang.invoke.DirectMethodHandle$Holder.invokeStaticInit(java.lang.Object, int, int, int, int)'> (0x00000007111a7ad0) 
thrown [s\open\src\hotspot\share\interpreter\linkResolver.cpp, line 759]
Event: 3.635 Thread 0x000002465be5edd0 Exception <a 'java/lang/NoSuchMethodError'{0x0000000710e0d508}: 'java.lang.Object java.lang.invoke.DirectMethodHandle$Holder.invokeStaticInit(java.lang.Object, java.lang.Object, int, int, int, int)'> (0x0000000710e0d508) 
thrown [s\open\src\hotspot\share\interpreter\linkResolver.cpp, line 759]
Event: 3.657 Thread 0x000002465be5edd0 Exception <a 'java/lang/ClassNotFoundException'{0x0000000710e2cb20}: javax/management/remote/rmi/RMIServerImpl_Skel> (0x0000000710e2cb20) 
thrown [s\open\src\hotspot\share\classfile\systemDictionary.cpp, line 255]
Event: 3.688 Thread 0x000002465be5edd0 Exception <a 'java/lang/NoSuchMethodError'{0x0000000710e46de0}: 'long java.lang.invoke.DirectMethodHandle$Holder.invokeSpecial(java.lang.Object, java.lang.Object)'> (0x0000000710e46de0) 
thrown [s\open\src\hotspot\share\interpreter\linkResolver.cpp, line 759]
Event: 3.689 Thread 0x000002465be5edd0 Exception <a 'java/lang/NoSuchMethodError'{0x0000000710e4a720}: 'long java.lang.invoke.Invokers$Holder.invokeExact_MT(java.lang.Object, java.lang.Object)'> (0x0000000710e4a720) 
thrown [s\open\src\hotspot\share\interpreter\linkResolver.cpp, line 759]
Event: 3.749 Thread 0x000002465be5edd0 Exception <a 'java/lang/NoSuchMethodError'{0x0000000710e63478}: 'void java.lang.invoke.DirectMethodHandle$Holder.invokeSpecial(java.lang.Object, java.lang.Object, java.lang.Object)'> (0x0000000710e63478) 
thrown [s\open\src\hotspot\share\interpreter\linkResolver.cpp, line 759]
Event: 3.853 Thread 0x000002465be5edd0 Exception <a 'java/lang/ClassNotFoundException'{0x0000000710f937a0}: javax/smartcardio/CardPermission> (0x0000000710f937a0) 
thrown [s\open\src\hotspot\share\classfile\systemDictionary.cpp, line 255]
Event: 3.904 Thread 0x000002465be5edd0 Exception <a 'java/io/FileNotFoundException'{0x0000000710fa1338}> (0x0000000710fa1338) 
thrown [s\open\src\hotspot\share\prims\jni.cpp, line 516]
Event: 4.111 Thread 0x000002465be5edd0 Exception <a 'java/lang/NoSuchMethodError'{0x0000000712193110}: 'java.lang.Object java.lang.invoke.DirectMethodHandle$Holder.invokeSpecialIFC(java.lang.Object, java.lang.Object, java.lang.Object, java.lang.Object)'> (0x0000000712193110) 
thrown [s\open\src\hotspot\share\interpreter\linkResolver.cpp, line 759]
Event: 4.140 Thread 0x000002465be5edd0 Exception <a 'java/lang/NoSuchMethodError'{0x00000007121c91b8}: 'int java.lang.invoke.DirectMethodHandle$Holder.invokeVirtual(java.lang.Object, java.lang.Object, java.lang.Object)'> (0x00000007121c91b8) 
thrown [s\open\src\hotspot\share\interpreter\linkResolver.cpp, line 759]
Event: 4.157 Thread 0x000002465be5edd0 Exception <a 'java/lang/NoSuchMethodError'{0x0000000711e2bbf0}: 'int java.lang.invoke.DirectMethodHandle$Holder.invokeStaticInit(java.lang.Object, java.lang.Object)'> (0x0000000711e2bbf0) 
thrown [s\open\src\hotspot\share\interpreter\linkResolver.cpp, line 759]

VM Operations (20 events):
Event: 1.163 Executing VM operation: Cleanup
Event: 1.163 Executing VM operation: Cleanup done
Event: 1.499 Executing VM operation: HandshakeAllThreads
Event: 1.499 Executing VM operation: HandshakeAllThreads done
Event: 2.253 Executing VM operation: HandshakeAllThreads
Event: 2.292 Executing VM operation: HandshakeAllThreads done
Event: 2.292 Executing VM operation: Cleanup
Event: 2.292 Executing VM operation: Cleanup done
Event: 2.771 Executing VM operation: HandshakeAllThreads
Event: 2.771 Executing VM operation: HandshakeAllThreads done
Event: 3.356 Executing VM operation: HandshakeAllThreads
Event: 3.356 Executing VM operation: HandshakeAllThreads done
Event: 3.356 Executing VM operation: Cleanup
Event: 3.357 Executing VM operation: Cleanup done
Event: 3.756 Executing VM operation: HandshakeAllThreads
Event: 3.756 Executing VM operation: HandshakeAllThreads done
Event: 3.949 Executing VM operation: G1CollectForAllocation
Event: 3.963 Executing VM operation: G1CollectForAllocation done
Event: 4.097 Executing VM operation: HandshakeAllThreads
Event: 4.097 Executing VM operation: HandshakeAllThreads done

Events (20 events):
Event: 0.280 Thread 0x0000024670ccf700 Thread added: 0x0000024670ccf700
Event: 0.280 Thread 0x0000024670ccffb0 Thread added: 0x0000024670ccffb0
Event: 0.281 Thread 0x0000024670cd0cb0 Thread added: 0x0000024670cd0cb0
Event: 1.434 Thread 0x000002467795f050 Thread added: 0x000002467795f050
Event: 1.499 Thread 0x0000024677967900 Thread added: 0x0000024677967900
Event: 1.502 Thread 0x0000024677967fe0 Thread added: 0x0000024677967fe0
Event: 1.502 Thread 0x00000246779684e0 Thread added: 0x00000246779684e0
Event: 1.523 Loaded shared library F:\java\bin\zip.dll
Event: 1.564 Loaded shared library F:\java\bin\instrument.dll
Event: 1.580 Loaded shared library F:\java\bin\net.dll
Event: 1.583 Loaded shared library F:\java\bin\nio.dll
Event: 1.633 Loaded shared library F:\java\bin\zip.dll
Event: 1.861 Loaded shared library F:\java\bin\jimage.dll
Event: 1.972 Loaded shared library G:\IntelliJ IDEA 2024.2.4\bin\breakgen64.dll
Event: 1.973 Thread 0x0000024678122cc0 Thread added: 0x0000024678122cc0
Event: 1.973 Thread 0x00000246781239a0 Thread added: 0x00000246781239a0
Event: 2.625 Loaded shared library F:\java\bin\management.dll
Event: 2.732 Loaded shared library F:\java\bin\management_ext.dll
Event: 3.679 Thread 0x00000246782db010 Thread added: 0x00000246782db010
Event: 3.776 Loaded shared library F:\java\bin\verify.dll


Dynamic libraries:
0x00007ff6279a0000 - 0x00007ff6279b0000 	F:\java\bin\java.exe
0x00007ffb533b0000 - 0x00007ffb535a8000 	C:\Windows\SYSTEM32\ntdll.dll
0x00007ffb53040000 - 0x00007ffb53102000 	C:\Windows\System32\KERNEL32.DLL
0x00007ffb50c90000 - 0x00007ffb50f86000 	C:\Windows\System32\KERNELBASE.dll
0x00007ffb50f90000 - 0x00007ffb51090000 	C:\Windows\System32\ucrtbase.dll
0x00007ffb4de90000 - 0x00007ffb4dea8000 	F:\java\bin\jli.dll
0x00007ffb4de70000 - 0x00007ffb4de8a000 	F:\java\bin\VCRUNTIME140.dll
0x00007ffb532c0000 - 0x00007ffb5336f000 	C:\Windows\System32\ADVAPI32.dll
0x00007ffb52d80000 - 0x00007ffb52e1e000 	C:\Windows\System32\msvcrt.dll
0x00007ffb52a10000 - 0x00007ffb52aaf000 	C:\Windows\System32\sechost.dll
0x00007ffb51e70000 - 0x00007ffb51f93000 	C:\Windows\System32\RPCRT4.dll
0x00007ffb51090000 - 0x00007ffb510b7000 	C:\Windows\System32\bcrypt.dll
0x00007ffb52ab0000 - 0x00007ffb52c4d000 	C:\Windows\System32\USER32.dll
0x00007ffb512b0000 - 0x00007ffb512d2000 	C:\Windows\System32\win32u.dll
0x00007ffb525d0000 - 0x00007ffb525fb000 	C:\Windows\System32\GDI32.dll
0x00007ffb50a40000 - 0x00007ffb50b5a000 	C:\Windows\System32\gdi32full.dll
0x00007ffb512e0000 - 0x00007ffb5137d000 	C:\Windows\System32\msvcp_win.dll
0x00007ffb491f0000 - 0x00007ffb4948a000 	C:\Windows\WinSxS\amd64_microsoft.windows.common-controls_6595b64144ccf1df_6.0.19041.4355_none_60b8b9eb71f62e16\COMCTL32.dll
0x00007ffb50550000 - 0x00007ffb5055a000 	C:\Windows\SYSTEM32\VERSION.dll
0x00007ffb51450000 - 0x00007ffb5147f000 	C:\Windows\System32\IMM32.DLL
0x0000000050080000 - 0x000000005008d000 	C:\Program Files (x86)\360\360Safe\safemon\SafeWrapper.dll
0x00007ffb3b6e0000 - 0x00007ffb3b7e5000 	C:\Program Files (x86)\360\360Safe\safemon\libzdtp64.dll
0x00007ffb51650000 - 0x00007ffb51dbf000 	C:\Windows\System32\SHELL32.dll
0x00007ffb515f0000 - 0x00007ffb51645000 	C:\Windows\System32\SHLWAPI.dll
0x00007ffb4d1a0000 - 0x00007ffb4d1ac000 	F:\java\bin\vcruntime140_1.dll
0x00007ffb30c30000 - 0x00007ffb30cbd000 	F:\java\bin\msvcp140.dll
0x00007ffb04b10000 - 0x00007ffb05721000 	F:\java\bin\server\jvm.dll
0x00007ffb525c0000 - 0x00007ffb525c8000 	C:\Windows\System32\PSAPI.DLL
0x00007ffb39970000 - 0x00007ffb39997000 	C:\Windows\SYSTEM32\WINMM.dll
0x00007ffb3ba50000 - 0x00007ffb3ba59000 	C:\Windows\SYSTEM32\WSOCK32.dll
0x00007ffb52550000 - 0x00007ffb525bb000 	C:\Windows\System32\WS2_32.dll
0x00007ffb4e840000 - 0x00007ffb4e852000 	C:\Windows\SYSTEM32\kernel.appcore.dll
0x00007ffb4ac70000 - 0x00007ffb4ac7a000 	F:\java\bin\jimage.dll
0x00007ffb451d0000 - 0x00007ffb453b4000 	C:\Windows\SYSTEM32\DBGHELP.DLL
0x00007ffb2f770000 - 0x00007ffb2f7a4000 	C:\Windows\SYSTEM32\dbgcore.DLL
0x00007ffb51220000 - 0x00007ffb512a2000 	C:\Windows\System32\bcryptPrimitives.dll
0x00007ffb4d190000 - 0x00007ffb4d19e000 	F:\java\bin\instrument.dll
0x00007ffb3c6a0000 - 0x00007ffb3c6c5000 	F:\java\bin\java.dll
0x00007ffb26ed0000 - 0x00007ffb26fa6000 	F:\java\bin\jsvml.dll
0x00007ffb4ea40000 - 0x00007ffb4f1e3000 	C:\Windows\SYSTEM32\windows.storage.dll
0x00007ffb526b0000 - 0x00007ffb52a05000 	C:\Windows\System32\combase.dll
0x00007ffb503b0000 - 0x00007ffb503db000 	C:\Windows\SYSTEM32\Wldp.dll
0x00007ffb52e80000 - 0x00007ffb52f4d000 	C:\Windows\System32\OLEAUT32.dll
0x00007ffb52600000 - 0x00007ffb526ad000 	C:\Windows\System32\SHCORE.dll
0x00007ffb50970000 - 0x00007ffb50995000 	C:\Windows\SYSTEM32\profapi.dll
0x00007ffb4d170000 - 0x00007ffb4d188000 	F:\java\bin\zip.dll
0x00007ffb4abf0000 - 0x00007ffb4ac03000 	F:\java\bin\net.dll
0x00007ffb486e0000 - 0x00007ffb487ea000 	C:\Windows\SYSTEM32\WINHTTP.dll
0x00007ffb50110000 - 0x00007ffb5017c000 	C:\Windows\system32\mswsock.dll
0x00007ffb48b20000 - 0x00007ffb48b36000 	F:\java\bin\nio.dll
0x00007ffb46200000 - 0x00007ffb4621a000 	G:\IntelliJ IDEA 2024.2.4\bin\breakgen64.dll
0x00007ffb4fdf0000 - 0x00007ffb4feba000 	C:\Windows\SYSTEM32\DNSAPI.dll
0x00007ffb50560000 - 0x00007ffb5059b000 	C:\Windows\SYSTEM32\IPHLPAPI.DLL
0x00007ffb52f50000 - 0x00007ffb52f58000 	C:\Windows\System32\NSI.dll
0x00007ffb49b80000 - 0x00007ffb49b8a000 	C:\Windows\System32\rasadhlp.dll
0x00007ffb3f1e0000 - 0x00007ffb3f260000 	C:\Windows\System32\fwpuclnt.dll
0x00007ffb4a8b0000 - 0x00007ffb4a8b9000 	F:\java\bin\management.dll
0x00007ffb4a590000 - 0x00007ffb4a59b000 	F:\java\bin\management_ext.dll
0x00007ffb50300000 - 0x00007ffb50318000 	C:\Windows\SYSTEM32\CRYPTSP.dll
0x00007ffb4fa00000 - 0x00007ffb4fa38000 	C:\Windows\system32\rsaenh.dll
0x00007ffb50930000 - 0x00007ffb5095e000 	C:\Windows\SYSTEM32\USERENV.dll
0x00007ffb50320000 - 0x00007ffb5032c000 	C:\Windows\SYSTEM32\CRYPTBASE.dll
0x00007ffb48450000 - 0x00007ffb48467000 	C:\Windows\SYSTEM32\dhcpcsvc6.DLL
0x00007ffb48a00000 - 0x00007ffb48a1d000 	C:\Windows\SYSTEM32\dhcpcsvc.DLL
0x00007ffb2b2e0000 - 0x00007ffb2b2f7000 	C:\Windows\system32\napinsp.dll
0x00007ffb2ab80000 - 0x00007ffb2ab9b000 	C:\Windows\system32\pnrpnsp.dll
0x00007ffb4b4d0000 - 0x00007ffb4b4e5000 	C:\Windows\system32\wshbth.dll
0x00007ffb4cd50000 - 0x00007ffb4cd6d000 	C:\Windows\system32\NLAapi.dll
0x00007ffb1a240000 - 0x00007ffb1a252000 	C:\Windows\System32\winrnr.dll
0x00007ffb3d7a0000 - 0x00007ffb3d7b0000 	F:\java\bin\verify.dll

dbghelp: loaded successfully - version: 4.0.5 - missing functions: none
symbol engine: initialized successfully - sym options: 0x614 - pdb path: .;F:\java\bin;C:\Windows\SYSTEM32;C:\Windows\WinSxS\amd64_microsoft.windows.common-controls_6595b64144ccf1df_6.0.19041.4355_none_60b8b9eb71f62e16;C:\Program Files (x86)\360\360Safe\safemon;F:\java\bin\server;G:\IntelliJ IDEA 2024.2.4\bin

VM Arguments:
jvm_args: -XX:TieredStopAtLevel=1 -Dspring.output.ansi.enabled=always -Dcom.sun.management.jmxremote -Dspring.jmx.enabled=true -Dspring.liveBeansView.mbeanDomain -Dspring.application.admin.enabled=true -Dmanagement.endpoints.jmx.exposure.include=* -javaagent:G:\IntelliJ IDEA 2024.2.4\lib\idea_rt.jar=53897:G:\IntelliJ IDEA 2024.2.4\bin -Dfile.encoding=UTF-8 -Dsun.stdout.encoding=UTF-8 -Dsun.stderr.encoding=UTF-8 
java_command: com.ouc.aamanagement.AAManagement
java_class_path (initial): F:\test1\Academic_Affairs_Management\target\classes;C:\Users\Administrator\.m2\repository\org\springframework\boot\spring-boot-starter\2.4.5\spring-boot-starter-2.4.5.jar;C:\Users\Administrator\.m2\repository\org\springframework\boot\spring-boot\2.4.5\spring-boot-2.4.5.jar;C:\Users\Administrator\.m2\repository\org\springframework\spring-context\5.3.6\spring-context-5.3.6.jar;C:\Users\Administrator\.m2\repository\org\springframework\boot\spring-boot-autoconfigure\2.4.5\spring-boot-autoconfigure-2.4.5.jar;C:\Users\Administrator\.m2\repository\org\springframework\boot\spring-boot-starter-logging\2.4.5\spring-boot-starter-logging-2.4.5.jar;C:\Users\Administrator\.m2\repository\ch\qos\logback\logback-classic\1.2.3\logback-classic-1.2.3.jar;C:\Users\Administrator\.m2\repository\ch\qos\logback\logback-core\1.2.3\logback-core-1.2.3.jar;C:\Users\Administrator\.m2\repository\org\apache\logging\log4j\log4j-to-slf4j\2.13.3\log4j-to-slf4j-2.13.3.jar;C:\Users\Administrator\.m2\repository\org\slf4j\jul-to-slf4j\1.7.30\jul-to-slf4j-1.7.30.jar;C:\Users\Administrator\.m2\repository\jakarta\annotation\jakarta.annotation-api\1.3.5\jakarta.annotation-api-1.3.5.jar;C:\Users\Administrator\.m2\repository\org\springframework\spring-core\5.3.6\spring-core-5.3.6.jar;C:\Users\Administrator\.m2\repository\org\springframework\spring-jcl\5.3.6\spring-jcl-5.3.6.jar;C:\Users\Administrator\.m2\repository\org\yaml\snakeyaml\1.27\snakeyaml-1.27.jar;C:\Users\Administrator\.m2\repository\fr\opensagres\xdocreport\fr.opensagres.xdocreport.document\2.0.4\fr.opensagres.xdocreport.document-2.0.4.jar;C:\Users\Administrator\.m2\repository\fr\opensagres\xdocreport\fr.opensagres.xdocreport.core\2.0.4\fr.opensagres.xdocreport.core-2.0.4.jar;C:\Users\Administrator\.m2\repository\fr\opensagres\xdocreport\fr.opensagres.xdocreport.template\2.0.4\fr.opensagres.xdocreport.template-2.0.4.jar;C:\Users\Administrator\.m2\repository\fr\opensagres\xdocreport\fr.opensagres.xdocreport.template.freemarker\2.0.2\fr.opensagres.xdocreport.template.freemarker-2.0.2.jar;C:\Users\Administrator\.m2\repository\org\freemarker\freemarker\2.3.31\freemarker-2.3.31.jar;C:\Users\Administrator\.m2\repository\jakarta\xml\bind\jakarta.xml.bind-api\2.3.3\jakarta.xml.bind-api-2.3.3.jar;C:\Users\Administrator\.m2\repository\jakarta\activation\jakarta.activation-api\1.2.2\jakarta.activation-api-1.2.2.jar;C:\Users\Administrator\.m2\repository\fr\opensagres\xdocreport\fr.opensagres.xdocreport.converter\2.0.4\fr.opensagres.xdocreport.converter-2.0.4.jar;C:\Users\Administrator\.m2\repository\com\github\librepdf\openpdf\1.3.30\openpdf-1.3.30.jar;C:\Users\Administrator\.m2\repository\com\google\code\findbugs\jsr305\3.0.2\jsr305-3.0.2.jar;C:\Users\Administrator\.m2\repository\fr\opensagres\xdocreport\org.apache.poi.xwpf.converter.core\1.0.6\org.apache.poi.xwpf.converter.core-1.0.6.jar;C:\Users\Administrator\.m2\repository\com\itextpdf\barcodes\9.1.0\barcodes-9.1.0.jar;C:\Users\Administrator\.m2\repository\com\itextpdf\forms\9.1.0\forms-9.1.0.jar;C:\Users\Administrator\.m2\repository\com\itextpdf\hyph\9.1.0\hyph-9.1.0.jar;C:\Users\Administrator\.m2\repository\com\itextpdf\io\9.1.0\io-9.1.0.jar;C:\Users\Administrator\.m2\repository\com\itextpdf\commons\9.1.0\commons-9.1.0.jar;C:\Users\Administrator\.m2\repository\com\itextpdf\kernel\9.1.0\kernel-9.1.0.jar;C:\Users\Administrator\.m2\repository\com\itextpdf\layout\9.1.0\layout-9.1.0.jar;C:\Users\Administrator\.m2\repository\com\itextpdf\pdfa\9.1.0\pdfa-9.1.0.jar;C:\Users\Administrator\.m2\repository\com\itextpdf\sign\9.1.0\sign-9.1.0.jar;C:\Users\Administrator\.m2\repository\com\itextpdf\styled-xml-parser\9.1.0\styled-xml-parser-9.1.0.jar;C:\Users\Administrator\.m2\repository\com\itextpdf\svg\9.1.0\svg-9.1.0.jar;C:\Users\Administrator\.m2\repository\com\itextpdf\bouncy-castle-connector\9.1.0\bouncy-castle-connector-9.1.0.jar;C:\Users\Administrator\.m2\repository\com\itextpdf\pdfua\9.1.0\pdfua-9.1.0.jar;C:\Users\Administrator\.m2\repository\com\itextpdf\font-asian\7.0.0\font-asian-7.0.0.jar;C:\Users\Administrator\.m2\repository\org\slf4j\slf4j-api\1.7.30\slf4j-api-1.7.30.jar;C:\Users\Administrator\.m2\repository\org\glassfish\jaxb\jaxb-runtime\4.0.5\jaxb-runtime-4.0.5.jar;C:\Users\Administrator\.m2\repository\org\glassfish\jaxb\jaxb-core\4.0.5\jaxb-core-4.0.5.jar;C:\Users\Administrator\.m2\repository\org\eclipse\angus\angus-activation\2.0.2\angus-activation-2.0.2.jar;C:\Users\Administrator\.m2\repository\org\glassfish\jaxb\txw2\2.3.4\txw2-2.3.4.jar;C:\Users\Administrator\.m2\repository\com\sun\istack\istack-commons-runtime\4.1.2\istack-commons-runtime-4.1.2.jar;C:\Users\Administrator\.m2\repository\org\mindrot\jbcrypt\0.4\jbcrypt-0.4.jar;C:\Users\Administrator\.m2\repository\com\documents4j\documents4j-local\1.1.3\documents4j-local-1.1.3.jar;C:\Users\Administrator\.m2\repository\com\documents4j\documents4j-api\1.1.3\documents4j-api-1.1.3.jar;C:\Users\Administrator\.m2\repository\com\documents4j\documents4j-transformer\1.1.3\documents4j-transformer-1.1.3.jar;C:\Users\Administrator\.m2\repository\com\documents4j\documents4j-util-conversion\1.1.3\documents4j-util-conversion-1.1.3.jar;C:\Users\Administrator\.m2\repository\javax\activation\activation\1.1.1\activation-1.1.1.jar;C:\Users\Administrator\.m2\repository\com\google\guava\guava\28.1-jre\guava-28.1-jre.jar;C:\Users\Administrator\.m2\repository\com\google\guava\failureaccess\1.0.1\failureaccess-1.0.1.jar;C:\Users\Administrator\.m2\repository\com\google\guava\listenablefuture\9999.0-empty-to-avoid-conflict-with-guava\listenablefuture-9999.0-empty-to-avoid-conflict-with-guava.jar;C:\Users\Administrator\.m2\repository\com\google\j2objc\j2objc-annotations\1.3\j2objc-annotations-1.3.jar;C:\Users\Administrator\.m2\repository\org\codehaus\mojo\animal-sniffer-annotations\1.18\animal-sniffer-annotations-1.18.jar;C:\Users\Administrator\.m2\repository\org\zeroturnaround\zt-exec\1.11\zt-exec-1.11.jar;C:\Users\Administrator\.m2\repository\org\docx4j\docx4j-core\11.4.7\docx4j-core-11.4.7.jar;C:\Users\Administrator\.m2\repository\org\docx4j\docx4j-openxml-objects\11.4.7\docx4j-openxml-objects-11.4.7.jar;C:\Users\Administrator\.m2\repository\org\docx4j\docx4j-openxml-objects-pml\11.4.7\docx4j-openxml-objects-pml-11.4.7.jar;C:\Users\Administrator\.m2\repository\org\docx4j\docx4j-openxml-objects-sml\11.4.7\docx4j-openxml-objects-sml-11.4.7.jar;C:\Users\Administrator\.m2\repository\org\plutext\jaxb-svg11\11.4.0\jaxb-svg11-11.4.0.jar;C:\Users\Administrator\.m2\repository\net\engio\mbassador\1.3.2\mbassador-1.3.2.jar;C:\Users\Administrator\.m2\repository\org\slf4j\jcl-over-slf4j\1.7.30\jcl-over-slf4j-1.7.30.jar;C:\Users\Administrator\.m2\repository\org\apache\commons\commons-lang3\3.11\commons-lang3-3.11.jar;C:\Users\Administrator\.m2\repository\org\apache\commons\commons-compress\1.21\commons-compress-1.21.jar;C:\Users\Administrator\.m2\repository\commons-codec\commons-codec\1.15\commons-codec-1.15.jar;C:\Users\Administrator\.m2\repository\org\apache\xmlgraphics\xmlgraphics-commons\2.7\xmlgraphics-commons-2.7.jar;C:\Users\Administrator\.m2\repository\org\docx4j\org\apache\xalan-interpretive\11.0.0\xalan-interpretive-11.0.0.jar;C:\Users\Administrator\.m2\repository\org\docx4j\org\apache\xalan-serializer\11.0.0\xalan-serializer-11.0.0.jar;C:\Users\Administrator\.m2\repository\net\arnx\wmf2svg\0.9.8\wmf2svg-0.9.8.jar;C:\Users\Administrator\.m2\repository\org\antlr\antlr-runtime\3.5.2\antlr-runtime-3.5.2.jar;C:\Users\Administrator\.m2\repository\org\antlr\stringtemplate\3.2.1\stringtemplate-3.2.1.jar;C:\Users\Administrator\.m2\repository\antlr\antlr\2.7.7\antlr-2.7.7.jar;C:\Users\Administrator\.m2\repository\org\checkerframework\checker-qual\2.8.1\checker-qual-2.8.1.jar;C:\Users\Administrator\.m2\repository\com\google\errorprone\error_prone_annotations\2.3.3\error_prone_annotations-2.3.3.jar;C:\Users\Administrator\.m2\repository\org\apache\pdfbox\fontbox\2.0.24\fontbox-2.0.24.jar;C:\Users\Administrator\.m2\repository\com\thoughtworks\qdox\qdox\1.12\qdox-1.12.jar;C:\Users\Administrator\.m2\repository\org\docx4j\docx4j-export-fo\11.4.7\docx4j-export-fo-11.4.7.jar;C:\Users\Administrator\.m2\repository\org\plutext\jaxb-xslfo\11.4.0\jaxb-xslfo-11.4.0.jar;C:\Users\Administrator\.m2\repository\org\apache\xmlgraphics\fop\2.7\fop-2.7.jar;C:\Users\Administrator\.m2\repository\org\apache\xmlgraphics\fop-util\2.7\fop-util-2.7.jar;C:\Users\Administrator\.m2\repository\org\apache\xmlgraphics\fop-events\2.7\fop-events-2.7.jar;C:\Users\Administrator\.m2\repository\org\apache\xmlgraphics\fop-core\2.7\fop-core-2.7.jar;C:\Users\Administrator\.m2\repository\org\apache\xmlgraphics\batik-anim\1.14\batik-anim-1.14.jar;C:\Users\Administrator\.m2\repository\org\apache\xmlgraphics\batik-css\1.14\batik-css-1.14.jar;C:\Users\Administrator\.m2\repository\org\apache\xmlgraphics\batik-dom\1.14\batik-dom-1.14.jar;C:\Users\Administrator\.m2\repository\org\apache\xmlgraphics\batik-ext\1.14\batik-ext-1.14.jar;C:\Users\Administrator\.m2\repository\org\apache\xmlgraphics\batik-parser\1.14\batik-parser-1.14.jar;C:\Users\Administrator\.m2\repository\org\apache\xmlgraphics\batik-shared-resources\1.14\batik-shared-resources-1.14.jar;C:\Users\Administrator\.m2\repository\org\apache\xmlgraphics\batik-svg-dom\1.14\batik-svg-dom-1.14.jar;C:\Users\Administrator\.m2\repository\org\apache\xmlgraphics\batik-util\1.14\batik-util-1.14.jar;C:\Users\Administrator\.m2\repository\org\apache\xmlgraphics\batik-constants\1.14\batik-constants-1.14.jar;C:\Users\Administrator\.m2\repository\org\apache\xmlgraphics\batik-i18n\1.14\batik-i18n-1.14.jar;C:\Users\Administrator\.m2\repository\org\apache\xmlgraphics\batik-awt-util\1.14\batik-awt-util-1.14.jar;C:\Users\Administrator\.m2\repository\org\apache\xmlgraphics\batik-bridge\1.14\batik-bridge-1.14.jar;C:\Users\Administrator\.m2\repository\org\apache\xmlgraphics\batik-script\1.14\batik-script-1.14.jar;C:\Users\Administrator\.m2\repository\org\apache\xmlgraphics\batik-xml\1.14\batik-xml-1.14.jar;C:\Users\Administrator\.m2\repository\org\apache\xmlgraphics\batik-extension\1.14\batik-extension-1.14.jar;C:\Users\Administrator\.m2\repository\org\apache\xmlgraphics\batik-gvt\1.14\batik-gvt-1.14.jar;C:\Users\Administrator\.m2\repository\org\apache\xmlgraphics\batik-transcoder\1.14\batik-transcoder-1.14.jar;C:\Users\Administrator\.m2\repository\org\apache\xmlgraphics\batik-svggen\1.14\batik-svggen-1.14.jar;C:\Users\Administrator\.m2\repository\com\lowagie\itext\2.1.7\itext-2.1.7.jar;C:\Users\Administrator\.m2\repository\bouncycastle\bcmail-jdk14\138\bcmail-jdk14-138.jar;C:\Users\Administrator\.m2\repository\bouncycastle\bcprov-jdk14\138\bcprov-jdk14-138.jar;C:\Users\Administrator\.m2\repository\org\bouncycastle\bctsp-jdk14\1.38\bctsp-jdk14-1.38.jar;C:\Users\Administrator\.m2\repository\org\bouncycastle\bcprov-jdk14\1.38\bcprov-jdk14-1.38.jar;C:\Users\Administrator\.m2\repository\org\bouncycastle\bcmail-jdk14\1.38\bcmail-jdk14-1.38.jar;C:\Users\Administrator\.m2\repository\com\documents4j\documents4j-transformer-msoffice-word\1.1.3\documents4j-transformer-msoffice-word-1.1.3.jar;C:\Users\Administrator\.m2\repository\com\documents4j\documents4j-transformer-msoffice-base\1.1.3\documents4j-transformer-msoffice-base-1.1.3.jar;C:\Users\Administrator\.m2\repository\com\documents4j\documents4j-transformer-api\1.1.3\documents4j-transformer-api-1.1.3.jar;C:\Users\Administrator\.m2\repository\com\documents4j\documents4j-util-all\1.1.3\documents4j-util-all-1.1.3.jar;C:\Users\Administrator\.m2\repository\com\documents4j\documents4j-util-transformer-process\1.1.3\documents4j-util-transformer-process-1.1.3.jar;C:\Users\Administrator\.m2\repository\org\springframework\boot\spring-boot-starter-data-jpa\2.4.5\spring-boot-starter-data-jpa-2.4.5.jar;C:\Users\Administrator\.m2\repository\org\springframework\boot\spring-boot-starter-aop\2.4.5\spring-boot-starter-aop-2.4.5.jar;C:\Users\Administrator\.m2\repository\org\springframework\spring-aop\5.3.6\spring-aop-5.3.6.jar;C:\Users\Administrator\.m2\repository\org\aspectj\aspectjweaver\1.9.6\aspectjweaver-1.9.6.jar;C:\Users\Administrator\.m2\repository\org\springframework\boot\spring-boot-starter-jdbc\2.4.5\spring-boot-starter-jdbc-2.4.5.jar;C:\Users\Administrator\.m2\repository\com\zaxxer\HikariCP\3.4.5\HikariCP-3.4.5.jar;C:\Users\Administrator\.m2\repository\org\springframework\spring-jdbc\5.3.6\spring-jdbc-5.3.6.jar;C:\Users\Administrator\.m2\repository\jakarta\transaction\jakarta.transaction-api\1.3.3\jakarta.transaction-api-1.3.3.jar;C:\Users\Administrator\.m2\repository\jakarta\persistence\jakarta.persistence-api\2.2.3\jakarta.persistence-api-2.2.3.jar;C:\Users\Administrator\.m2\repository\org\hibernate\hibernate-core\5.4.30.Final\hibernate-core-5.4.30.Final.jar;C:\Users\Administrator\.m2\repository\org\jboss\logging\jboss-logging\3.4.1.Final\jboss-logging-3.4.1.Final.jar;C:\Users\Administrator\.m2\repository\org\javassist\javassist\3.27.0-GA\javassist-3.27.0-GA.jar;C:\Users\Administrator\.m2\repository\net\bytebuddy\byte-buddy\1.10.22\byte-buddy-1.10.22.jar;C:\Users\Administrator\.m2\repository\org\jboss\jandex\2.2.3.Final\jandex-2.2.3.Final.jar;C:\Users\Administrator\.m2\repository\com\fasterxml\classmate\1.5.1\classmate-1.5.1.jar;C:\Users\Administrator\.m2\repository\org\dom4j\dom4j\2.1.3\dom4j-2.1.3.jar;C:\Users\Administrator\.m2\repository\org\hibernate\common\hibernate-commons-annotations\5.1.2.Final\hibernate-commons-annotations-5.1.2.Final.jar;C:\Users\Administrator\.m2\repository\org\springframework\data\spring-data-jpa\2.4.8\spring-data-jpa-2.4.8.jar;C:\Users\Administrator\.m2\repository\org\springframework\data\spring-data-commons\2.4.8\spring-data-commons-2.4.8.jar;C:\Users\Administrator\.m2\repository\org\springframework\spring-orm\5.3.6\spring-orm-5.3.6.jar;C:\Users\Administrator\.m2\repository\org\springframework\spring-tx\5.3.6\spring-tx-5.3.6.jar;C:\Users\Administrator\.m2\repository\org\springframework\spring-beans\5.3.6\spring-beans-5.3.6.jar;C:\Users\Administrator\.m2\repository\org\springframework\spring-aspects\5.3.6\spring-aspects-5.3.6.jar;C:\Users\Administrator\.m2\repository\fr\opensagres\xdocreport\fr.opensagres.poi.xwpf.converter.pdf\2.0.4\fr.opensagres.poi.xwpf.converter.pdf-2.0.4.jar;C:\Users\Administrator\.m2\repository\fr\opensagres\xdocreport\fr.opensagres.poi.xwpf.converter.core\2.0.4\fr.opensagres.poi.xwpf.converter.core-2.0.4.jar;C:\Users\Administrator\.m2\repository\org\apache\poi\poi-ooxml-full\5.2.0\poi-ooxml-full-5.2.0.jar;C:\Users\Administrator\.m2\repository\org\apache\logging\log4j\log4j-core\2.13.3\log4j-core-2.13.3.jar;C:\Users\Administrator\.m2\repository\fr\opensagres\xdocreport\fr.opensagres.xdocreport.itext.extension\2.0.4\fr.opensagres.xdocreport.itext.extension-2.0.4.jar;C:\Users\Administrator\.m2\repository\org\springframework\boot\spring-boot-starter-web\2.4.5\spring-boot-starter-web-2.4.5.jar;C:\Users\Administrator\.m2\repository\org\springframework\boot\spring-boot-starter-json\2.4.5\spring-boot-starter-json-2.4.5.jar;C:\Users\Administrator\.m2\repository\com\fasterxml\jackson\core\jackson-databind\2.11.4\jackson-databind-2.11.4.jar;C:\Users\Administrator\.m2\repository\com\fasterxml\jackson\core\jackson-annotations\2.11.4\jackson-annotations-2.11.4.jar;C:\Users\Administrator\.m2\repository\com\fasterxml\jackson\core\jackson-core\2.11.4\jackson-core-2.11.4.jar;C:\Users\Administrator\.m2\repository\com\fasterxml\jackson\datatype\jackson-datatype-jdk8\2.11.4\jackson-datatype-jdk8-2.11.4.jar;C:\Users\Administrator\.m2\repository\com\fasterxml\jackson\datatype\jackson-datatype-jsr310\2.11.4\jackson-datatype-jsr310-2.11.4.jar;C:\Users\Administrator\.m2\repository\com\fasterxml\jackson\module\jackson-module-parameter-names\2.11.4\jackson-module-parameter-names-2.11.4.jar;C:\Users\Administrator\.m2\repository\org\springframework\boot\spring-boot-starter-tomcat\2.4.5\spring-boot-starter-tomcat-2.4.5.jar;C:\Users\Administrator\.m2\repository\org\apache\tomcat\embed\tomcat-embed-core\9.0.45\tomcat-embed-core-9.0.45.jar;C:\Users\Administrator\.m2\repository\org\glassfish\jakarta.el\3.0.3\jakarta.el-3.0.3.jar;C:\Users\Administrator\.m2\repository\org\apache\tomcat\embed\tomcat-embed-websocket\9.0.45\tomcat-embed-websocket-9.0.45.jar;C:\Users\Administrator\.m2\repository\org\springframework\spring-web\5.3.6\spring-web-5.3.6.jar;C:\Users\Administrator\.m2\repository\org\springframework\spring-webmvc\5.3.6\spring-webmvc-5.3.6.jar;C:\Users\Administrator\.m2\repository\org\springframework\spring-expression\5.3.6\spring-expression-5.3.6.jar;C:\Users\Administrator\.m2\repository\com\baomidou\mybatis-plus-boot-starter\3.4.2\mybatis-plus-boot-starter-3.4.2.jar;C:\Users\Administrator\.m2\repository\com\baomidou\mybatis-plus\3.4.2\mybatis-plus-3.4.2.jar;C:\Users\Administrator\.m2\repository\com\baomidou\mybatis-plus-extension\3.4.2\mybatis-plus-extension-3.4.2.jar;C:\Users\Administrator\.m2\repository\com\baomidou\mybatis-plus-core\3.4.2\mybatis-plus-core-3.4.2.jar;C:\Users\Administrator\.m2\repository\com\baomidou\mybatis-plus-annotation\3.4.2\mybatis-plus-annotation-3.4.2.jar;C:\Users\Administrator\.m2\repository\com\github\jsqlparser\jsqlparser\4.0\jsqlparser-4.0.jar;C:\Users\Administrator\.m2\repository\org\mybatis\mybatis\3.5.6\mybatis-3.5.6.jar;C:\Users\Administrator\.m2\repository\org\mybatis\mybatis-spring\2.0.5\mybatis-spring-2.0.5.jar;C:\Users\Administrator\.m2\repository\org\projectlombok\lombok\1.18.20\lombok-1.18.20.jar;C:\Users\Administrator\.m2\repository\com\alibaba\fastjson\1.2.76\fastjson-1.2.76.jar;C:\Users\Administrator\.m2\repository\commons-lang\commons-lang\2.6\commons-lang-2.6.jar;C:\Users\Administrator\.m2\repository\org\apache\poi\poi-ooxml\5.2.3\poi-ooxml-5.2.3.jar;C:\Users\Administrator\.m2\repository\org\apache\poi\poi\5.2.3\poi-5.2.3.jar;C:\Users\Administrator\.m2\repository\org\apache\commons\commons-math3\3.6.1\commons-math3-3.6.1.jar;C:\Users\Administrator\.m2\repository\com\zaxxer\SparseBitSet\1.2\SparseBitSet-1.2.jar;C:\Users\Administrator\.m2\repository\org\apache\poi\poi-ooxml-lite\5.2.3\poi-ooxml-lite-5.2.3.jar;C:\Users\Administrator\.m2\repository\org\apache\xmlbeans\xmlbeans\5.1.1\xmlbeans-5.1.1.jar;C:\Users\Administrator\.m2\repository\com\github\virtuald\curvesapi\1.07\curvesapi-1.07.jar;C:\Users\Administrator\.m2\repository\org\apache\logging\log4j\log4j-api\2.13.3\log4j-api-2.13.3.jar;C:\Users\Administrator\.m2\repository\org\apache\commons\commons-collections4\4.4\commons-collections4-4.4.jar;C:\Users\Administrator\.m2\repository\fr\opensagres\xdocreport\fr.opensagres.xdocreport.document.docx\2.0.4\fr.opensagres.xdocreport.document.docx-2.0.4.jar;C:\Users\Administrator\.m2\repository\commons-io\commons-io\2.11.0\commons-io-2.11.0.jar;C:\Users\Administrator\.m2\repository\mysql\mysql-connector-java\8.0.23\mysql-connector-java-8.0.23.jar;C:\Users\Administrator\.m2\repository\com\alibaba\druid-spring-boot-starter\1.1.23\druid-spring-boot-starter-1.1.23.jar;C:\Users\Administrator\.m2\repository\com\alibaba\druid\1.1.23\druid-1.1.23.jar
Launcher Type: SUN_STANDARD

[Global flags]
     intx CICompilerCount                          = 4                                         {product} {ergonomic}
     uint ConcGCThreads                            = 2                                         {product} {ergonomic}
     uint G1ConcRefinementThreads                  = 8                                         {product} {ergonomic}
   size_t G1HeapRegionSize                         = 2097152                                   {product} {ergonomic}
    uintx GCDrainStackTargetSize                   = 64                                        {product} {ergonomic}
   size_t InitialHeapSize                          = 266338304                                 {product} {ergonomic}
     bool ManagementServer                         = true                                      {product} {command line}
   size_t MarkStackSize                            = 4194304                                   {product} {ergonomic}
   size_t MaxHeapSize                              = 4255121408                                {product} {ergonomic}
   size_t MaxNewSize                               = 2552233984                                {product} {ergonomic}
   size_t MinHeapDeltaBytes                        = 2097152                                   {product} {ergonomic}
   size_t MinHeapSize                              = 8388608                                   {product} {ergonomic}
    uintx NonProfiledCodeHeapSize                  = 0                                      {pd product} {ergonomic}
     bool ProfileInterpreter                       = false                                  {pd product} {command line}
    uintx ProfiledCodeHeapSize                     = 0                                      {pd product} {ergonomic}
   size_t SoftMaxHeapSize                          = 4255121408                             {manageable} {ergonomic}
     intx TieredStopAtLevel                        = 1                                         {product} {command line}
     bool UseCompressedClassPointers               = true                           {product lp64_product} {ergonomic}
     bool UseCompressedOops                        = true                           {product lp64_product} {ergonomic}
     bool UseG1GC                                  = true                                      {product} {ergonomic}
     bool UseLargePagesIndividualAllocation        = false                                  {pd product} {ergonomic}

Logging:
Log output configuration:
 #0: stdout all=warning uptime,level,tags foldmultilines=false
 #1: stderr all=off uptime,level,tags foldmultilines=false

Environment Variables:
JAVA_HOME=F:\java
PATH=C:\Program Files\Common Files\Oracle\Java\javapath;G:\anaconda;G:\anaconda\Library\mingw-w64\bin;G:\anaconda\Library\usr\bin;G:\anaconda\Library\bin;G:\anaconda\Scripts;C:\Windows\system32;C:\Windows;C:\Windows\System32\Wbem;C:\Windows\System32\WindowsPowerShell\v1.0\;C:\Windows\System32\OpenSSH\;C:\Program Files (x86)\NVIDIA Corporation\PhysX\Common;C:\Program Files\Common Files\Autodesk Shared\;G:\ssh;G:\node\;G:\node\node_modules;G:\node\node_modules\node_modules;G:\node\node_modules\node_global;C:\Program Files\MySQL\MySQL Server 8.0\bin;C:\Program Files\dotnet\;G:\Program Files\MongoDB\Server\8.0\bin;G:\eds;g:\CURSOR\resources\app\bin;F:\javabin;G:\lbo\program;F:\maven\apache-maven-3.6.1\bin;D:\jdk\bin;C:\Users\Administrator\AppData\Local\Microsoft\WindowsApps;G:\node\node_global;;G:\pycharm\PyCharm 2024.2.4\bin;;G:\IntelliJ IDEA 2024.2.4\bin;;G:\CURSOR\resources\app\bin
USERNAME=Administrator
OS=Windows_NT
PROCESSOR_IDENTIFIER=Intel64 Family 6 Model 158 Stepping 10, GenuineIntel



---------------  S Y S T E M  ---------------

OS:
 Windows 10 , 64 bit Build 19041 (10.0.19041.5678)
OS uptime: 0 days 3:05 hours

CPU: total 8 (initial active 8) (4 cores per cpu, 2 threads per core) family 6 model 158 stepping 10 microcode 0xb4, cx8, cmov, fxsr, ht, mmx, 3dnowpref, sse, sse2, sse3, ssse3, sse4.1, sse4.2, popcnt, lzcnt, tsc, tscinvbit, avx, avx2, aes, erms, clmul, bmi1, bmi2, adx, fma, vzeroupper, clflush, clflushopt

Memory: 4k page, system-wide physical 16226M (3211M free)
TotalPageFile size 16226M (AvailPageFile size 99M)
current process WorkingSet (physical memory assigned to process): 87M, peak: 87M
current process commit charge ("private bytes"): 359M, peak: 359M

vm_info: Java HotSpot(TM) 64-Bit Server VM (18.0.2.1+1-1) for windows-amd64 JRE (18.0.2.1+1-1), built on Aug 16 2022 01:46:33 by "mach5one" with MS VC++ 16.8 / 16.9 (VS2019)

END.
