#
# There is insufficient memory for the Java Runtime Environment to continue.
# Native memory allocation (mmap) failed to map 266338304 bytes for G1 virtual space
# Possible reasons:
#   The system is out of physical RAM or swap space
#   The process is running with CompressedOops enabled, and the Java Heap may be blocking the growth of the native heap
# Possible solutions:
#   Reduce memory load on the system
#   Increase physical memory or swap space
#   Check if swap backing store is full
#   Decrease Java heap size (-Xmx/-Xms)
#   Decrease number of Java threads
#   Decrease Java thread stack sizes (-Xss)
#   Set larger code cache with -XX:ReservedCodeCacheSize=
#   JVM is running with Zero Based Compressed Oops mode in which the Java heap is
#     placed in the first 32GB address space. The Java Heap base address is the
#     maximum limit for the native heap growth. Please use -XX:HeapBaseMinAddress
#     to set the Java Heap base and to place the Java Heap above 32GB virtual address.
# This output file may be truncated or incomplete.
#
#  Out of Memory Error (os_windows.cpp:3530), pid=16924, tid=17136
#
# JRE version:  (18.0.2.1+1) (build )
# Java VM: Java HotSpot(TM) 64-Bit Server VM (18.0.2.1+1-1, mixed mode, sharing, tiered, compressed oops, compressed class ptrs, g1 gc, windows-amd64)
# No core dump will be written. Minidumps are not enabled by default on client versions of Windows
#

---------------  S U M M A R Y ------------

Command Line: -Dclassworlds.conf=F:\maven\apache-maven-3.6.1\bin\..\bin\m2.conf -Dmaven.home=F:\maven\apache-maven-3.6.1\bin\.. -Dlibrary.jansi.path=F:\maven\apache-maven-3.6.1\bin\..\lib\jansi-native -Dmaven.multiModuleProjectDirectory=F:\test1\Academic_Affairs_Management org.codehaus.plexus.classworlds.launcher.Launcher dependency:tree

Host: Intel(R) Core(TM) i5-8300H CPU @ 2.30GHz, 8 cores, 15G,  Windows 10 , 64 bit Build 19041 (10.0.19041.5438)
Time: Sat Apr 12 17:07:59 2025  Windows 10 , 64 bit Build 19041 (10.0.19041.5438) elapsed time: 0.054588 seconds (0d 0h 0m 0s)

---------------  T H R E A D  ---------------

Current thread (0x000001c19602de60):  JavaThread "Unknown thread" [_thread_in_vm, id=17136, stack(0x0000006982000000,0x0000006982100000)]

Stack: [0x0000006982000000,0x0000006982100000]
Native frames: (J=compiled Java code, j=interpreted, Vv=VM code, C=native code)
V  [jvm.dll+0x6993aa]
V  [jvm.dll+0x7f46dd]
V  [jvm.dll+0x7f5fee]
V  [jvm.dll+0x7f66a3]
V  [jvm.dll+0x25cf1f]
V  [jvm.dll+0x6962f9]
V  [jvm.dll+0x68ae2a]
V  [jvm.dll+0x32255b]
V  [jvm.dll+0x329f36]
V  [jvm.dll+0x37eade]
V  [jvm.dll+0x37ed0f]
V  [jvm.dll+0x2fa2da]
V  [jvm.dll+0x2fb33d]
V  [jvm.dll+0x7c3310]
V  [jvm.dll+0x38be61]
V  [jvm.dll+0x7a2023]
V  [jvm.dll+0x40dc3f]
V  [jvm.dll+0x40f611]
C  [jli.dll+0x526b]
C  [ucrtbase.dll+0x21bb2]
C  [KERNEL32.DLL+0x17374]
C  [ntdll.dll+0x4cc91]


---------------  P R O C E S S  ---------------

Threads class SMR info:
_java_thread_list=0x00007ff9081ae550, length=0, elements={
}

Java Threads: ( => current thread )

Other Threads:
  0x000001c19609f9c0 WorkerThread "GC Thread#0" [stack: 0x0000006982100000,0x0000006982200000] [id=17144]
  0x000001c1960b0680 ConcurrentGCThread "G1 Main Marker" [stack: 0x0000006982200000,0x0000006982300000] [id=17160]
  0x000001c1960b1810 WorkerThread "G1 Conc#0" [stack: 0x0000006982300000,0x0000006982400000] [id=17156]

[error occurred during error reporting (printing all threads), id 0xc0000005, EXCEPTION_ACCESS_VIOLATION (0xc0000005) at pc=0x00007ff9079da877]

VM state: not at safepoint (not fully initialized)

VM Mutex/Monitor currently owned by a thread:  ([mutex/lock_event])
[0x000001c1960298c0] Heap_lock - owner thread: 0x000001c19602de60

Heap address: 0x0000000702600000, size: 4058 MB, Compressed Oops mode: Zero based, Oop shift amount: 3

CDS archive(s) mapped at: [0x0000000000000000-0x0000000000000000-0x0000000000000000), size 0, SharedBaseAddress: 0x0000000800000000, ArchiveRelocationMode: 0.
Narrow klass base: 0x0000000000000000, Narrow klass shift: 0, Narrow klass range: 0x0

GC Precious Log:
 CardTable entry size: 512
 Card Set container configuration: InlinePtr #cards 4 size 8 Array Of Cards #cards 16 size 48 Howl #buckets 8 coarsen threshold 3686 Howl Bitmap #cards 512 size 80 coarsen threshold 460 Card regions per heap region 1 cards per card region 4096

Heap:
 garbage-first heap   total 0K, used 0K [0x0000000702600000, 0x0000000800000000)
  region size 2048K, 0 young (0K), 0 survivors (0K)

[error occurred during error reporting (printing heap information), id 0xc0000005, EXCEPTION_ACCESS_VIOLATION (0xc0000005) at pc=0x00007ff907dc1839]

GC Heap History (0 events):
No events

Deoptimization events (0 events):
No events

Classes loaded (0 events):
No events

Classes unloaded (0 events):
No events

Classes redefined (0 events):
No events

Internal exceptions (0 events):
No events

VM Operations (0 events):
No events

Events (1 events):
Event: 0.006 Loaded shared library F:\java\bin\java.dll


Dynamic libraries:
0x00007ff69b060000 - 0x00007ff69b070000 	F:\java\bin\java.exe
0x00007ff978930000 - 0x00007ff978b28000 	C:\Windows\SYSTEM32\ntdll.dll
0x00007ff976b00000 - 0x00007ff976bc2000 	C:\Windows\System32\KERNEL32.DLL
0x00007ff976060000 - 0x00007ff97635f000 	C:\Windows\System32\KERNELBASE.dll
0x00007ff976560000 - 0x00007ff976660000 	C:\Windows\System32\ucrtbase.dll
0x00007ff9670c0000 - 0x00007ff9670da000 	F:\java\bin\VCRUNTIME140.dll
0x00007ff96cc50000 - 0x00007ff96cc68000 	F:\java\bin\jli.dll
0x00007ff978840000 - 0x00007ff9788ef000 	C:\Windows\System32\ADVAPI32.dll
0x00007ff9771c0000 - 0x00007ff97725e000 	C:\Windows\System32\msvcrt.dll
0x00007ff977890000 - 0x00007ff97792f000 	C:\Windows\System32\sechost.dll
0x00007ff977260000 - 0x00007ff977383000 	C:\Windows\System32\RPCRT4.dll
0x00007ff976360000 - 0x00007ff976387000 	C:\Windows\System32\bcrypt.dll
0x00007ff9785f0000 - 0x00007ff97878d000 	C:\Windows\System32\USER32.dll
0x00007ff976710000 - 0x00007ff976732000 	C:\Windows\System32\win32u.dll
0x00007ff976d10000 - 0x00007ff976d3b000 	C:\Windows\System32\GDI32.dll
0x00007ff96ecf0000 - 0x00007ff96ef8a000 	C:\Windows\WinSxS\amd64_microsoft.windows.common-controls_6595b64144ccf1df_6.0.19041.4355_none_60b8b9eb71f62e16\COMCTL32.dll
0x00007ff976740000 - 0x00007ff97685a000 	C:\Windows\System32\gdi32full.dll
0x00007ff9768b0000 - 0x00007ff97694d000 	C:\Windows\System32\msvcp_win.dll
0x00007ff975ae0000 - 0x00007ff975aea000 	C:\Windows\SYSTEM32\VERSION.dll
0x00007ff977bc0000 - 0x00007ff977bef000 	C:\Windows\System32\IMM32.DLL
0x000000005dca0000 - 0x000000005dcad000 	C:\Program Files (x86)\360\360Safe\safemon\SafeWrapper.dll
0x00007ff9652f0000 - 0x00007ff9653f5000 	C:\Program Files (x86)\360\360Safe\safemon\libzdtp64.dll
0x00007ff977bf0000 - 0x00007ff97835d000 	C:\Windows\System32\SHELL32.dll
0x00007ff978480000 - 0x00007ff9784d5000 	C:\Windows\System32\SHLWAPI.dll
0x00007ff9709a0000 - 0x00007ff9709ac000 	F:\java\bin\vcruntime140_1.dll
0x00007ff951c80000 - 0x00007ff951d0d000 	F:\java\bin\msvcp140.dll
0x00007ff9076d0000 - 0x00007ff9082e1000 	F:\java\bin\server\jvm.dll
0x00007ff978360000 - 0x00007ff978368000 	C:\Windows\System32\PSAPI.DLL
0x00007ff9735a0000 - 0x00007ff9735a9000 	C:\Windows\SYSTEM32\WSOCK32.dll
0x00007ff95c950000 - 0x00007ff95c977000 	C:\Windows\SYSTEM32\WINMM.dll
0x00007ff9776f0000 - 0x00007ff97775b000 	C:\Windows\System32\WS2_32.dll
0x00007ff973dd0000 - 0x00007ff973de2000 	C:\Windows\SYSTEM32\kernel.appcore.dll
0x00007ff9706d0000 - 0x00007ff9706da000 	F:\java\bin\jimage.dll
0x00007ff96ca30000 - 0x00007ff96cc14000 	C:\Windows\SYSTEM32\DBGHELP.DLL
0x00007ff96c2f0000 - 0x00007ff96c324000 	C:\Windows\SYSTEM32\dbgcore.DLL
0x00007ff975fd0000 - 0x00007ff976052000 	C:\Windows\System32\bcryptPrimitives.dll
0x00007ff959d00000 - 0x00007ff959d25000 	F:\java\bin\java.dll

dbghelp: loaded successfully - version: 4.0.5 - missing functions: none
symbol engine: initialized successfully - sym options: 0x614 - pdb path: .;F:\java\bin;C:\Windows\SYSTEM32;C:\Windows\WinSxS\amd64_microsoft.windows.common-controls_6595b64144ccf1df_6.0.19041.4355_none_60b8b9eb71f62e16;C:\Program Files (x86)\360\360Safe\safemon;F:\java\bin\server

VM Arguments:
jvm_args: -Dclassworlds.conf=F:\maven\apache-maven-3.6.1\bin\..\bin\m2.conf -Dmaven.home=F:\maven\apache-maven-3.6.1\bin\.. -Dlibrary.jansi.path=F:\maven\apache-maven-3.6.1\bin\..\lib\jansi-native -Dmaven.multiModuleProjectDirectory=F:\test1\Academic_Affairs_Management 
java_command: org.codehaus.plexus.classworlds.launcher.Launcher dependency:tree
java_class_path (initial): F:\maven\apache-maven-3.6.1\bin\..\boot\plexus-classworlds-2.6.0.jar
Launcher Type: SUN_STANDARD

[Global flags]
     intx CICompilerCount                          = 4                                         {product} {ergonomic}
     uint ConcGCThreads                            = 2                                         {product} {ergonomic}
     uint G1ConcRefinementThreads                  = 8                                         {product} {ergonomic}
   size_t G1HeapRegionSize                         = 2097152                                   {product} {ergonomic}
    uintx GCDrainStackTargetSize                   = 64                                        {product} {ergonomic}
   size_t InitialHeapSize                          = 266338304                                 {product} {ergonomic}
   size_t MarkStackSize                            = 4194304                                   {product} {ergonomic}
   size_t MaxHeapSize                              = 4255121408                                {product} {ergonomic}
   size_t MinHeapDeltaBytes                        = 2097152                                   {product} {ergonomic}
   size_t MinHeapSize                              = 8388608                                   {product} {ergonomic}
    uintx NonNMethodCodeHeapSize                   = 5839372                                {pd product} {ergonomic}
    uintx NonProfiledCodeHeapSize                  = 122909434                              {pd product} {ergonomic}
    uintx ProfiledCodeHeapSize                     = 122909434                              {pd product} {ergonomic}
    uintx ReservedCodeCacheSize                    = 251658240                              {pd product} {ergonomic}
     bool SegmentedCodeCache                       = true                                      {product} {ergonomic}
   size_t SoftMaxHeapSize                          = 4255121408                             {manageable} {ergonomic}
     bool UseCompressedClassPointers               = true                           {product lp64_product} {ergonomic}
     bool UseCompressedOops                        = true                           {product lp64_product} {ergonomic}
     bool UseG1GC                                  = true                                      {product} {ergonomic}
     bool UseLargePagesIndividualAllocation        = false                                  {pd product} {ergonomic}

Logging:
Log output configuration:
 #0: stdout all=warning uptime,level,tags foldmultilines=false
 #1: stderr all=off uptime,level,tags foldmultilines=false

Environment Variables:
JAVA_HOME=F:\java
PATH=C:\Program Files\Common Files\Oracle\Java\javapath;G:\anaconda;G:\anaconda\Library\mingw-w64\bin;G:\anaconda\Library\usr\bin;G:\anaconda\Library\bin;G:\anaconda\Scripts;C:\Windows\system32;C:\Windows;C:\Windows\System32\Wbem;C:\Windows\System32\WindowsPowerShell\v1.0\;C:\Windows\System32\OpenSSH\;C:\Program Files (x86)\NVIDIA Corporation\PhysX\Common;C:\Program Files\Common Files\Autodesk Shared\;G:\ssh;G:\node\;G:\node\node_modules;G:\node\node_modules\node_modules;G:\node\node_modules\node_global;C:\Program Files\MySQL\MySQL Server 8.0\bin;C:\Program Files\dotnet\;G:\Program Files\MongoDB\Server\8.0\bin;G:\eds;g:\CURSOR\resources\app\bin;F:\javabin;G:\lbo\program;F:\maven\apache-maven-3.6.1\bin;D:\jdk\bin;C:\Users\Administrator\AppData\Local\Microsoft\WindowsApps;G:\node\node_global;;G:\pycharm\PyCharm 2024.2.4\bin;;G:\IntelliJ IDEA 2024.2.4\bin;;G:\CURSOR\resources\app\bin
USERNAME=Administrator
OS=Windows_NT
PROCESSOR_IDENTIFIER=Intel64 Family 6 Model 158 Stepping 10, GenuineIntel



---------------  S Y S T E M  ---------------

OS:
 Windows 10 , 64 bit Build 19041 (10.0.19041.5438)
OS uptime: 0 days 7:10 hours

CPU: total 8 (initial active 8) (4 cores per cpu, 2 threads per core) family 6 model 158 stepping 10 microcode 0xb4, cx8, cmov, fxsr, ht, mmx, 3dnowpref, sse, sse2, sse3, ssse3, sse4.1, sse4.2, popcnt, lzcnt, tsc, tscinvbit, avx, avx2, aes, erms, clmul, bmi1, bmi2, adx, fma, vzeroupper, clflush, clflushopt

Memory: 4k page, system-wide physical 16226M (3278M free)
TotalPageFile size 16226M (AvailPageFile size 220M)
current process WorkingSet (physical memory assigned to process): 12M, peak: 12M
current process commit charge ("private bytes"): 61M, peak: 315M

vm_info: Java HotSpot(TM) 64-Bit Server VM (18.0.2.1+1-1) for windows-amd64 JRE (18.0.2.1+1-1), built on Aug 16 2022 01:46:33 by "mach5one" with MS VC++ 16.8 / 16.9 (VS2019)

END.
