#
# There is insufficient memory for the Java Runtime Environment to continue.
# Native memory allocation (mmap) failed to map 65536 bytes for Failed to commit metaspace.
# Possible reasons:
#   The system is out of physical RAM or swap space
#   The process is running with CompressedOops enabled, and the Java Heap may be blocking the growth of the native heap
# Possible solutions:
#   Reduce memory load on the system
#   Increase physical memory or swap space
#   Check if swap backing store is full
#   Decrease Java heap size (-Xmx/-Xms)
#   Decrease number of Java threads
#   Decrease Java thread stack sizes (-Xss)
#   Set larger code cache with -XX:ReservedCodeCacheSize=
#   JVM is running with Zero Based Compressed Oops mode in which the Java heap is
#     placed in the first 32GB address space. The Java Heap base address is the
#     maximum limit for the native heap growth. Please use -XX:HeapBaseMinAddress
#     to set the Java Heap base and to place the Java Heap above 32GB virtual address.
# This output file may be truncated or incomplete.
#
#  Out of Memory Error (virtualSpaceNode.cpp:110), pid=18248, tid=16828
#
# JRE version: Java(TM) SE Runtime Environment (18.0.2.1+1) (build 18.0.2.1+1-1)
# Java VM: Java HotSpot(TM) 64-Bit Server VM (18.0.2.1+1-1, mixed mode, emulated-client, sharing, tiered, compressed oops, compressed class ptrs, g1 gc, windows-amd64)
# No core dump will be written. Minidumps are not enabled by default on client versions of Windows
#

---------------  S U M M A R Y ------------

Command Line: -XX:TieredStopAtLevel=1 -Dspring.output.ansi.enabled=always -Dcom.sun.management.jmxremote -Dspring.jmx.enabled=true -Dspring.liveBeansView.mbeanDomain -Dspring.application.admin.enabled=true -Dmanagement.endpoints.jmx.exposure.include=* -javaagent:G:\IntelliJ IDEA 2024.2.4\lib\idea_rt.jar=54911:G:\IntelliJ IDEA 2024.2.4\bin -Dfile.encoding=UTF-8 -Dsun.stdout.encoding=UTF-8 -Dsun.stderr.encoding=UTF-8 com.ouc.aamanagement.AAManagement

Host: Intel(R) Core(TM) i5-8300H CPU @ 2.30GHz, 8 cores, 15G,  Windows 10 , 64 bit Build 19041 (10.0.19041.5438)
Time: Sat Apr 12 19:21:15 2025  Windows 10 , 64 bit Build 19041 (10.0.19041.5438) elapsed time: 1.133861 seconds (0d 0h 0m 1s)

---------------  T H R E A D  ---------------

Current thread (0x000001c81c245b10):  JavaThread "RMI TCP Connection(1)-10.155.221.18" daemon [_thread_in_vm, id=16828, stack(0x0000003cf2600000,0x0000003cf2700000)]

Stack: [0x0000003cf2600000,0x0000003cf2700000]
Native frames: (J=compiled Java code, j=interpreted, Vv=VM code, C=native code)
V  [jvm.dll+0x6993aa]
V  [jvm.dll+0x7f46dd]
V  [jvm.dll+0x7f5fee]
V  [jvm.dll+0x7f66a3]
V  [jvm.dll+0x25cf1f]
V  [jvm.dll+0x7f03eb]
V  [jvm.dll+0x63f526]
V  [jvm.dll+0x1d75ce]
V  [jvm.dll+0x641ecb]
V  [jvm.dll+0x641cce]
V  [jvm.dll+0x63feee]
V  [jvm.dll+0x252ab0]
V  [jvm.dll+0x20333d]
V  [jvm.dll+0x1f8d61]
V  [jvm.dll+0x55dc05]
V  [jvm.dll+0x76e943]
V  [jvm.dll+0x76ea24]
V  [jvm.dll+0x42d7b4]
V  [jvm.dll+0x4334bf]
C  [java.dll+0x17ec]

Java frames: (J=compiled Java code, j=interpreted, Vv=VM code)
j  java.lang.ClassLoader.defineClass1(Ljava/lang/ClassLoader;Ljava/lang/String;[BIILjava/security/ProtectionDomain;Ljava/lang/String;)Ljava/lang/Class;+0 java.base@18.0.2.1
j  java.lang.System$2.defineClass(Ljava/lang/ClassLoader;Ljava/lang/String;[BLjava/security/ProtectionDomain;Ljava/lang/String;)Ljava/lang/Class;+10 java.base@18.0.2.1
j  jdk.internal.reflect.ClassDefiner.defineClass(Ljava/lang/String;[BIILjava/lang/ClassLoader;)Ljava/lang/Class;+27 java.base@18.0.2.1
j  jdk.internal.reflect.MethodAccessorGenerator$1.run()Ljdk/internal/reflect/MagicAccessorImpl;+21 java.base@18.0.2.1
j  jdk.internal.reflect.MethodAccessorGenerator$1.run()Ljava/lang/Object;+1 java.base@18.0.2.1
J 1079 c1 java.security.AccessController.doPrivileged(Ljava/security/PrivilegedAction;)Ljava/lang/Object; java.base@18.0.2.1 (9 bytes) @ 0x000001c807fe9dfc [0x000001c807fe9dc0+0x000000000000003c]
j  jdk.internal.reflect.MethodAccessorGenerator.generate(Ljava/lang/Class;Ljava/lang/String;[Ljava/lang/Class;Ljava/lang/Class;[Ljava/lang/Class;IZZLjava/lang/Class;)Ljdk/internal/reflect/MagicAccessorImpl;+755 java.base@18.0.2.1
j  jdk.internal.reflect.MethodAccessorGenerator.generateSerializationConstructor(Ljava/lang/Class;[Ljava/lang/Class;[Ljava/lang/Class;ILjava/lang/Class;)Ljdk/internal/reflect/SerializationConstructorAccessorImpl;+15 java.base@18.0.2.1
j  jdk.internal.reflect.ReflectionFactory.generateConstructor(Ljava/lang/Class;Ljava/lang/reflect/Constructor;)Ljava/lang/reflect/Constructor;+24 java.base@18.0.2.1
j  jdk.internal.reflect.ReflectionFactory.newConstructorForSerialization(Ljava/lang/Class;)Ljava/lang/reflect/Constructor;+90 java.base@18.0.2.1
j  java.io.ObjectStreamClass.getSerializableConstructor(Ljava/lang/Class;)Ljava/lang/reflect/Constructor;+4 java.base@18.0.2.1
j  java.io.ObjectStreamClass$2.run()Ljava/lang/Void;+210 java.base@18.0.2.1
j  java.io.ObjectStreamClass$2.run()Ljava/lang/Object;+1 java.base@18.0.2.1
J 1079 c1 java.security.AccessController.doPrivileged(Ljava/security/PrivilegedAction;)Ljava/lang/Object; java.base@18.0.2.1 (9 bytes) @ 0x000001c807fe9dfc [0x000001c807fe9dc0+0x000000000000003c]
j  java.io.ObjectStreamClass.<init>(Ljava/lang/Class;)V+111 java.base@18.0.2.1
j  java.io.ObjectStreamClass$Caches$1.computeValue(Ljava/lang/Class;)Ljava/io/ObjectStreamClass;+5 java.base@18.0.2.1
j  java.io.ObjectStreamClass$Caches$1.computeValue(Ljava/lang/Class;)Ljava/lang/Object;+2 java.base@18.0.2.1
j  java.io.ClassCache$1.computeValue(Ljava/lang/Class;)Ljava/io/ClassCache$CacheRef;+5 java.base@18.0.2.1
j  java.io.ClassCache$1.computeValue(Ljava/lang/Class;)Ljava/lang/Object;+2 java.base@18.0.2.1
j  java.lang.ClassValue.getFromHashMap(Ljava/lang/Class;)Ljava/lang/Object;+29 java.base@18.0.2.1
j  java.lang.ClassValue.getFromBackup([Ljava/lang/ClassValue$Entry;Ljava/lang/Class;)Ljava/lang/Object;+17 java.base@18.0.2.1
j  java.lang.ClassValue.get(Ljava/lang/Class;)Ljava/lang/Object;+27 java.base@18.0.2.1
j  java.io.ClassCache.get(Ljava/lang/Class;)Ljava/lang/Object;+9 java.base@18.0.2.1
j  java.io.ObjectStreamClass.lookup(Ljava/lang/Class;Z)Ljava/io/ObjectStreamClass;+19 java.base@18.0.2.1
j  java.io.ObjectStreamClass.initNonProxy(Ljava/io/ObjectStreamClass;Ljava/lang/Class;Ljava/lang/ClassNotFoundException;Ljava/io/ObjectStreamClass;)V+15 java.base@18.0.2.1
j  java.io.ObjectInputStream.readNonProxyDesc(Z)Ljava/io/ObjectStreamClass;+192 java.base@18.0.2.1
j  java.io.ObjectInputStream.readClassDesc(Z)Ljava/io/ObjectStreamClass;+72 java.base@18.0.2.1
j  java.io.ObjectInputStream.readOrdinaryObject(Z)Ljava/lang/Object;+22 java.base@18.0.2.1
j  java.io.ObjectInputStream.readObject0(Ljava/lang/Class;Z)Ljava/lang/Object;+494 java.base@18.0.2.1
j  java.io.ObjectInputStream$FieldValues.<init>(Ljava/io/ObjectInputStream;Ljava/io/ObjectStreamClass;Z)V+164 java.base@18.0.2.1
j  java.io.ObjectInputStream.readSerialData(Ljava/lang/Object;Ljava/io/ObjectStreamClass;)V+372 java.base@18.0.2.1
j  java.io.ObjectInputStream.readOrdinaryObject(Z)Ljava/lang/Object;+240 java.base@18.0.2.1
j  java.io.ObjectInputStream.readObject0(Ljava/lang/Class;Z)Ljava/lang/Object;+494 java.base@18.0.2.1
j  java.io.ObjectInputStream.readObject(Ljava/lang/Class;)Ljava/lang/Object;+42 java.base@18.0.2.1
j  java.io.ObjectInputStream.readObject()Ljava/lang/Object;+3 java.base@18.0.2.1
j  sun.rmi.transport.DGCImpl_Skel.dispatch(Ljava/rmi/Remote;Ljava/rmi/server/RemoteCall;IJ)V+213 java.rmi@18.0.2.1
j  sun.rmi.server.UnicastServerRef.oldDispatch(Ljava/rmi/Remote;Ljava/rmi/server/RemoteCall;I)V+127 java.rmi@18.0.2.1
j  sun.rmi.server.UnicastServerRef.dispatch(Ljava/rmi/Remote;Ljava/rmi/server/RemoteCall;)V+44 java.rmi@18.0.2.1
j  sun.rmi.transport.Transport$1.run()Ljava/lang/Void;+23 java.rmi@18.0.2.1
j  sun.rmi.transport.Transport$1.run()Ljava/lang/Object;+1 java.rmi@18.0.2.1
J 377 c1 java.security.AccessController.doPrivileged(Ljava/security/PrivilegedExceptionAction;Ljava/security/AccessControlContext;)Ljava/lang/Object; java.base@18.0.2.1 (26 bytes) @ 0x000001c807e531c4 [0x000001c807e53160+0x0000000000000064]
j  sun.rmi.transport.Transport.serviceCall(Ljava/rmi/server/RemoteCall;)Z+157 java.rmi@18.0.2.1
j  sun.rmi.transport.tcp.TCPTransport.handleMessages(Lsun/rmi/transport/Connection;Z)V+145 java.rmi@18.0.2.1
j  sun.rmi.transport.tcp.TCPTransport$ConnectionHandler.run0()V+522 java.rmi@18.0.2.1
j  sun.rmi.transport.tcp.TCPTransport$ConnectionHandler.lambda$run$0()Ljava/lang/Void;+1 java.rmi@18.0.2.1
j  sun.rmi.transport.tcp.TCPTransport$ConnectionHandler$$Lambda$118+0x0000000800c9bc20.run()Ljava/lang/Object;+4 java.rmi@18.0.2.1
J 948 c1 java.security.AccessController.executePrivileged(Ljava/security/PrivilegedAction;Ljava/security/AccessControlContext;Ljava/lang/Class;)Ljava/lang/Object; java.base@18.0.2.1 (65 bytes) @ 0x000001c807f2778c [0x000001c807f27740+0x000000000000004c]
j  java.security.AccessController.doPrivileged(Ljava/security/PrivilegedAction;Ljava/security/AccessControlContext;)Ljava/lang/Object;+13 java.base@18.0.2.1
j  sun.rmi.transport.tcp.TCPTransport$ConnectionHandler.run()V+37 java.rmi@18.0.2.1
j  java.util.concurrent.ThreadPoolExecutor.runWorker(Ljava/util/concurrent/ThreadPoolExecutor$Worker;)V+92 java.base@18.0.2.1
j  java.util.concurrent.ThreadPoolExecutor$Worker.run()V+5 java.base@18.0.2.1
j  java.lang.Thread.run()V+11 java.base@18.0.2.1
v  ~StubRoutines::call_stub

---------------  P R O C E S S  ---------------

Threads class SMR info:
_java_thread_list=0x000001c81bf8cb60, length=17, elements={
0x000001c87fccefd0, 0x000001c814af5770, 0x000001c814af62e0, 0x000001c814b0e600,
0x000001c814b0f170, 0x000001c814b10a30, 0x000001c814b112e0, 0x000001c814b13ba0,
0x000001c814b145d0, 0x000001c814adb760, 0x000001c81b5cf5e0, 0x000001c81b5cfef0,
0x000001c81bd3ce60, 0x000001c81bd3f940, 0x000001c81be51d70, 0x000001c81bf68c30,
0x000001c81c245b10
}

Java Threads: ( => current thread )
  0x000001c87fccefd0 JavaThread "main" [_thread_in_vm, id=17096, stack(0x0000003cf0600000,0x0000003cf0700000)]
  0x000001c814af5770 JavaThread "Reference Handler" daemon [_thread_blocked, id=8380, stack(0x0000003cf0d00000,0x0000003cf0e00000)]
  0x000001c814af62e0 JavaThread "Finalizer" daemon [_thread_blocked, id=6968, stack(0x0000003cf0e00000,0x0000003cf0f00000)]
  0x000001c814b0e600 JavaThread "Signal Dispatcher" daemon [_thread_blocked, id=17480, stack(0x0000003cf0f00000,0x0000003cf1000000)]
  0x000001c814b0f170 JavaThread "Attach Listener" daemon [_thread_blocked, id=4268, stack(0x0000003cf1000000,0x0000003cf1100000)]
  0x000001c814b10a30 JavaThread "Service Thread" daemon [_thread_blocked, id=12236, stack(0x0000003cf1100000,0x0000003cf1200000)]
  0x000001c814b112e0 JavaThread "Monitor Deflation Thread" daemon [_thread_blocked, id=16376, stack(0x0000003cf1200000,0x0000003cf1300000)]
  0x000001c814b13ba0 JavaThread "C1 CompilerThread0" daemon [_thread_blocked, id=12348, stack(0x0000003cf1300000,0x0000003cf1400000)]
  0x000001c814b145d0 JavaThread "Sweeper thread" daemon [_thread_blocked, id=12852, stack(0x0000003cf1400000,0x0000003cf1500000)]
  0x000001c814adb760 JavaThread "Common-Cleaner" daemon [_thread_blocked, id=14012, stack(0x0000003cf1500000,0x0000003cf1600000)]
  0x000001c81b5cf5e0 JavaThread "C1 CompilerThread1" daemon [_thread_in_native, id=16000, stack(0x0000003cf1600000,0x0000003cf1700000)]
  0x000001c81b5cfef0 JavaThread "C1 CompilerThread2" daemon [_thread_blocked, id=2816, stack(0x0000003cf1700000,0x0000003cf1800000)]
  0x000001c81bd3ce60 JavaThread "Monitor Ctrl-Break" daemon [_thread_in_native, id=14972, stack(0x0000003cf1800000,0x0000003cf1900000)]
  0x000001c81bd3f940 JavaThread "Notification Thread" daemon [_thread_blocked, id=15892, stack(0x0000003cf1900000,0x0000003cf1a00000)]
  0x000001c81be51d70 JavaThread "RMI TCP Accept-0" daemon [_thread_in_native, id=1448, stack(0x0000003cf1a00000,0x0000003cf1b00000)]
  0x000001c81bf68c30 JavaThread "C1 CompilerThread3" daemon [_thread_blocked, id=11936, stack(0x0000003cf1c00000,0x0000003cf1d00000)]
=>0x000001c81c245b10 JavaThread "RMI TCP Connection(1)-10.155.221.18" daemon [_thread_in_vm, id=16828, stack(0x0000003cf2600000,0x0000003cf2700000)]

Other Threads:
  0x000001c81495bbd0 VMThread "VM Thread" [stack: 0x0000003cf0c00000,0x0000003cf0d00000] [id=15984]
  0x000001c87fccff70 WatcherThread "VM Periodic Task Thread" [stack: 0x0000003cf1b00000,0x0000003cf1c00000] [id=10132]
  0x000001c87fd3dbb0 WorkerThread "GC Thread#0" [stack: 0x0000003cf0700000,0x0000003cf0800000] [id=17416]
  0x000001c81bf6bd40 WorkerThread "GC Thread#1" [stack: 0x0000003cf1d00000,0x0000003cf1e00000] [id=16500]
  0x000001c81bf6bfe0 WorkerThread "GC Thread#2" [stack: 0x0000003cf1e00000,0x0000003cf1f00000] [id=5288]
  0x000001c81bf6c280 WorkerThread "GC Thread#3" [stack: 0x0000003cf1f00000,0x0000003cf2000000] [id=13164]
  0x000001c81bf6c520 WorkerThread "GC Thread#4" [stack: 0x0000003cf2000000,0x0000003cf2100000] [id=18172]
  0x000001c81bf6cc40 WorkerThread "GC Thread#5" [stack: 0x0000003cf2100000,0x0000003cf2200000] [id=14572]
  0x000001c81bfe3fe0 WorkerThread "GC Thread#6" [stack: 0x0000003cf2200000,0x0000003cf2300000] [id=17488]
  0x000001c81bfe4280 WorkerThread "GC Thread#7" [stack: 0x0000003cf2300000,0x0000003cf2400000] [id=11048]
  0x000001c814953ff0 ConcurrentGCThread "G1 Main Marker" [stack: 0x0000003cf0800000,0x0000003cf0900000] [id=4224]
  0x000001c87fd4cfd0 WorkerThread "G1 Conc#0" [stack: 0x0000003cf0900000,0x0000003cf0a00000] [id=2784]
  0x000001c8149a79d0 ConcurrentGCThread "G1 Refine#0" [stack: 0x0000003cf0a00000,0x0000003cf0b00000] [id=17484]
  0x000001c81bec3000 ConcurrentGCThread "G1 Refine#1" [stack: 0x0000003cf2400000,0x0000003cf2500000] [id=17672]
  0x000001c81b5d1e90 ConcurrentGCThread "G1 Refine#2" [stack: 0x0000003cf2500000,0x0000003cf2600000] [id=17124]
  0x000001c8149a81f0 ConcurrentGCThread "G1 Service" [stack: 0x0000003cf0b00000,0x0000003cf0c00000] [id=12172]

Threads with active compile tasks:
C1 CompilerThread1     1154 1249       1       java.net.URLStreamHandler::parseURL (1124 bytes)

VM state: not at safepoint (normal execution)

VM Mutex/Monitor currently owned by a thread:  ([mutex/lock_event])
[0x000001c87fcbe2b0] Metaspace_lock - owner thread: 0x000001c81c245b10

Heap address: 0x0000000702600000, size: 4058 MB, Compressed Oops mode: Zero based, Oop shift amount: 3

CDS archive(s) mapped at: [0x0000000800000000-0x0000000800ba0000-0x0000000800ba0000), size 12189696, SharedBaseAddress: 0x0000000800000000, ArchiveRelocationMode: 0.
Compressed class space mapped at: 0x0000000800c00000-0x0000000840c00000, reserved size: 1073741824
Narrow klass base: 0x0000000800000000, Narrow klass shift: 0, Narrow klass range: 0x100000000

GC Precious Log:
 CardTable entry size: 512
 Card Set container configuration: InlinePtr #cards 4 size 8 Array Of Cards #cards 16 size 48 Howl #buckets 8 coarsen threshold 3686 Howl Bitmap #cards 512 size 80 coarsen threshold 460 Card regions per heap region 1 cards per card region 4096
 CPUs: 8 total, 8 available
 Memory: 16226M
 Large Page Support: Disabled
 NUMA Support: Disabled
 Compressed Oops: Enabled (Zero based)
 Heap Region Size: 2M
 Heap Min Capacity: 8M
 Heap Initial Capacity: 254M
 Heap Max Capacity: 4058M
 Pre-touch: Disabled
 Parallel Workers: 8
 Concurrent Workers: 2
 Concurrent Refinement Workers: 8
 Periodic GC: Disabled

Heap:
 garbage-first heap   total 260096K, used 16090K [0x0000000702600000, 0x0000000800000000)
  region size 2048K, 4 young (8192K), 2 survivors (4096K)
 Metaspace       used 6531K, committed 6720K, reserved 1114112K
  class space    used 776K, committed 896K, reserved 1048576K

Heap Regions: E=young(eden), S=young(survivor), O=old, HS=humongous(starts), HC=humongous(continues), CS=collection set, F=free, OA=open archive, CA=closed archive, TAMS=top-at-mark-start (previous, next)
|   0|0x0000000702600000, 0x0000000702800000, 0x0000000702800000|100%|HS|  |TAMS 0x0000000702600000, 0x0000000702600000| Complete 
|   1|0x0000000702800000, 0x0000000702a00000, 0x0000000702a00000|100%| O|  |TAMS 0x0000000702800000, 0x0000000702800000| Untracked 
|   2|0x0000000702a00000, 0x0000000702c00000, 0x0000000702c00000|100%| O|  |TAMS 0x0000000702a00000, 0x0000000702a00000| Untracked 
|   3|0x0000000702c00000, 0x0000000702e00000, 0x0000000702e00000|100%| O|  |TAMS 0x0000000702c00000, 0x0000000702c00000| Untracked 
|   4|0x0000000702e00000, 0x0000000702fb6800, 0x0000000703000000| 85%| O|  |TAMS 0x0000000702e00000, 0x0000000702e00000| Untracked 
|   5|0x0000000703000000, 0x0000000703000000, 0x0000000703200000|  0%| F|  |TAMS 0x0000000703000000, 0x0000000703000000| Untracked 
|   6|0x0000000703200000, 0x0000000703200000, 0x0000000703400000|  0%| F|  |TAMS 0x0000000703200000, 0x0000000703200000| Untracked 
|   7|0x0000000703400000, 0x0000000703400000, 0x0000000703600000|  0%| F|  |TAMS 0x0000000703400000, 0x0000000703400000| Untracked 
|   8|0x0000000703600000, 0x0000000703600000, 0x0000000703800000|  0%| F|  |TAMS 0x0000000703600000, 0x0000000703600000| Untracked 
|   9|0x0000000703800000, 0x0000000703800000, 0x0000000703a00000|  0%| F|  |TAMS 0x0000000703800000, 0x0000000703800000| Untracked 
|  10|0x0000000703a00000, 0x0000000703a00000, 0x0000000703c00000|  0%| F|  |TAMS 0x0000000703a00000, 0x0000000703a00000| Untracked 
|  11|0x0000000703c00000, 0x0000000703c00000, 0x0000000703e00000|  0%| F|  |TAMS 0x0000000703c00000, 0x0000000703c00000| Untracked 
|  12|0x0000000703e00000, 0x0000000703e00000, 0x0000000704000000|  0%| F|  |TAMS 0x0000000703e00000, 0x0000000703e00000| Untracked 
|  13|0x0000000704000000, 0x0000000704000000, 0x0000000704200000|  0%| F|  |TAMS 0x0000000704000000, 0x0000000704000000| Untracked 
|  14|0x0000000704200000, 0x0000000704200000, 0x0000000704400000|  0%| F|  |TAMS 0x0000000704200000, 0x0000000704200000| Untracked 
|  15|0x0000000704400000, 0x0000000704400000, 0x0000000704600000|  0%| F|  |TAMS 0x0000000704400000, 0x0000000704400000| Untracked 
|  16|0x0000000704600000, 0x0000000704600000, 0x0000000704800000|  0%| F|  |TAMS 0x0000000704600000, 0x0000000704600000| Untracked 
|  17|0x0000000704800000, 0x0000000704800000, 0x0000000704a00000|  0%| F|  |TAMS 0x0000000704800000, 0x0000000704800000| Untracked 
|  18|0x0000000704a00000, 0x0000000704a00000, 0x0000000704c00000|  0%| F|  |TAMS 0x0000000704a00000, 0x0000000704a00000| Untracked 
|  19|0x0000000704c00000, 0x0000000704c00000, 0x0000000704e00000|  0%| F|  |TAMS 0x0000000704c00000, 0x0000000704c00000| Untracked 
|  20|0x0000000704e00000, 0x0000000704e00000, 0x0000000705000000|  0%| F|  |TAMS 0x0000000704e00000, 0x0000000704e00000| Untracked 
|  21|0x0000000705000000, 0x0000000705000000, 0x0000000705200000|  0%| F|  |TAMS 0x0000000705000000, 0x0000000705000000| Untracked 
|  22|0x0000000705200000, 0x0000000705200000, 0x0000000705400000|  0%| F|  |TAMS 0x0000000705200000, 0x0000000705200000| Untracked 
|  23|0x0000000705400000, 0x0000000705400000, 0x0000000705600000|  0%| F|  |TAMS 0x0000000705400000, 0x0000000705400000| Untracked 
|  24|0x0000000705600000, 0x0000000705600000, 0x0000000705800000|  0%| F|  |TAMS 0x0000000705600000, 0x0000000705600000| Untracked 
|  25|0x0000000705800000, 0x0000000705800000, 0x0000000705a00000|  0%| F|  |TAMS 0x0000000705800000, 0x0000000705800000| Untracked 
|  26|0x0000000705a00000, 0x0000000705a00000, 0x0000000705c00000|  0%| F|  |TAMS 0x0000000705a00000, 0x0000000705a00000| Untracked 
|  27|0x0000000705c00000, 0x0000000705c00000, 0x0000000705e00000|  0%| F|  |TAMS 0x0000000705c00000, 0x0000000705c00000| Untracked 
|  28|0x0000000705e00000, 0x0000000705e00000, 0x0000000706000000|  0%| F|  |TAMS 0x0000000705e00000, 0x0000000705e00000| Untracked 
|  29|0x0000000706000000, 0x0000000706000000, 0x0000000706200000|  0%| F|  |TAMS 0x0000000706000000, 0x0000000706000000| Untracked 
|  30|0x0000000706200000, 0x0000000706200000, 0x0000000706400000|  0%| F|  |TAMS 0x0000000706200000, 0x0000000706200000| Untracked 
|  31|0x0000000706400000, 0x0000000706400000, 0x0000000706600000|  0%| F|  |TAMS 0x0000000706400000, 0x0000000706400000| Untracked 
|  32|0x0000000706600000, 0x0000000706600000, 0x0000000706800000|  0%| F|  |TAMS 0x0000000706600000, 0x0000000706600000| Untracked 
|  33|0x0000000706800000, 0x0000000706800000, 0x0000000706a00000|  0%| F|  |TAMS 0x0000000706800000, 0x0000000706800000| Untracked 
|  34|0x0000000706a00000, 0x0000000706a00000, 0x0000000706c00000|  0%| F|  |TAMS 0x0000000706a00000, 0x0000000706a00000| Untracked 
|  35|0x0000000706c00000, 0x0000000706c00000, 0x0000000706e00000|  0%| F|  |TAMS 0x0000000706c00000, 0x0000000706c00000| Untracked 
|  36|0x0000000706e00000, 0x0000000706e00000, 0x0000000707000000|  0%| F|  |TAMS 0x0000000706e00000, 0x0000000706e00000| Untracked 
|  37|0x0000000707000000, 0x0000000707000000, 0x0000000707200000|  0%| F|  |TAMS 0x0000000707000000, 0x0000000707000000| Untracked 
|  38|0x0000000707200000, 0x0000000707200000, 0x0000000707400000|  0%| F|  |TAMS 0x0000000707200000, 0x0000000707200000| Untracked 
|  39|0x0000000707400000, 0x0000000707400000, 0x0000000707600000|  0%| F|  |TAMS 0x0000000707400000, 0x0000000707400000| Untracked 
|  40|0x0000000707600000, 0x0000000707600000, 0x0000000707800000|  0%| F|  |TAMS 0x0000000707600000, 0x0000000707600000| Untracked 
|  41|0x0000000707800000, 0x0000000707800000, 0x0000000707a00000|  0%| F|  |TAMS 0x0000000707800000, 0x0000000707800000| Untracked 
|  42|0x0000000707a00000, 0x0000000707a00000, 0x0000000707c00000|  0%| F|  |TAMS 0x0000000707a00000, 0x0000000707a00000| Untracked 
|  43|0x0000000707c00000, 0x0000000707c00000, 0x0000000707e00000|  0%| F|  |TAMS 0x0000000707c00000, 0x0000000707c00000| Untracked 
|  44|0x0000000707e00000, 0x0000000707e00000, 0x0000000708000000|  0%| F|  |TAMS 0x0000000707e00000, 0x0000000707e00000| Untracked 
|  45|0x0000000708000000, 0x0000000708000000, 0x0000000708200000|  0%| F|  |TAMS 0x0000000708000000, 0x0000000708000000| Untracked 
|  46|0x0000000708200000, 0x0000000708200000, 0x0000000708400000|  0%| F|  |TAMS 0x0000000708200000, 0x0000000708200000| Untracked 
|  47|0x0000000708400000, 0x0000000708400000, 0x0000000708600000|  0%| F|  |TAMS 0x0000000708400000, 0x0000000708400000| Untracked 
|  48|0x0000000708600000, 0x0000000708600000, 0x0000000708800000|  0%| F|  |TAMS 0x0000000708600000, 0x0000000708600000| Untracked 
|  49|0x0000000708800000, 0x0000000708800000, 0x0000000708a00000|  0%| F|  |TAMS 0x0000000708800000, 0x0000000708800000| Untracked 
|  50|0x0000000708a00000, 0x0000000708a00000, 0x0000000708c00000|  0%| F|  |TAMS 0x0000000708a00000, 0x0000000708a00000| Untracked 
|  51|0x0000000708c00000, 0x0000000708c00000, 0x0000000708e00000|  0%| F|  |TAMS 0x0000000708c00000, 0x0000000708c00000| Untracked 
|  52|0x0000000708e00000, 0x0000000708e00000, 0x0000000709000000|  0%| F|  |TAMS 0x0000000708e00000, 0x0000000708e00000| Untracked 
|  53|0x0000000709000000, 0x0000000709000000, 0x0000000709200000|  0%| F|  |TAMS 0x0000000709000000, 0x0000000709000000| Untracked 
|  54|0x0000000709200000, 0x0000000709200000, 0x0000000709400000|  0%| F|  |TAMS 0x0000000709200000, 0x0000000709200000| Untracked 
|  55|0x0000000709400000, 0x0000000709400000, 0x0000000709600000|  0%| F|  |TAMS 0x0000000709400000, 0x0000000709400000| Untracked 
|  56|0x0000000709600000, 0x0000000709600000, 0x0000000709800000|  0%| F|  |TAMS 0x0000000709600000, 0x0000000709600000| Untracked 
|  57|0x0000000709800000, 0x0000000709800000, 0x0000000709a00000|  0%| F|  |TAMS 0x0000000709800000, 0x0000000709800000| Untracked 
|  58|0x0000000709a00000, 0x0000000709a00000, 0x0000000709c00000|  0%| F|  |TAMS 0x0000000709a00000, 0x0000000709a00000| Untracked 
|  59|0x0000000709c00000, 0x0000000709c00000, 0x0000000709e00000|  0%| F|  |TAMS 0x0000000709c00000, 0x0000000709c00000| Untracked 
|  60|0x0000000709e00000, 0x0000000709e00000, 0x000000070a000000|  0%| F|  |TAMS 0x0000000709e00000, 0x0000000709e00000| Untracked 
|  61|0x000000070a000000, 0x000000070a000000, 0x000000070a200000|  0%| F|  |TAMS 0x000000070a000000, 0x000000070a000000| Untracked 
|  62|0x000000070a200000, 0x000000070a200000, 0x000000070a400000|  0%| F|  |TAMS 0x000000070a200000, 0x000000070a200000| Untracked 
|  63|0x000000070a400000, 0x000000070a400000, 0x000000070a600000|  0%| F|  |TAMS 0x000000070a400000, 0x000000070a400000| Untracked 
|  64|0x000000070a600000, 0x000000070a600000, 0x000000070a800000|  0%| F|  |TAMS 0x000000070a600000, 0x000000070a600000| Untracked 
|  65|0x000000070a800000, 0x000000070a800000, 0x000000070aa00000|  0%| F|  |TAMS 0x000000070a800000, 0x000000070a800000| Untracked 
|  66|0x000000070aa00000, 0x000000070aa00000, 0x000000070ac00000|  0%| F|  |TAMS 0x000000070aa00000, 0x000000070aa00000| Untracked 
|  67|0x000000070ac00000, 0x000000070ac00000, 0x000000070ae00000|  0%| F|  |TAMS 0x000000070ac00000, 0x000000070ac00000| Untracked 
|  68|0x000000070ae00000, 0x000000070ae00000, 0x000000070b000000|  0%| F|  |TAMS 0x000000070ae00000, 0x000000070ae00000| Untracked 
|  69|0x000000070b000000, 0x000000070b000000, 0x000000070b200000|  0%| F|  |TAMS 0x000000070b000000, 0x000000070b000000| Untracked 
|  70|0x000000070b200000, 0x000000070b200000, 0x000000070b400000|  0%| F|  |TAMS 0x000000070b200000, 0x000000070b200000| Untracked 
|  71|0x000000070b400000, 0x000000070b400000, 0x000000070b600000|  0%| F|  |TAMS 0x000000070b400000, 0x000000070b400000| Untracked 
|  72|0x000000070b600000, 0x000000070b600000, 0x000000070b800000|  0%| F|  |TAMS 0x000000070b600000, 0x000000070b600000| Untracked 
|  73|0x000000070b800000, 0x000000070b800000, 0x000000070ba00000|  0%| F|  |TAMS 0x000000070b800000, 0x000000070b800000| Untracked 
|  74|0x000000070ba00000, 0x000000070ba00000, 0x000000070bc00000|  0%| F|  |TAMS 0x000000070ba00000, 0x000000070ba00000| Untracked 
|  75|0x000000070bc00000, 0x000000070bc00000, 0x000000070be00000|  0%| F|  |TAMS 0x000000070bc00000, 0x000000070bc00000| Untracked 
|  76|0x000000070be00000, 0x000000070be00000, 0x000000070c000000|  0%| F|  |TAMS 0x000000070be00000, 0x000000070be00000| Untracked 
|  77|0x000000070c000000, 0x000000070c000000, 0x000000070c200000|  0%| F|  |TAMS 0x000000070c000000, 0x000000070c000000| Untracked 
|  78|0x000000070c200000, 0x000000070c200000, 0x000000070c400000|  0%| F|  |TAMS 0x000000070c200000, 0x000000070c200000| Untracked 
|  79|0x000000070c400000, 0x000000070c400000, 0x000000070c600000|  0%| F|  |TAMS 0x000000070c400000, 0x000000070c400000| Untracked 
|  80|0x000000070c600000, 0x000000070c600000, 0x000000070c800000|  0%| F|  |TAMS 0x000000070c600000, 0x000000070c600000| Untracked 
|  81|0x000000070c800000, 0x000000070c800000, 0x000000070ca00000|  0%| F|  |TAMS 0x000000070c800000, 0x000000070c800000| Untracked 
|  82|0x000000070ca00000, 0x000000070ca00000, 0x000000070cc00000|  0%| F|  |TAMS 0x000000070ca00000, 0x000000070ca00000| Untracked 
|  83|0x000000070cc00000, 0x000000070cc00000, 0x000000070ce00000|  0%| F|  |TAMS 0x000000070cc00000, 0x000000070cc00000| Untracked 
|  84|0x000000070ce00000, 0x000000070ce00000, 0x000000070d000000|  0%| F|  |TAMS 0x000000070ce00000, 0x000000070ce00000| Untracked 
|  85|0x000000070d000000, 0x000000070d000000, 0x000000070d200000|  0%| F|  |TAMS 0x000000070d000000, 0x000000070d000000| Untracked 
|  86|0x000000070d200000, 0x000000070d200000, 0x000000070d400000|  0%| F|  |TAMS 0x000000070d200000, 0x000000070d200000| Untracked 
|  87|0x000000070d400000, 0x000000070d400000, 0x000000070d600000|  0%| F|  |TAMS 0x000000070d400000, 0x000000070d400000| Untracked 
|  88|0x000000070d600000, 0x000000070d600000, 0x000000070d800000|  0%| F|  |TAMS 0x000000070d600000, 0x000000070d600000| Untracked 
|  89|0x000000070d800000, 0x000000070d800000, 0x000000070da00000|  0%| F|  |TAMS 0x000000070d800000, 0x000000070d800000| Untracked 
|  90|0x000000070da00000, 0x000000070da00000, 0x000000070dc00000|  0%| F|  |TAMS 0x000000070da00000, 0x000000070da00000| Untracked 
|  91|0x000000070dc00000, 0x000000070dc00000, 0x000000070de00000|  0%| F|  |TAMS 0x000000070dc00000, 0x000000070dc00000| Untracked 
|  92|0x000000070de00000, 0x000000070de00000, 0x000000070e000000|  0%| F|  |TAMS 0x000000070de00000, 0x000000070de00000| Untracked 
|  93|0x000000070e000000, 0x000000070e000000, 0x000000070e200000|  0%| F|  |TAMS 0x000000070e000000, 0x000000070e000000| Untracked 
|  94|0x000000070e200000, 0x000000070e200000, 0x000000070e400000|  0%| F|  |TAMS 0x000000070e200000, 0x000000070e200000| Untracked 
|  95|0x000000070e400000, 0x000000070e400000, 0x000000070e600000|  0%| F|  |TAMS 0x000000070e400000, 0x000000070e400000| Untracked 
|  96|0x000000070e600000, 0x000000070e600000, 0x000000070e800000|  0%| F|  |TAMS 0x000000070e600000, 0x000000070e600000| Untracked 
|  97|0x000000070e800000, 0x000000070e800000, 0x000000070ea00000|  0%| F|  |TAMS 0x000000070e800000, 0x000000070e800000| Untracked 
|  98|0x000000070ea00000, 0x000000070ea00000, 0x000000070ec00000|  0%| F|  |TAMS 0x000000070ea00000, 0x000000070ea00000| Untracked 
|  99|0x000000070ec00000, 0x000000070ec00000, 0x000000070ee00000|  0%| F|  |TAMS 0x000000070ec00000, 0x000000070ec00000| Untracked 
| 100|0x000000070ee00000, 0x000000070ee00000, 0x000000070f000000|  0%| F|  |TAMS 0x000000070ee00000, 0x000000070ee00000| Untracked 
| 101|0x000000070f000000, 0x000000070f000000, 0x000000070f200000|  0%| F|  |TAMS 0x000000070f000000, 0x000000070f000000| Untracked 
| 102|0x000000070f200000, 0x000000070f200000, 0x000000070f400000|  0%| F|  |TAMS 0x000000070f200000, 0x000000070f200000| Untracked 
| 103|0x000000070f400000, 0x000000070f400000, 0x000000070f600000|  0%| F|  |TAMS 0x000000070f400000, 0x000000070f400000| Untracked 
| 104|0x000000070f600000, 0x000000070f600000, 0x000000070f800000|  0%| F|  |TAMS 0x000000070f600000, 0x000000070f600000| Untracked 
| 105|0x000000070f800000, 0x000000070f800000, 0x000000070fa00000|  0%| F|  |TAMS 0x000000070f800000, 0x000000070f800000| Untracked 
| 106|0x000000070fa00000, 0x000000070fa00000, 0x000000070fc00000|  0%| F|  |TAMS 0x000000070fa00000, 0x000000070fa00000| Untracked 
| 107|0x000000070fc00000, 0x000000070fc00000, 0x000000070fe00000|  0%| F|  |TAMS 0x000000070fc00000, 0x000000070fc00000| Untracked 
| 108|0x000000070fe00000, 0x000000070fe00000, 0x0000000710000000|  0%| F|  |TAMS 0x000000070fe00000, 0x000000070fe00000| Untracked 
| 109|0x0000000710000000, 0x0000000710000000, 0x0000000710200000|  0%| F|  |TAMS 0x0000000710000000, 0x0000000710000000| Untracked 
| 110|0x0000000710200000, 0x0000000710200000, 0x0000000710400000|  0%| F|  |TAMS 0x0000000710200000, 0x0000000710200000| Untracked 
| 111|0x0000000710400000, 0x0000000710400000, 0x0000000710600000|  0%| F|  |TAMS 0x0000000710400000, 0x0000000710400000| Untracked 
| 112|0x0000000710600000, 0x0000000710600000, 0x0000000710800000|  0%| F|  |TAMS 0x0000000710600000, 0x0000000710600000| Untracked 
| 113|0x0000000710800000, 0x0000000710800000, 0x0000000710a00000|  0%| F|  |TAMS 0x0000000710800000, 0x0000000710800000| Untracked 
| 114|0x0000000710a00000, 0x0000000710c00000, 0x0000000710c00000|100%| S|CS|TAMS 0x0000000710a00000, 0x0000000710a00000| Complete 
| 115|0x0000000710c00000, 0x0000000710e00000, 0x0000000710e00000|100%| S|CS|TAMS 0x0000000710c00000, 0x0000000710c00000| Complete 
| 116|0x0000000710e00000, 0x0000000710e00000, 0x0000000711000000|  0%| F|  |TAMS 0x0000000710e00000, 0x0000000710e00000| Untracked 
| 117|0x0000000711000000, 0x0000000711000000, 0x0000000711200000|  0%| F|  |TAMS 0x0000000711000000, 0x0000000711000000| Untracked 
| 118|0x0000000711200000, 0x0000000711200000, 0x0000000711400000|  0%| F|  |TAMS 0x0000000711200000, 0x0000000711200000| Untracked 
| 119|0x0000000711400000, 0x0000000711400000, 0x0000000711600000|  0%| F|  |TAMS 0x0000000711400000, 0x0000000711400000| Untracked 
| 120|0x0000000711600000, 0x0000000711600000, 0x0000000711800000|  0%| F|  |TAMS 0x0000000711600000, 0x0000000711600000| Untracked 
| 121|0x0000000711800000, 0x0000000711800000, 0x0000000711a00000|  0%| F|  |TAMS 0x0000000711800000, 0x0000000711800000| Untracked 
| 122|0x0000000711a00000, 0x0000000711a00000, 0x0000000711c00000|  0%| F|  |TAMS 0x0000000711a00000, 0x0000000711a00000| Untracked 
| 123|0x0000000711c00000, 0x0000000711c00000, 0x0000000711e00000|  0%| F|  |TAMS 0x0000000711c00000, 0x0000000711c00000| Untracked 
| 124|0x0000000711e00000, 0x0000000711e00000, 0x0000000712000000|  0%| F|  |TAMS 0x0000000711e00000, 0x0000000711e00000| Untracked 
| 125|0x0000000712000000, 0x0000000712200000, 0x0000000712200000|100%| E|  |TAMS 0x0000000712000000, 0x0000000712000000| Complete 
| 126|0x0000000712200000, 0x0000000712400000, 0x0000000712400000|100%| E|CS|TAMS 0x0000000712200000, 0x0000000712200000| Complete 

Card table byte_map: [0x000001c80ba00000,0x000001c80c1f0000] _byte_map_base: 0x000001c8081ed000

Marking Bits (Prev, Next): (CMBitMap*) 0x000001c87fd400e0, (CMBitMap*) 0x000001c87fd40120
 Prev Bits: [0x000001c80c9e0000, 0x000001c810948000)
 Next Bits: [0x000001c810950000, 0x000001c8148b8000)

Polling page: 0x000001c87fbe0000

Metaspace:

Usage:
  Non-class:      5.62 MB used.
      Class:    776.80 KB used.
       Both:      6.38 MB used.

Virtual space:
  Non-class space:       64.00 MB reserved,       5.69 MB (  9%) committed,  1 nodes.
      Class space:        1.00 GB reserved,     896.00 KB ( <1%) committed,  1 nodes.
             Both:        1.06 GB reserved,       6.56 MB ( <1%) committed. 

Chunk freelists:
   Non-Class:  1.87 MB
       Class:  3.09 MB
        Both:  4.97 MB

MaxMetaspaceSize: unlimited
CompressedClassSpaceSize: 1.00 GB
Initial GC threshold: 21.00 MB
Current GC threshold: 21.00 MB
CDS: on
MetaspaceReclaimPolicy: balanced
 - commit_granule_bytes: 65536.
 - commit_granule_words: 8192.
 - virtual_space_node_default_size: 8388608.
 - enlarge_chunks_in_place: 1.
 - new_chunks_are_fully_committed: 0.
 - uncommit_free_chunks: 1.
 - use_allocation_guard: 0.


Internal statistics:

num_allocs_failed_limit: 0.
num_arena_births: 150.
num_arena_deaths: 0.
num_vsnodes_births: 2.
num_vsnodes_deaths: 0.
num_space_committed: 105.
num_space_uncommitted: 0.
num_chunks_returned_to_freelist: 0.
num_chunks_taken_from_freelist: 231.
num_chunk_merges: 0.
num_chunk_splits: 148.
num_chunks_enlarged: 89.
num_inconsistent_stats: 0.

CodeCache: size=49152Kb used=4600Kb max_used=4600Kb free=44551Kb
 bounds [0x000001c807bb0000, 0x000001c808030000, 0x000001c80abb0000]
 total_blobs=1722 nmethods=1255 adapters=392
 compilation: enabled
              stopped_count=0, restarted_count=0
 full_count=0

Compilation events (20 events):
Event: 1.065 Thread 0x000001c81b5cfef0 1244       1       jdk.internal.reflect.ByteVectorImpl::get (26 bytes)
Event: 1.065 Thread 0x000001c81b5cfef0 nmethod 1244 0x000001c808029c90 code [0x000001c808029e20, 0x000001c808029f68]
Event: 1.066 Thread 0x000001c81b5cfef0 1245       1       java.util.stream.PipelineHelper::<init> (5 bytes)
Event: 1.066 Thread 0x000001c81b5cfef0 nmethod 1245 0x000001c80802a090 code [0x000001c80802a220, 0x000001c80802a2d8]
Event: 1.066 Thread 0x000001c81bf68c30 1246       1       java.lang.invoke.MethodHandle::keepsAlive (20 bytes)
Event: 1.067 Thread 0x000001c81bf68c30 nmethod 1246 0x000001c80802a390 code [0x000001c80802a540, 0x000001c80802a788]
Event: 1.068 Thread 0x000001c81bf68c30 1247       1       java.util.jar.JarFile::maybeInstantiateVerifier (42 bytes)
Event: 1.068 Thread 0x000001c81b5cf5e0 1248       1       java.util.stream.AbstractPipeline::getStreamAndOpFlags (5 bytes)
Event: 1.068 Thread 0x000001c81bf68c30 nmethod 1247 0x000001c80802a890 code [0x000001c80802aa40, 0x000001c80802abd8]
Event: 1.068 Thread 0x000001c81b5cf5e0 nmethod 1248 0x000001c80802ac90 code [0x000001c80802ae20, 0x000001c80802aef8]
Event: 1.068 Thread 0x000001c81b5cf5e0 1249       1       java.net.URLStreamHandler::parseURL (1124 bytes)
Event: 1.068 Thread 0x000001c814b13ba0 1251       1       java.lang.invoke.VarHandleGuards::guard_LII_V (137 bytes)
Event: 1.068 Thread 0x000001c81b5cfef0 1252       1       java.lang.invoke.VarHandleByteArrayAsInts$ArrayHandle::set (39 bytes)
Event: 1.068 Thread 0x000001c81bf68c30 1253       1       jdk.internal.misc.Unsafe::putIntUnaligned (14 bytes)
Event: 1.068 Thread 0x000001c81bf68c30 nmethod 1253 0x000001c80802b390 code [0x000001c80802b520, 0x000001c80802b638]
Event: 1.069 Thread 0x000001c81bf68c30 1254       1       jdk.internal.misc.Unsafe::putIntUnaligned (79 bytes)
Event: 1.069 Thread 0x000001c81b5cfef0 nmethod 1252 0x000001c80802b690 code [0x000001c80802b840, 0x000001c80802ba08]
Event: 1.069 Thread 0x000001c81b5cfef0 1255       1       java.lang.reflect.Field::getName (5 bytes)
Event: 1.069 Thread 0x000001c81b5cfef0 nmethod 1255 0x000001c80802bb90 code [0x000001c80802bd20, 0x000001c80802bdf8]
Event: 1.069 Thread 0x000001c81bf68c30 nmethod 1254 0x000001c80802be90 code [0x000001c80802c040, 0x000001c80802c228]

GC Heap History (2 events):
Event: 0.972 GC heap before
{Heap before GC invocations=0 (full 0):
 garbage-first heap   total 260096K, used 22528K [0x0000000702600000, 0x0000000800000000)
  region size 2048K, 11 young (22528K), 0 survivors (0K)
 Metaspace       used 5370K, committed 5632K, reserved 1114112K
  class space    used 635K, committed 768K, reserved 1048576K
}
Event: 0.981 GC heap after
{Heap after GC invocations=1 (full 0):
 garbage-first heap   total 260096K, used 14042K [0x0000000702600000, 0x0000000800000000)
  region size 2048K, 2 young (4096K), 2 survivors (4096K)
 Metaspace       used 5370K, committed 5632K, reserved 1114112K
  class space    used 635K, committed 768K, reserved 1048576K
}

Deoptimization events (0 events):
No events

Classes loaded (20 events):
Event: 1.063 Loading class sun/rmi/server/LoaderHandler
Event: 1.063 Loading class sun/rmi/server/LoaderHandler done
Event: 1.064 Loading class java/io/ObjectInputStream$FilterValues
Event: 1.064 Loading class java/io/ObjectInputStream$FilterValues done
Event: 1.064 Loading class java/io/ObjectInputStream$Logging
Event: 1.064 Loading class java/io/ObjectInputStream$Logging done
Event: 1.064 Loading class jdk/internal/event/DeserializationEvent
Event: 1.064 Loading class jdk/internal/event/Event
Event: 1.064 Loading class jdk/internal/event/Event done
Event: 1.064 Loading class jdk/internal/event/DeserializationEvent done
Event: 1.065 Loading class java/io/ObjectStreamClass$ExceptionInfo
Event: 1.065 Loading class java/io/ObjectStreamClass$ExceptionInfo done
Event: 1.066 Loading class java/io/ObjectInputStream$FieldValues
Event: 1.066 Loading class java/io/ObjectInputStream$GetField
Event: 1.066 Loading class java/io/ObjectInputStream$GetField done
Event: 1.066 Loading class java/io/ObjectInputStream$FieldValues done
Event: 1.067 Loading class java/rmi/dgc/Lease
Event: 1.067 Loading class java/rmi/dgc/Lease done
Event: 1.067 Loading class java/rmi/dgc/VMID
Event: 1.067 Loading class java/rmi/dgc/VMID done

Classes unloaded (0 events):
No events

Classes redefined (0 events):
No events

Internal exceptions (20 events):
Event: 0.417 Thread 0x000001c87fccefd0 Exception <a 'java/lang/NoSuchMethodError'{0x00000007114634b8}: 'void java.lang.invoke.DirectMethodHandle$Holder.invokeStatic(java.lang.Object, java.lang.Object, java.lang.Object)'> (0x00000007114634b8) 
thrown [s\open\src\hotspot\share\interpreter\linkResolver.cpp, line 759]
Event: 0.423 Thread 0x000001c87fccefd0 Exception <a 'java/lang/NoSuchMethodError'{0x000000071147c1d0}: 'java.lang.Object java.lang.invoke.Invokers$Holder.invokeExact_MT(java.lang.Object, java.lang.Object, java.lang.Object, java.lang.Object, java.lang.Object)'> (0x000000071147c1d0) 
thrown [s\open\src\hotspot\share\interpreter\linkResolver.cpp, line 759]
Event: 0.438 Thread 0x000001c81bd3ce60 Exception <a 'java/lang/NoSuchMethodError'{0x00000007114a2db8}: 'void java.lang.invoke.DirectMethodHandle$Holder.invokeStatic(java.lang.Object, java.lang.Object)'> (0x00000007114a2db8) 
thrown [s\open\src\hotspot\share\interpreter\linkResolver.cpp, line 759]
Event: 0.462 Thread 0x000001c87fccefd0 Exception <a 'java/lang/NoSuchMethodError'{0x0000000711524510}: 'java.lang.Object java.lang.invoke.DirectMethodHandle$Holder.invokeStaticInit(java.lang.Object)'> (0x0000000711524510) 
thrown [s\open\src\hotspot\share\interpreter\linkResolver.cpp, line 759]
Event: 0.479 Thread 0x000001c87fccefd0 Exception <a 'java/lang/NoSuchMethodError'{0x000000071153ad38}: 'int java.lang.invoke.DirectMethodHandle$Holder.invokeInterface(java.lang.Object, java.lang.Object)'> (0x000000071153ad38) 
thrown [s\open\src\hotspot\share\interpreter\linkResolver.cpp, line 759]
Event: 0.480 Thread 0x000001c87fccefd0 Exception <a 'java/lang/IncompatibleClassChangeError'{0x000000071153e330}: Found class java.lang.Object, but interface was expected> (0x000000071153e330) 
thrown [s\open\src\hotspot\share\interpreter\linkResolver.cpp, line 826]
Event: 0.539 Thread 0x000001c87fccefd0 Exception <a 'java/lang/NoSuchMethodError'{0x000000071120dcf8}: 'int java.lang.invoke.DirectMethodHandle$Holder.invokeSpecial(java.lang.Object, java.lang.Object, java.lang.Object)'> (0x000000071120dcf8) 
thrown [s\open\src\hotspot\share\interpreter\linkResolver.cpp, line 759]
Event: 0.615 Thread 0x000001c87fccefd0 Exception <a 'java/lang/NoSuchMethodError'{0x0000000711342b18}: 'int java.lang.invoke.DirectMethodHandle$Holder.invokeSpecialIFC(java.lang.Object, java.lang.Object, java.lang.Object)'> (0x0000000711342b18) 
thrown [s\open\src\hotspot\share\interpreter\linkResolver.cpp, line 759]
Event: 0.653 Thread 0x000001c87fccefd0 Exception <a 'java/lang/NoSuchMethodError'{0x00000007113b9ac0}: 'java.lang.Object java.lang.invoke.DirectMethodHandle$Holder.invokeStaticInit(java.lang.Object, int, int, int, int)'> (0x00000007113b9ac0) 
thrown [s\open\src\hotspot\share\interpreter\linkResolver.cpp, line 759]
Event: 0.767 Thread 0x000001c87fccefd0 Exception <a 'java/lang/NoSuchMethodError'{0x0000000711009298}: 'java.lang.Object java.lang.invoke.DirectMethodHandle$Holder.invokeStaticInit(java.lang.Object, java.lang.Object, int, int, int, int)'> (0x0000000711009298) 
thrown [s\open\src\hotspot\share\interpreter\linkResolver.cpp, line 759]
Event: 0.799 Thread 0x000001c87fccefd0 Exception <a 'java/lang/ClassNotFoundException'{0x0000000711028920}: javax/management/remote/rmi/RMIServerImpl_Skel> (0x0000000711028920) 
thrown [s\open\src\hotspot\share\classfile\systemDictionary.cpp, line 255]
Event: 0.821 Thread 0x000001c87fccefd0 Exception <a 'java/lang/NoSuchMethodError'{0x0000000711042be0}: 'long java.lang.invoke.DirectMethodHandle$Holder.invokeSpecial(java.lang.Object, java.lang.Object)'> (0x0000000711042be0) 
thrown [s\open\src\hotspot\share\interpreter\linkResolver.cpp, line 759]
Event: 0.821 Thread 0x000001c87fccefd0 Exception <a 'java/lang/NoSuchMethodError'{0x0000000711046520}: 'long java.lang.invoke.Invokers$Holder.invokeExact_MT(java.lang.Object, java.lang.Object)'> (0x0000000711046520) 
thrown [s\open\src\hotspot\share\interpreter\linkResolver.cpp, line 759]
Event: 0.832 Thread 0x000001c87fccefd0 Exception <a 'java/lang/NoSuchMethodError'{0x000000071105f278}: 'void java.lang.invoke.DirectMethodHandle$Holder.invokeSpecial(java.lang.Object, java.lang.Object, java.lang.Object)'> (0x000000071105f278) 
thrown [s\open\src\hotspot\share\interpreter\linkResolver.cpp, line 759]
Event: 0.884 Thread 0x000001c87fccefd0 Exception <a 'java/lang/ClassNotFoundException'{0x000000071118f358}: javax/smartcardio/CardPermission> (0x000000071118f358) 
thrown [s\open\src\hotspot\share\classfile\systemDictionary.cpp, line 255]
Event: 0.888 Thread 0x000001c87fccefd0 Exception <a 'java/io/FileNotFoundException'{0x000000071119cef0}> (0x000000071119cef0) 
thrown [s\open\src\hotspot\share\prims\jni.cpp, line 516]
Event: 1.005 Thread 0x000001c814b0f170 Exception <a 'java/lang/NoSuchMethodError'{0x000000071230dd50}: 'java.lang.Object java.lang.invoke.Invokers$Holder.invokeExact_MT(java.lang.Object, java.lang.Object, java.lang.Object, java.lang.Object, java.lang.Object, java.lang.Object)'> (0x000000071230dd50) 
thrown [s\open\src\hotspot\share\interpreter\linkResolver.cpp, line 759]
Event: 1.038 Thread 0x000001c87fccefd0 Exception <a 'java/lang/NoSuchMethodError'{0x00000007120897f0}: 'java.lang.Object java.lang.invoke.DirectMethodHandle$Holder.invokeSpecialIFC(java.lang.Object, java.lang.Object, java.lang.Object, java.lang.Object)'> (0x00000007120897f0) 
thrown [s\open\src\hotspot\share\interpreter\linkResolver.cpp, line 759]
Event: 1.049 Thread 0x000001c87fccefd0 Exception <a 'java/lang/NoSuchMethodError'{0x00000007120bf708}: 'int java.lang.invoke.DirectMethodHandle$Holder.invokeVirtual(java.lang.Object, java.lang.Object, java.lang.Object)'> (0x00000007120bf708) 
thrown [s\open\src\hotspot\share\interpreter\linkResolver.cpp, line 759]
Event: 1.062 Thread 0x000001c87fccefd0 Exception <a 'java/lang/NoSuchMethodError'{0x000000071215f440}: 'int java.lang.invoke.DirectMethodHandle$Holder.invokeStaticInit(java.lang.Object, java.lang.Object)'> (0x000000071215f440) 
thrown [s\open\src\hotspot\share\interpreter\linkResolver.cpp, line 759]

VM Operations (14 events):
Event: 0.243 Executing VM operation: HandshakeAllThreads
Event: 0.243 Executing VM operation: HandshakeAllThreads done
Event: 0.433 Executing VM operation: HandshakeAllThreads
Event: 0.433 Executing VM operation: HandshakeAllThreads done
Event: 0.484 Executing VM operation: HandshakeAllThreads
Event: 0.484 Executing VM operation: HandshakeAllThreads done
Event: 0.633 Executing VM operation: HandshakeAllThreads
Event: 0.633 Executing VM operation: HandshakeAllThreads done
Event: 0.838 Executing VM operation: HandshakeAllThreads
Event: 0.838 Executing VM operation: HandshakeAllThreads done
Event: 0.972 Executing VM operation: G1CollectForAllocation
Event: 0.981 Executing VM operation: G1CollectForAllocation done
Event: 1.022 Executing VM operation: HandshakeAllThreads
Event: 1.022 Executing VM operation: HandshakeAllThreads done

Events (20 events):
Event: 0.054 Thread 0x000001c814b13ba0 Thread added: 0x000001c814b13ba0
Event: 0.054 Thread 0x000001c814b145d0 Thread added: 0x000001c814b145d0
Event: 0.236 Thread 0x000001c814adb760 Thread added: 0x000001c814adb760
Event: 0.243 Thread 0x000001c81b5cf5e0 Thread added: 0x000001c81b5cf5e0
Event: 0.245 Thread 0x000001c81b5cfef0 Thread added: 0x000001c81b5cfef0
Event: 0.257 Loaded shared library F:\java\bin\zip.dll
Event: 0.263 Loaded shared library F:\java\bin\instrument.dll
Event: 0.271 Loaded shared library F:\java\bin\net.dll
Event: 0.274 Loaded shared library F:\java\bin\nio.dll
Event: 0.279 Loaded shared library F:\java\bin\zip.dll
Event: 0.430 Loaded shared library G:\IntelliJ IDEA 2024.2.4\bin\breakgen64.dll
Event: 0.431 Thread 0x000001c81bd3ce60 Thread added: 0x000001c81bd3ce60
Event: 0.431 Thread 0x000001c81bd3f940 Thread added: 0x000001c81bd3f940
Event: 0.436 Loaded shared library F:\java\bin\jimage.dll
Event: 0.464 Loaded shared library F:\java\bin\management.dll
Event: 0.475 Loaded shared library F:\java\bin\management_ext.dll
Event: 0.814 Thread 0x000001c81be51d70 Thread added: 0x000001c81be51d70
Event: 0.841 Loaded shared library F:\java\bin\verify.dll
Event: 0.926 Thread 0x000001c81bf68c30 Thread added: 0x000001c81bf68c30
Event: 1.049 Thread 0x000001c81c245b10 Thread added: 0x000001c81c245b10


Dynamic libraries:
0x00007ff69b060000 - 0x00007ff69b070000 	F:\java\bin\java.exe
0x00007ff978930000 - 0x00007ff978b28000 	C:\Windows\SYSTEM32\ntdll.dll
0x00007ff976b00000 - 0x00007ff976bc2000 	C:\Windows\System32\KERNEL32.DLL
0x00007ff976060000 - 0x00007ff97635f000 	C:\Windows\System32\KERNELBASE.dll
0x00007ff976560000 - 0x00007ff976660000 	C:\Windows\System32\ucrtbase.dll
0x00007ff9670c0000 - 0x00007ff9670da000 	F:\java\bin\VCRUNTIME140.dll
0x00007ff96cc50000 - 0x00007ff96cc68000 	F:\java\bin\jli.dll
0x00007ff978840000 - 0x00007ff9788ef000 	C:\Windows\System32\ADVAPI32.dll
0x00007ff9771c0000 - 0x00007ff97725e000 	C:\Windows\System32\msvcrt.dll
0x00007ff977890000 - 0x00007ff97792f000 	C:\Windows\System32\sechost.dll
0x00007ff977260000 - 0x00007ff977383000 	C:\Windows\System32\RPCRT4.dll
0x00007ff976360000 - 0x00007ff976387000 	C:\Windows\System32\bcrypt.dll
0x00007ff9785f0000 - 0x00007ff97878d000 	C:\Windows\System32\USER32.dll
0x00007ff976710000 - 0x00007ff976732000 	C:\Windows\System32\win32u.dll
0x00007ff96ecf0000 - 0x00007ff96ef8a000 	C:\Windows\WinSxS\amd64_microsoft.windows.common-controls_6595b64144ccf1df_6.0.19041.4355_none_60b8b9eb71f62e16\COMCTL32.dll
0x00007ff976d10000 - 0x00007ff976d3b000 	C:\Windows\System32\GDI32.dll
0x00007ff976740000 - 0x00007ff97685a000 	C:\Windows\System32\gdi32full.dll
0x00007ff9768b0000 - 0x00007ff97694d000 	C:\Windows\System32\msvcp_win.dll
0x00007ff975ae0000 - 0x00007ff975aea000 	C:\Windows\SYSTEM32\VERSION.dll
0x00007ff977bc0000 - 0x00007ff977bef000 	C:\Windows\System32\IMM32.DLL
0x000000005dca0000 - 0x000000005dcad000 	C:\Program Files (x86)\360\360Safe\safemon\SafeWrapper.dll
0x00007ff9652f0000 - 0x00007ff9653f5000 	C:\Program Files (x86)\360\360Safe\safemon\libzdtp64.dll
0x00007ff977bf0000 - 0x00007ff97835d000 	C:\Windows\System32\SHELL32.dll
0x00007ff978480000 - 0x00007ff9784d5000 	C:\Windows\System32\SHLWAPI.dll
0x00007ff9709a0000 - 0x00007ff9709ac000 	F:\java\bin\vcruntime140_1.dll
0x00007ff951c80000 - 0x00007ff951d0d000 	F:\java\bin\msvcp140.dll
0x00007ff9076d0000 - 0x00007ff9082e1000 	F:\java\bin\server\jvm.dll
0x00007ff978360000 - 0x00007ff978368000 	C:\Windows\System32\PSAPI.DLL
0x00007ff9735a0000 - 0x00007ff9735a9000 	C:\Windows\SYSTEM32\WSOCK32.dll
0x00007ff95c950000 - 0x00007ff95c977000 	C:\Windows\SYSTEM32\WINMM.dll
0x00007ff9776f0000 - 0x00007ff97775b000 	C:\Windows\System32\WS2_32.dll
0x00007ff973dd0000 - 0x00007ff973de2000 	C:\Windows\SYSTEM32\kernel.appcore.dll
0x00007ff9706d0000 - 0x00007ff9706da000 	F:\java\bin\jimage.dll
0x00007ff96ca30000 - 0x00007ff96cc14000 	C:\Windows\SYSTEM32\DBGHELP.DLL
0x00007ff96c2f0000 - 0x00007ff96c324000 	C:\Windows\SYSTEM32\dbgcore.DLL
0x00007ff975fd0000 - 0x00007ff976052000 	C:\Windows\System32\bcryptPrimitives.dll
0x00007ff970340000 - 0x00007ff97034e000 	F:\java\bin\instrument.dll
0x00007ff959d00000 - 0x00007ff959d25000 	F:\java\bin\java.dll
0x00007ff93b980000 - 0x00007ff93ba56000 	F:\java\bin\jsvml.dll
0x00007ff973fd0000 - 0x00007ff974774000 	C:\Windows\SYSTEM32\windows.storage.dll
0x00007ff977390000 - 0x00007ff9776e5000 	C:\Windows\System32\combase.dll
0x00007ff975940000 - 0x00007ff97596b000 	C:\Windows\SYSTEM32\Wldp.dll
0x00007ff977af0000 - 0x00007ff977bbd000 	C:\Windows\System32\OLEAUT32.dll
0x00007ff9783d0000 - 0x00007ff97847d000 	C:\Windows\System32\SHCORE.dll
0x00007ff975f00000 - 0x00007ff975f25000 	C:\Windows\SYSTEM32\profapi.dll
0x00007ff959b20000 - 0x00007ff959b38000 	F:\java\bin\zip.dll
0x00007ff959bb0000 - 0x00007ff959bc3000 	F:\java\bin\net.dll
0x00007ff96d770000 - 0x00007ff96d87a000 	C:\Windows\SYSTEM32\WINHTTP.dll
0x00007ff9756a0000 - 0x00007ff97570c000 	C:\Windows\system32\mswsock.dll
0x00007ff959b90000 - 0x00007ff959ba6000 	F:\java\bin\nio.dll
0x00007ff96a110000 - 0x00007ff96a12a000 	G:\IntelliJ IDEA 2024.2.4\bin\breakgen64.dll
0x00007ff975380000 - 0x00007ff97544a000 	C:\Windows\SYSTEM32\DNSAPI.dll
0x00007ff975af0000 - 0x00007ff975b2b000 	C:\Windows\SYSTEM32\IPHLPAPI.DLL
0x00007ff977ae0000 - 0x00007ff977ae8000 	C:\Windows\System32\NSI.dll
0x00007ff96f360000 - 0x00007ff96f36a000 	C:\Windows\System32\rasadhlp.dll
0x00007ff965d40000 - 0x00007ff965dc0000 	C:\Windows\System32\fwpuclnt.dll
0x00007ff96fbc0000 - 0x00007ff96fbc9000 	F:\java\bin\management.dll
0x00007ff96fb60000 - 0x00007ff96fb6b000 	F:\java\bin\management_ext.dll
0x00007ff9758a0000 - 0x00007ff9758b8000 	C:\Windows\SYSTEM32\CRYPTSP.dll
0x00007ff974f90000 - 0x00007ff974fc8000 	C:\Windows\system32\rsaenh.dll
0x00007ff975ec0000 - 0x00007ff975eee000 	C:\Windows\SYSTEM32\USERENV.dll
0x00007ff975890000 - 0x00007ff97589c000 	C:\Windows\SYSTEM32\CRYPTBASE.dll
0x00007ff96db30000 - 0x00007ff96db47000 	C:\Windows\SYSTEM32\dhcpcsvc6.DLL
0x00007ff96df30000 - 0x00007ff96df4d000 	C:\Windows\SYSTEM32\dhcpcsvc.DLL
0x00007ff9663b0000 - 0x00007ff9663c7000 	C:\Windows\system32\napinsp.dll
0x00007ff966390000 - 0x00007ff9663ab000 	C:\Windows\system32\pnrpnsp.dll
0x00007ff970c60000 - 0x00007ff970c75000 	C:\Windows\system32\wshbth.dll
0x00007ff96fa00000 - 0x00007ff96fa1d000 	C:\Windows\system32\NLAapi.dll
0x00007ff966370000 - 0x00007ff966382000 	C:\Windows\System32\winrnr.dll
0x00007ff95b7c0000 - 0x00007ff95b7d0000 	F:\java\bin\verify.dll

dbghelp: loaded successfully - version: 4.0.5 - missing functions: none
symbol engine: initialized successfully - sym options: 0x614 - pdb path: .;F:\java\bin;C:\Windows\SYSTEM32;C:\Windows\WinSxS\amd64_microsoft.windows.common-controls_6595b64144ccf1df_6.0.19041.4355_none_60b8b9eb71f62e16;C:\Program Files (x86)\360\360Safe\safemon;F:\java\bin\server;G:\IntelliJ IDEA 2024.2.4\bin

VM Arguments:
jvm_args: -XX:TieredStopAtLevel=1 -Dspring.output.ansi.enabled=always -Dcom.sun.management.jmxremote -Dspring.jmx.enabled=true -Dspring.liveBeansView.mbeanDomain -Dspring.application.admin.enabled=true -Dmanagement.endpoints.jmx.exposure.include=* -javaagent:G:\IntelliJ IDEA 2024.2.4\lib\idea_rt.jar=54911:G:\IntelliJ IDEA 2024.2.4\bin -Dfile.encoding=UTF-8 -Dsun.stdout.encoding=UTF-8 -Dsun.stderr.encoding=UTF-8 
java_command: com.ouc.aamanagement.AAManagement
java_class_path (initial): F:\test1\Academic_Affairs_Management\target\classes;C:\Users\Administrator\.m2\repository\org\springframework\boot\spring-boot-starter\2.4.5\spring-boot-starter-2.4.5.jar;C:\Users\Administrator\.m2\repository\org\springframework\boot\spring-boot\2.4.5\spring-boot-2.4.5.jar;C:\Users\Administrator\.m2\repository\org\springframework\spring-context\5.3.6\spring-context-5.3.6.jar;C:\Users\Administrator\.m2\repository\org\springframework\boot\spring-boot-autoconfigure\2.4.5\spring-boot-autoconfigure-2.4.5.jar;C:\Users\Administrator\.m2\repository\org\springframework\boot\spring-boot-starter-logging\2.4.5\spring-boot-starter-logging-2.4.5.jar;C:\Users\Administrator\.m2\repository\ch\qos\logback\logback-classic\1.2.3\logback-classic-1.2.3.jar;C:\Users\Administrator\.m2\repository\ch\qos\logback\logback-core\1.2.3\logback-core-1.2.3.jar;C:\Users\Administrator\.m2\repository\org\apache\logging\log4j\log4j-to-slf4j\2.13.3\log4j-to-slf4j-2.13.3.jar;C:\Users\Administrator\.m2\repository\org\slf4j\jul-to-slf4j\1.7.30\jul-to-slf4j-1.7.30.jar;C:\Users\Administrator\.m2\repository\jakarta\annotation\jakarta.annotation-api\1.3.5\jakarta.annotation-api-1.3.5.jar;C:\Users\Administrator\.m2\repository\org\springframework\spring-core\5.3.6\spring-core-5.3.6.jar;C:\Users\Administrator\.m2\repository\org\springframework\spring-jcl\5.3.6\spring-jcl-5.3.6.jar;C:\Users\Administrator\.m2\repository\org\yaml\snakeyaml\1.27\snakeyaml-1.27.jar;C:\Users\Administrator\.m2\repository\fr\opensagres\xdocreport\fr.opensagres.xdocreport.document\2.0.4\fr.opensagres.xdocreport.document-2.0.4.jar;C:\Users\Administrator\.m2\repository\fr\opensagres\xdocreport\fr.opensagres.xdocreport.core\2.0.4\fr.opensagres.xdocreport.core-2.0.4.jar;C:\Users\Administrator\.m2\repository\fr\opensagres\xdocreport\fr.opensagres.xdocreport.template\2.0.4\fr.opensagres.xdocreport.template-2.0.4.jar;C:\Users\Administrator\.m2\repository\fr\opensagres\xdocreport\fr.opensagres.xdocreport.template.freemarker\2.0.2\fr.opensagres.xdocreport.template.freemarker-2.0.2.jar;C:\Users\Administrator\.m2\repository\org\freemarker\freemarker\2.3.31\freemarker-2.3.31.jar;C:\Users\Administrator\.m2\repository\jakarta\xml\bind\jakarta.xml.bind-api\2.3.3\jakarta.xml.bind-api-2.3.3.jar;C:\Users\Administrator\.m2\repository\jakarta\activation\jakarta.activation-api\1.2.2\jakarta.activation-api-1.2.2.jar;C:\Users\Administrator\.m2\repository\fr\opensagres\xdocreport\fr.opensagres.xdocreport.document.docx\2.0.4\fr.opensagres.xdocreport.document.docx-2.0.4.jar;C:\Users\Administrator\.m2\repository\fr\opensagres\xdocreport\fr.opensagres.xdocreport.converter\2.0.4\fr.opensagres.xdocreport.converter-2.0.4.jar;C:\Users\Administrator\.m2\repository\com\github\librepdf\openpdf\1.3.30\openpdf-1.3.30.jar;C:\Users\Administrator\.m2\repository\com\google\code\findbugs\jsr305\3.0.2\jsr305-3.0.2.jar;C:\Users\Administrator\.m2\repository\com\itextpdf\barcodes\9.1.0\barcodes-9.1.0.jar;C:\Users\Administrator\.m2\repository\com\itextpdf\forms\9.1.0\forms-9.1.0.jar;C:\Users\Administrator\.m2\repository\com\itextpdf\hyph\9.1.0\hyph-9.1.0.jar;C:\Users\Administrator\.m2\repository\com\itextpdf\io\9.1.0\io-9.1.0.jar;C:\Users\Administrator\.m2\repository\com\itextpdf\commons\9.1.0\commons-9.1.0.jar;C:\Users\Administrator\.m2\repository\com\itextpdf\kernel\9.1.0\kernel-9.1.0.jar;C:\Users\Administrator\.m2\repository\com\itextpdf\layout\9.1.0\layout-9.1.0.jar;C:\Users\Administrator\.m2\repository\com\itextpdf\pdfa\9.1.0\pdfa-9.1.0.jar;C:\Users\Administrator\.m2\repository\com\itextpdf\sign\9.1.0\sign-9.1.0.jar;C:\Users\Administrator\.m2\repository\com\itextpdf\styled-xml-parser\9.1.0\styled-xml-parser-9.1.0.jar;C:\Users\Administrator\.m2\repository\com\itextpdf\svg\9.1.0\svg-9.1.0.jar;C:\Users\Administrator\.m2\repository\com\itextpdf\bouncy-castle-connector\9.1.0\bouncy-castle-connector-9.1.0.jar;C:\Users\Administrator\.m2\repository\com\itextpdf\pdfua\9.1.0\pdfua-9.1.0.jar;C:\Users\Administrator\.m2\repository\org\slf4j\slf4j-api\1.7.30\slf4j-api-1.7.30.jar;C:\Users\Administrator\.m2\repository\org\glassfish\jaxb\jaxb-runtime\4.0.5\jaxb-runtime-4.0.5.jar;C:\Users\Administrator\.m2\repository\org\glassfish\jaxb\jaxb-core\4.0.5\jaxb-core-4.0.5.jar;C:\Users\Administrator\.m2\repository\org\eclipse\angus\angus-activation\2.0.2\angus-activation-2.0.2.jar;C:\Users\Administrator\.m2\repository\org\glassfish\jaxb\txw2\2.3.4\txw2-2.3.4.jar;C:\Users\Administrator\.m2\repository\com\sun\istack\istack-commons-runtime\4.1.2\istack-commons-runtime-4.1.2.jar;C:\Users\Administrator\.m2\repository\org\mindrot\jbcrypt\0.4\jbcrypt-0.4.jar;C:\Users\Administrator\.m2\repository\com\documents4j\documents4j-local\1.1.3\documents4j-local-1.1.3.jar;C:\Users\Administrator\.m2\repository\com\documents4j\documents4j-api\1.1.3\documents4j-api-1.1.3.jar;C:\Users\Administrator\.m2\repository\com\documents4j\documents4j-transformer\1.1.3\documents4j-transformer-1.1.3.jar;C:\Users\Administrator\.m2\repository\com\documents4j\documents4j-util-conversion\1.1.3\documents4j-util-conversion-1.1.3.jar;C:\Users\Administrator\.m2\repository\javax\activation\activation\1.1.1\activation-1.1.1.jar;C:\Users\Administrator\.m2\repository\com\google\guava\guava\28.1-jre\guava-28.1-jre.jar;C:\Users\Administrator\.m2\repository\com\google\guava\failureaccess\1.0.1\failureaccess-1.0.1.jar;C:\Users\Administrator\.m2\repository\com\google\guava\listenablefuture\9999.0-empty-to-avoid-conflict-with-guava\listenablefuture-9999.0-empty-to-avoid-conflict-with-guava.jar;C:\Users\Administrator\.m2\repository\com\google\j2objc\j2objc-annotations\1.3\j2objc-annotations-1.3.jar;C:\Users\Administrator\.m2\repository\org\codehaus\mojo\animal-sniffer-annotations\1.18\animal-sniffer-annotations-1.18.jar;C:\Users\Administrator\.m2\repository\org\zeroturnaround\zt-exec\1.11\zt-exec-1.11.jar;C:\Users\Administrator\.m2\repository\org\docx4j\docx4j-core\11.4.7\docx4j-core-11.4.7.jar;C:\Users\Administrator\.m2\repository\org\docx4j\docx4j-openxml-objects\11.4.7\docx4j-openxml-objects-11.4.7.jar;C:\Users\Administrator\.m2\repository\org\docx4j\docx4j-openxml-objects-pml\11.4.7\docx4j-openxml-objects-pml-11.4.7.jar;C:\Users\Administrator\.m2\repository\org\docx4j\docx4j-openxml-objects-sml\11.4.7\docx4j-openxml-objects-sml-11.4.7.jar;C:\Users\Administrator\.m2\repository\org\plutext\jaxb-svg11\11.4.0\jaxb-svg11-11.4.0.jar;C:\Users\Administrator\.m2\repository\net\engio\mbassador\1.3.2\mbassador-1.3.2.jar;C:\Users\Administrator\.m2\repository\org\slf4j\jcl-over-slf4j\1.7.30\jcl-over-slf4j-1.7.30.jar;C:\Users\Administrator\.m2\repository\org\apache\commons\commons-lang3\3.11\commons-lang3-3.11.jar;C:\Users\Administrator\.m2\repository\org\apache\commons\commons-compress\1.21\commons-compress-1.21.jar;C:\Users\Administrator\.m2\repository\commons-codec\commons-codec\1.15\commons-codec-1.15.jar;C:\Users\Administrator\.m2\repository\org\apache\xmlgraphics\xmlgraphics-commons\2.7\xmlgraphics-commons-2.7.jar;C:\Users\Administrator\.m2\repository\org\docx4j\org\apache\xalan-interpretive\11.0.0\xalan-interpretive-11.0.0.jar;C:\Users\Administrator\.m2\repository\org\docx4j\org\apache\xalan-serializer\11.0.0\xalan-serializer-11.0.0.jar;C:\Users\Administrator\.m2\repository\net\arnx\wmf2svg\0.9.8\wmf2svg-0.9.8.jar;C:\Users\Administrator\.m2\repository\org\antlr\antlr-runtime\3.5.2\antlr-runtime-3.5.2.jar;C:\Users\Administrator\.m2\repository\org\antlr\stringtemplate\3.2.1\stringtemplate-3.2.1.jar;C:\Users\Administrator\.m2\repository\antlr\antlr\2.7.7\antlr-2.7.7.jar;C:\Users\Administrator\.m2\repository\org\checkerframework\checker-qual\2.8.1\checker-qual-2.8.1.jar;C:\Users\Administrator\.m2\repository\com\google\errorprone\error_prone_annotations\2.3.3\error_prone_annotations-2.3.3.jar;C:\Users\Administrator\.m2\repository\org\apache\pdfbox\fontbox\2.0.24\fontbox-2.0.24.jar;C:\Users\Administrator\.m2\repository\com\thoughtworks\qdox\qdox\1.12\qdox-1.12.jar;C:\Users\Administrator\.m2\repository\org\docx4j\docx4j-export-fo\11.4.7\docx4j-export-fo-11.4.7.jar;C:\Users\Administrator\.m2\repository\org\plutext\jaxb-xslfo\11.4.0\jaxb-xslfo-11.4.0.jar;C:\Users\Administrator\.m2\repository\org\apache\xmlgraphics\fop\2.7\fop-2.7.jar;C:\Users\Administrator\.m2\repository\org\apache\xmlgraphics\fop-util\2.7\fop-util-2.7.jar;C:\Users\Administrator\.m2\repository\org\apache\xmlgraphics\fop-events\2.7\fop-events-2.7.jar;C:\Users\Administrator\.m2\repository\org\apache\xmlgraphics\fop-core\2.7\fop-core-2.7.jar;C:\Users\Administrator\.m2\repository\org\apache\xmlgraphics\batik-anim\1.14\batik-anim-1.14.jar;C:\Users\Administrator\.m2\repository\org\apache\xmlgraphics\batik-css\1.14\batik-css-1.14.jar;C:\Users\Administrator\.m2\repository\org\apache\xmlgraphics\batik-dom\1.14\batik-dom-1.14.jar;C:\Users\Administrator\.m2\repository\org\apache\xmlgraphics\batik-ext\1.14\batik-ext-1.14.jar;C:\Users\Administrator\.m2\repository\org\apache\xmlgraphics\batik-parser\1.14\batik-parser-1.14.jar;C:\Users\Administrator\.m2\repository\org\apache\xmlgraphics\batik-shared-resources\1.14\batik-shared-resources-1.14.jar;C:\Users\Administrator\.m2\repository\org\apache\xmlgraphics\batik-svg-dom\1.14\batik-svg-dom-1.14.jar;C:\Users\Administrator\.m2\repository\org\apache\xmlgraphics\batik-util\1.14\batik-util-1.14.jar;C:\Users\Administrator\.m2\repository\org\apache\xmlgraphics\batik-constants\1.14\batik-constants-1.14.jar;C:\Users\Administrator\.m2\repository\org\apache\xmlgraphics\batik-i18n\1.14\batik-i18n-1.14.jar;C:\Users\Administrator\.m2\repository\org\apache\xmlgraphics\batik-awt-util\1.14\batik-awt-util-1.14.jar;C:\Users\Administrator\.m2\repository\org\apache\xmlgraphics\batik-bridge\1.14\batik-bridge-1.14.jar;C:\Users\Administrator\.m2\repository\org\apache\xmlgraphics\batik-script\1.14\batik-script-1.14.jar;C:\Users\Administrator\.m2\repository\org\apache\xmlgraphics\batik-xml\1.14\batik-xml-1.14.jar;C:\Users\Administrator\.m2\repository\org\apache\xmlgraphics\batik-extension\1.14\batik-extension-1.14.jar;C:\Users\Administrator\.m2\repository\org\apache\xmlgraphics\batik-gvt\1.14\batik-gvt-1.14.jar;C:\Users\Administrator\.m2\repository\org\apache\xmlgraphics\batik-transcoder\1.14\batik-transcoder-1.14.jar;C:\Users\Administrator\.m2\repository\org\apache\xmlgraphics\batik-svggen\1.14\batik-svggen-1.14.jar;C:\Users\Administrator\.m2\repository\com\lowagie\itext\2.1.7\itext-2.1.7.jar;C:\Users\Administrator\.m2\repository\bouncycastle\bcmail-jdk14\138\bcmail-jdk14-138.jar;C:\Users\Administrator\.m2\repository\bouncycastle\bcprov-jdk14\138\bcprov-jdk14-138.jar;C:\Users\Administrator\.m2\repository\org\bouncycastle\bctsp-jdk14\1.38\bctsp-jdk14-1.38.jar;C:\Users\Administrator\.m2\repository\org\bouncycastle\bcprov-jdk14\1.38\bcprov-jdk14-1.38.jar;C:\Users\Administrator\.m2\repository\org\bouncycastle\bcmail-jdk14\1.38\bcmail-jdk14-1.38.jar;C:\Users\Administrator\.m2\repository\com\documents4j\documents4j-transformer-msoffice-word\1.1.3\documents4j-transformer-msoffice-word-1.1.3.jar;C:\Users\Administrator\.m2\repository\com\documents4j\documents4j-transformer-msoffice-base\1.1.3\documents4j-transformer-msoffice-base-1.1.3.jar;C:\Users\Administrator\.m2\repository\com\documents4j\documents4j-transformer-api\1.1.3\documents4j-transformer-api-1.1.3.jar;C:\Users\Administrator\.m2\repository\com\documents4j\documents4j-util-all\1.1.3\documents4j-util-all-1.1.3.jar;C:\Users\Administrator\.m2\repository\com\documents4j\documents4j-util-transformer-process\1.1.3\documents4j-util-transformer-process-1.1.3.jar;C:\Users\Administrator\.m2\repository\org\springframework\boot\spring-boot-starter-data-jpa\2.4.5\spring-boot-starter-data-jpa-2.4.5.jar;C:\Users\Administrator\.m2\repository\org\springframework\boot\spring-boot-starter-aop\2.4.5\spring-boot-starter-aop-2.4.5.jar;C:\Users\Administrator\.m2\repository\org\springframework\spring-aop\5.3.6\spring-aop-5.3.6.jar;C:\Users\Administrator\.m2\repository\org\aspectj\aspectjweaver\1.9.6\aspectjweaver-1.9.6.jar;C:\Users\Administrator\.m2\repository\org\springframework\boot\spring-boot-starter-jdbc\2.4.5\spring-boot-starter-jdbc-2.4.5.jar;C:\Users\Administrator\.m2\repository\com\zaxxer\HikariCP\3.4.5\HikariCP-3.4.5.jar;C:\Users\Administrator\.m2\repository\org\springframework\spring-jdbc\5.3.6\spring-jdbc-5.3.6.jar;C:\Users\Administrator\.m2\repository\jakarta\transaction\jakarta.transaction-api\1.3.3\jakarta.transaction-api-1.3.3.jar;C:\Users\Administrator\.m2\repository\jakarta\persistence\jakarta.persistence-api\2.2.3\jakarta.persistence-api-2.2.3.jar;C:\Users\Administrator\.m2\repository\org\hibernate\hibernate-core\5.4.30.Final\hibernate-core-5.4.30.Final.jar;C:\Users\Administrator\.m2\repository\org\jboss\logging\jboss-logging\3.4.1.Final\jboss-logging-3.4.1.Final.jar;C:\Users\Administrator\.m2\repository\org\javassist\javassist\3.27.0-GA\javassist-3.27.0-GA.jar;C:\Users\Administrator\.m2\repository\net\bytebuddy\byte-buddy\1.10.22\byte-buddy-1.10.22.jar;C:\Users\Administrator\.m2\repository\org\jboss\jandex\2.2.3.Final\jandex-2.2.3.Final.jar;C:\Users\Administrator\.m2\repository\com\fasterxml\classmate\1.5.1\classmate-1.5.1.jar;C:\Users\Administrator\.m2\repository\org\dom4j\dom4j\2.1.3\dom4j-2.1.3.jar;C:\Users\Administrator\.m2\repository\org\hibernate\common\hibernate-commons-annotations\5.1.2.Final\hibernate-commons-annotations-5.1.2.Final.jar;C:\Users\Administrator\.m2\repository\org\springframework\data\spring-data-jpa\2.4.8\spring-data-jpa-2.4.8.jar;C:\Users\Administrator\.m2\repository\org\springframework\data\spring-data-commons\2.4.8\spring-data-commons-2.4.8.jar;C:\Users\Administrator\.m2\repository\org\springframework\spring-orm\5.3.6\spring-orm-5.3.6.jar;C:\Users\Administrator\.m2\repository\org\springframework\spring-tx\5.3.6\spring-tx-5.3.6.jar;C:\Users\Administrator\.m2\repository\org\springframework\spring-beans\5.3.6\spring-beans-5.3.6.jar;C:\Users\Administrator\.m2\repository\org\springframework\spring-aspects\5.3.6\spring-aspects-5.3.6.jar;C:\Users\Administrator\.m2\repository\fr\opensagres\xdocreport\fr.opensagres.poi.xwpf.converter.pdf\2.0.4\fr.opensagres.poi.xwpf.converter.pdf-2.0.4.jar;C:\Users\Administrator\.m2\repository\fr\opensagres\xdocreport\fr.opensagres.poi.xwpf.converter.core\2.0.4\fr.opensagres.poi.xwpf.converter.core-2.0.4.jar;C:\Users\Administrator\.m2\repository\org\apache\poi\poi-ooxml-full\5.2.0\poi-ooxml-full-5.2.0.jar;C:\Users\Administrator\.m2\repository\org\apache\logging\log4j\log4j-core\2.13.3\log4j-core-2.13.3.jar;C:\Users\Administrator\.m2\repository\fr\opensagres\xdocreport\fr.opensagres.xdocreport.itext.extension\2.0.4\fr.opensagres.xdocreport.itext.extension-2.0.4.jar;C:\Users\Administrator\.m2\repository\org\springframework\boot\spring-boot-starter-web\2.4.5\spring-boot-starter-web-2.4.5.jar;C:\Users\Administrator\.m2\repository\org\springframework\boot\spring-boot-starter-json\2.4.5\spring-boot-starter-json-2.4.5.jar;C:\Users\Administrator\.m2\repository\com\fasterxml\jackson\core\jackson-databind\2.11.4\jackson-databind-2.11.4.jar;C:\Users\Administrator\.m2\repository\com\fasterxml\jackson\core\jackson-annotations\2.11.4\jackson-annotations-2.11.4.jar;C:\Users\Administrator\.m2\repository\com\fasterxml\jackson\core\jackson-core\2.11.4\jackson-core-2.11.4.jar;C:\Users\Administrator\.m2\repository\com\fasterxml\jackson\datatype\jackson-datatype-jdk8\2.11.4\jackson-datatype-jdk8-2.11.4.jar;C:\Users\Administrator\.m2\repository\com\fasterxml\jackson\datatype\jackson-datatype-jsr310\2.11.4\jackson-datatype-jsr310-2.11.4.jar;C:\Users\Administrator\.m2\repository\com\fasterxml\jackson\module\jackson-module-parameter-names\2.11.4\jackson-module-parameter-names-2.11.4.jar;C:\Users\Administrator\.m2\repository\org\springframework\boot\spring-boot-starter-tomcat\2.4.5\spring-boot-starter-tomcat-2.4.5.jar;C:\Users\Administrator\.m2\repository\org\apache\tomcat\embed\tomcat-embed-core\9.0.45\tomcat-embed-core-9.0.45.jar;C:\Users\Administrator\.m2\repository\org\glassfish\jakarta.el\3.0.3\jakarta.el-3.0.3.jar;C:\Users\Administrator\.m2\repository\org\apache\tomcat\embed\tomcat-embed-websocket\9.0.45\tomcat-embed-websocket-9.0.45.jar;C:\Users\Administrator\.m2\repository\org\springframework\spring-web\5.3.6\spring-web-5.3.6.jar;C:\Users\Administrator\.m2\repository\org\springframework\spring-webmvc\5.3.6\spring-webmvc-5.3.6.jar;C:\Users\Administrator\.m2\repository\org\springframework\spring-expression\5.3.6\spring-expression-5.3.6.jar;C:\Users\Administrator\.m2\repository\com\baomidou\mybatis-plus-boot-starter\3.4.2\mybatis-plus-boot-starter-3.4.2.jar;C:\Users\Administrator\.m2\repository\com\baomidou\mybatis-plus\3.4.2\mybatis-plus-3.4.2.jar;C:\Users\Administrator\.m2\repository\com\baomidou\mybatis-plus-extension\3.4.2\mybatis-plus-extension-3.4.2.jar;C:\Users\Administrator\.m2\repository\com\baomidou\mybatis-plus-core\3.4.2\mybatis-plus-core-3.4.2.jar;C:\Users\Administrator\.m2\repository\com\baomidou\mybatis-plus-annotation\3.4.2\mybatis-plus-annotation-3.4.2.jar;C:\Users\Administrator\.m2\repository\com\github\jsqlparser\jsqlparser\4.0\jsqlparser-4.0.jar;C:\Users\Administrator\.m2\repository\org\mybatis\mybatis\3.5.6\mybatis-3.5.6.jar;C:\Users\Administrator\.m2\repository\org\mybatis\mybatis-spring\2.0.5\mybatis-spring-2.0.5.jar;C:\Users\Administrator\.m2\repository\org\projectlombok\lombok\1.18.20\lombok-1.18.20.jar;C:\Users\Administrator\.m2\repository\com\alibaba\fastjson\1.2.76\fastjson-1.2.76.jar;C:\Users\Administrator\.m2\repository\commons-lang\commons-lang\2.6\commons-lang-2.6.jar;C:\Users\Administrator\.m2\repository\org\apache\poi\poi-ooxml\5.2.3\poi-ooxml-5.2.3.jar;C:\Users\Administrator\.m2\repository\org\apache\poi\poi\5.2.3\poi-5.2.3.jar;C:\Users\Administrator\.m2\repository\org\apache\commons\commons-math3\3.6.1\commons-math3-3.6.1.jar;C:\Users\Administrator\.m2\repository\com\zaxxer\SparseBitSet\1.2\SparseBitSet-1.2.jar;C:\Users\Administrator\.m2\repository\org\apache\poi\poi-ooxml-lite\5.2.3\poi-ooxml-lite-5.2.3.jar;C:\Users\Administrator\.m2\repository\org\apache\xmlbeans\xmlbeans\5.1.1\xmlbeans-5.1.1.jar;C:\Users\Administrator\.m2\repository\com\github\virtuald\curvesapi\1.07\curvesapi-1.07.jar;C:\Users\Administrator\.m2\repository\org\apache\logging\log4j\log4j-api\2.13.3\log4j-api-2.13.3.jar;C:\Users\Administrator\.m2\repository\org\apache\commons\commons-collections4\4.4\commons-collections4-4.4.jar;C:\Users\Administrator\.m2\repository\commons-io\commons-io\2.11.0\commons-io-2.11.0.jar;C:\Users\Administrator\.m2\repository\mysql\mysql-connector-java\8.0.23\mysql-connector-java-8.0.23.jar;C:\Users\Administrator\.m2\repository\com\alibaba\druid-spring-boot-starter\1.1.23\druid-spring-boot-starter-1.1.23.jar;C:\Users\Administrator\.m2\repository\com\alibaba\druid\1.1.23\druid-1.1.23.jar
Launcher Type: SUN_STANDARD

[Global flags]
     intx CICompilerCount                          = 4                                         {product} {ergonomic}
     uint ConcGCThreads                            = 2                                         {product} {ergonomic}
     uint G1ConcRefinementThreads                  = 8                                         {product} {ergonomic}
   size_t G1HeapRegionSize                         = 2097152                                   {product} {ergonomic}
    uintx GCDrainStackTargetSize                   = 64                                        {product} {ergonomic}
   size_t InitialHeapSize                          = 266338304                                 {product} {ergonomic}
     bool ManagementServer                         = true                                      {product} {command line}
   size_t MarkStackSize                            = 4194304                                   {product} {ergonomic}
   size_t MaxHeapSize                              = 4255121408                                {product} {ergonomic}
   size_t MaxNewSize                               = 2552233984                                {product} {ergonomic}
   size_t MinHeapDeltaBytes                        = 2097152                                   {product} {ergonomic}
   size_t MinHeapSize                              = 8388608                                   {product} {ergonomic}
    uintx NonProfiledCodeHeapSize                  = 0                                      {pd product} {ergonomic}
     bool ProfileInterpreter                       = false                                  {pd product} {command line}
    uintx ProfiledCodeHeapSize                     = 0                                      {pd product} {ergonomic}
   size_t SoftMaxHeapSize                          = 4255121408                             {manageable} {ergonomic}
     intx TieredStopAtLevel                        = 1                                         {product} {command line}
     bool UseCompressedClassPointers               = true                           {product lp64_product} {ergonomic}
     bool UseCompressedOops                        = true                           {product lp64_product} {ergonomic}
     bool UseG1GC                                  = true                                      {product} {ergonomic}
     bool UseLargePagesIndividualAllocation        = false                                  {pd product} {ergonomic}

Logging:
Log output configuration:
 #0: stdout all=warning uptime,level,tags foldmultilines=false
 #1: stderr all=off uptime,level,tags foldmultilines=false

Environment Variables:
JAVA_HOME=F:\java
PATH=C:\Program Files\Common Files\Oracle\Java\javapath;G:\anaconda;G:\anaconda\Library\mingw-w64\bin;G:\anaconda\Library\usr\bin;G:\anaconda\Library\bin;G:\anaconda\Scripts;C:\Windows\system32;C:\Windows;C:\Windows\System32\Wbem;C:\Windows\System32\WindowsPowerShell\v1.0\;C:\Windows\System32\OpenSSH\;C:\Program Files (x86)\NVIDIA Corporation\PhysX\Common;C:\Program Files\Common Files\Autodesk Shared\;G:\ssh;G:\node\;G:\node\node_modules;G:\node\node_modules\node_modules;G:\node\node_modules\node_global;C:\Program Files\MySQL\MySQL Server 8.0\bin;C:\Program Files\dotnet\;G:\Program Files\MongoDB\Server\8.0\bin;G:\eds;g:\CURSOR\resources\app\bin;F:\javabin;G:\lbo\program;F:\maven\apache-maven-3.6.1\bin;D:\jdk\bin;C:\Users\Administrator\AppData\Local\Microsoft\WindowsApps;G:\node\node_global;;G:\pycharm\PyCharm 2024.2.4\bin;;G:\IntelliJ IDEA 2024.2.4\bin;;G:\CURSOR\resources\app\bin
USERNAME=Administrator
OS=Windows_NT
PROCESSOR_IDENTIFIER=Intel64 Family 6 Model 158 Stepping 10, GenuineIntel



---------------  S Y S T E M  ---------------

OS:
 Windows 10 , 64 bit Build 19041 (10.0.19041.5438)
OS uptime: 0 days 9:23 hours

CPU: total 8 (initial active 8) (4 cores per cpu, 2 threads per core) family 6 model 158 stepping 10 microcode 0xb4, cx8, cmov, fxsr, ht, mmx, 3dnowpref, sse, sse2, sse3, ssse3, sse4.1, sse4.2, popcnt, lzcnt, tsc, tscinvbit, avx, avx2, aes, erms, clmul, bmi1, bmi2, adx, fma, vzeroupper, clflush, clflushopt

Memory: 4k page, system-wide physical 16226M (2671M free)
TotalPageFile size 16226M (AvailPageFile size 4M)
current process WorkingSet (physical memory assigned to process): 85M, peak: 85M
current process commit charge ("private bytes"): 356M, peak: 356M

vm_info: Java HotSpot(TM) 64-Bit Server VM (18.0.2.1+1-1) for windows-amd64 JRE (18.0.2.1+1-1), built on Aug 16 2022 01:46:33 by "mach5one" with MS VC++ 16.8 / 16.9 (VS2019)

END.
